2013-1-29 21:3:36
128;252;102;161;138;108;7;20;s;win;Windows;7 or 8;85765585;3;0;0;124;1380;8192;2;2;0
128;252;102;201;173;194;64;99;s;unix;iOS;iPhone or iPad;409617867;3;1;0;60;1380;65535;2;4;0
183;60;153;75;128;252;102;98;s;unix;Linux;3.x;3473552393;1;0;0;43;1460;14600;1;0;0
69;162;64;185;128;252;19;18;s;win;Windows;XP;3473552393;3;0;0;119;1460;65535;2;0;0
74;125;133;141;128;252;19;18;g;win;Windows;XP;853641209;0;0;0;49;1430;14180;0;6;0
128;252;102;86;174;35;24;66;s;unix;iOS;iPhone or iPad;409617867;3;1;0;60;1380;65535;2;4;0
72;21;211;9;128;252;102;227;g;win;Windows;XP;2776361117;3;0;0;242;1360;8190;0;6;0
208;71;123;1;128;252;102;165;g;win;Windows;XP;118251589;3;0;0;247;1360;8190;0;0;0
199;127;194;80;128;252;101;169;g;win;Windows;XP;853641209;1;0;0;56;1460;14480;0;7;0
72;179;145;196;128;252;6;56;s;win;Windows;7 or 8;85765585;3;0;0;52;1460;8192;2;2;0
54;243;101;49;128;252;102;162;g;win;Windows;XP;853641209;1;0;0;47;1460;14480;0;8;0
174;35;24;66;128;252;102;86;g;win;Windows;XP;853641209;1;0;0;56;1460;64784;0;7;0
128;252;102;204;69;25;24;26;s;win;Windows;XP;409617867;3;1;0;60;1380;65535;2;1;0
66;114;53;9;128;252;102;86;g;win;Windows;XP;853641209;1;0;0;57;1460;64784;0;7;0
17;151;225;63;65;254;127;189;g;win;Windows;XP;118251589;3;0;0;243;1360;8190;0;0;0
93;152;167;80;128;252;173;95;s;win;Windows;7 or 8;85765585;3;0;0;116;1380;8192;2;8;0
17;154;66;17;128;252;102;211;g;win;Windows;XP;85765585;3;0;0;243;1360;8190;0;4;0
128;252;102;151;23;60;95;144;s;win;Windows;XP;409617867;3;1;0;60;1380;65535;2;1;0
63;215;202;9;65;254;127;186;g;win;Windows;XP;118251589;3;0;0;245;1360;8190;0;0;0
74;125;225;117;128;252;102;4;g;win;Windows;XP;853641209;0;0;0;57;1430;62392;0;6;0
128;252;102;165;64;208;138;151;s;win;Windows;XP;409617867;3;1;0;60;1380;65535;2;1;0
128;252;19;19;74;125;225;100;s;unix;Linux;2.6.x;853641209;3;0;0;62;1460;5840;1;7;0
23;60;95;144;128;252;102;151;g;win;Windows;XP;853641209;1;0;0;58;1460;14480;0;1;0
85;17;30;203;128;252;6;150;s;unix;Linux;3.x;1661676545;1;0;0;55;1460;14600;1;7;0
128;252;102;166;207;46;193;178;s;win;Windows;XP;409617867;3;1;0;60;1380;65535;2;1;0
128;252;102;188;157;55;235;151;s;win;Windows;XP;4032013835;3;1;0;61;1380;65535;2;0;0
128;252;88;241;4;27;250;126;s;win;Windows;7 or 8;85765585;3;0;0;125;1380;8192;2;8;0
69;74;223;244;128;252;130;23;s;win;Windows;XP;3473552393;3;0;0;117;1428;65535;2;0;0
128;252;130;23;69;74;223;244;s;win;Windows;7 or 8;3473552393;3;0;0;125;1380;8192;2;0;0
199;30;80;32;128;252;102;201;s;unix;Linux;3.x;1661676545;1;0;0;53;1460;14600;1;9;0
4;27;250;126;128;252;88;241;s;unix;Linux;2.6.x;1661676545;0;0;0;56;1460;5840;1;7;0
175;156;247;11;128;252;19;19;s;win;Windows;7 or 8;3473552393;3;0;0;110;1460;8192;2;0;0
69;171;235;16;65;254;127;187;g;win;Windows;XP;853641209;1;0;0;81;1460;14480;0;9;0
64;208;138;151;128;252;102;165;g;win;Windows;XP;853641209;1;0;0;55;1460;5792;0;9;0
65;254;127;186;72;21;91;19;s;unix;iOS;iPhone or iPad;409617867;3;1;0;60;1380;65535;2;4;0
128;252;20;193;111;111;111;111;s;win;Windows;7 or 8;85765585;3;0;0;126;1464;8192;2;2;0
17;151;225;56;65;254;127;189;g;win;Windows;XP;118251589;3;0;0;243;1360;8190;0;0;0
128;252;102;90;95;211;209;105;s;win;Windows;7 or 8;85765585;3;0;0;124;1380;8192;2;2;0
74;125;225;124;65;254;127;186;g;win;Windows;XP;853641209;0;0;0;57;1430;62392;0;6;0
72;21;91;19;65;254;127;186;s;unix;Linux;3.x;1661676545;1;0;0;58;1460;14600;1;6;0
180;177;78;66;128;252;19;18;s;win;Windows;XP;3473552393;3;0;0;113;1460;65535;2;0;0
128;252;19;18;180;177;78;66;s;unix;Linux;2.4-2.6;3473552393;1;0;0;62;1460;5840;1;0;0
71;9;37;5;128;252;17;223;s;win;Windows;7 or 8;85765585;3;0;0;115;1460;8192;2;2;0
204;102;224;82;128;252;43;238;s;win;Windows;7 or 8;85765585;3;0;0;112;1260;8192;2;2;0
128;252;110;195;208;85;108;202;s;win;Windows;7 or 8;85765585;3;0;0;125;1380;8192;2;2;0
128;252;102;214;74;125;225;111;s;win;Windows;XP;409617867;3;1;0;60;1380;65535;2;1;0
31;13;74;23;128;252;102;185;g;win;Windows;XP;853641209;1;0;0;88;1460;14480;0;9;0
128;252;50;24;174;154;210;6;s;win;Windows;XP;4146123721;4096;0;0;126;1380;16384;2;0;0
74;125;225;111;128;252;102;214;g;win;Windows;XP;853641209;0;0;0;57;1430;62392;0;6;0
70;242;140;134;128;252;251;50;s;win;Windows;7 or 8;85765585;3;0;0;119;1452;8192;2;2;0
50;16;248;21;128;252;110;202;s;unix;Linux;2.6.x;1661676545;1;0;0;53;1460;5840;1;8;0
128;252;110;200;74;125;225;118;s;win;Windows;7 or 8;85765585;3;0;0;125;1380;8192;2;2;0
54;243;222;88;128;252;110;228;s;unix;Linux;2.6.x;1661676545;1;0;0;49;1460;5840;1;8;0
128;252;0;1;146;246;89;59;g;win;Windows;XP;853641209;1;0;0;63;1460;5792;0;7;0
66;249;76;61;128;252;177;191;g;unix;Linux;2.2.x-3.x;1661676545;0;0;0;48;1430;62920;0;6;0
128;252;177;191;66;249;76;61;s;unix;Linux;3.x;1661676545;1;0;0;62;1460;14600;1;4;0
128;252;110;194;17;172;208;30;s;unix;iOS;iPhone or iPad;409617867;3;1;0;61;1380;65535;2;4;0
65;254;127;182;72;3;134;67;s;win;Windows;XP;409617867;3;1;0;60;1380;65535;2;1;0
218;30;103;138;128;252;202;246;g;unix;Linux;3.x;118251589;3;0;0;47;1460;14600;1;0;0
128;252;202;246;218;30;103;138;s;unix;Linux;3.x;118251589;1;0;0;62;1460;14600;1;0;0
123;241;8;24;128;252;19;18;s;unix;Mac OS X;10.x;409617867;3;1;0;44;1460;65535;2;3;0
23;0;165;34;128;252;11;235;s;unix;Linux;3.x;1661676545;1;0;0;56;1460;14600;1;1;0
128;252;102;203;220;181;181;229;s;win;Windows;7 or 8;3473552393;3;0;0;61;1380;8192;2;0;0
88;198;224;154;128;252;142;8;s;unix;Linux;2.4-2.6;118251589;1;0;0;50;1460;5840;1;0;0
141;11;0;145;128;252;19;19;g;win;Windows;XP;853641209;1;0;0;53;1460;5792;0;6;0
50;116;194;28;128;252;102;204;g;win;Windows;XP;118251589;3;0;0;246;1360;8190;0;0;0
196;0;4;85;128;252;102;219;s;win;Windows;7 or 8;3473552393;3;0;0;108;1460;8192;2;0;0
128;252;110;214;177;141;234;16;s;win;Windows;7 or 8;3473552393;3;0;0;125;1380;8192;2;0;0
65;254;127;189;31;13;74;23;s;unix;iOS;iPhone or iPad;409617867;3;1;0;60;1380;65535;2;4;0
31;13;74;10;128;252;102;202;s;unix;Linux;3.x;1661676545;1;0;0;88;1460;14600;1;9;0
126;126;119;33;128;252;20;193;s;win;Windows;XP;409617867;3;1;0;46;1414;65535;2;1;0
17;172;208;30;128;252;110;194;g;win;Windows;XP;118251589;3;0;0;246;1360;8190;0;0;0
122;49;149;162;128;252;110;204;s;win;Windows;7 or 8;3473552393;3;0;0;114;1452;8192;2;0;0
128;252;102;162;23;0;165;43;s;win;Windows;XP;409617867;3;1;0;60;1380;65535;2;1;0
110;6;196;189;128;252;19;19;s;win;Windows;7 or 8;85765585;3;0;0;114;1440;8192;2;2;0
75;75;160;98;128;252;110;195;s;win;Windows;7 or 8;85765585;3;0;0;115;1460;8192;2;8;0
172;20;66;125;209;132;183;44;g;unix;Linux;2.4.x-2.6.x;853641209;3;0;0;62;1460;5840;1;5;0
204;13;202;214;128;252;174;186;s;unix;Linux;2.4-2.6;3473552393;1;0;0;55;1460;5840;1;0;0
128;252;157;211;114;76;188;245;s;win;Windows;7 or 8;3473552393;3;0;0;125;1380;8192;2;0;0
208;93;139;180;128;252;102;162;g;win;Windows;XP;853641209;1;0;0;58;1460;5792;0;7;0
216;34;207;177;128;252;102;204;g;win;Windows;XP;118251589;3;0;0;242;1360;8190;0;0;0
84;202;168;215;128;252;102;195;s;unix;iOS;iPhone or iPad;409617867;3;1;0;50;1460;65535;2;4;0
128;252;102;171;204;2;197;201;s;win;Windows;XP;409617867;3;1;0;60;1380;65535;2;1;0
74;125;225;99;128;252;102;162;g;win;Windows;XP;853641209;0;0;0;57;1430;62392;0;6;0
128;252;102;3;167;8;226;13;g;unix;Linux;2.2.x-3.x;85765585;3;0;0;125;1380;63443;0;6;0
207;138;254;44;128;252;102;158;s;unix;Linux;2.6.x;1661676545;1;0;0;51;1460;5840;1;8;0
27;70;22;39;128;252;19;19;s;win;Windows;7 or 8;3473552393;3;0;0;113;1392;8192;2;0;0
128;252;153;27;64;57;23;210;s;unix;Linux;3.x;853641209;3;0;0;62;1460;14600;1;7;0
128;252;102;155;63;233;92;80;s;win;Windows;7 or 8;85765585;3;0;0;124;1380;8192;2;2;0
173;234;12;123;128;252;19;18;s;win;Windows;XP;3473552393;3;0;0;116;1456;65535;2;0;0
183;171;168;95;128;252;102;203;s;win;Windows;7 or 8;947159361;3;0;0;111;1400;8192;2;0;0
123;126;42;251;128;252;102;86;s;unix;Linux;2.4-2.6;118251589;1;0;0;50;1460;5840;1;0;0
128;252;43;5;169;230;107;182;s;win;Windows;7 or 8;3473552393;3;0;0;125;1380;8192;2;0;0
115;132;195;242;128;252;102;201;s;win;Windows;XP;4032013835;3;1;0;54;1400;65535;2;0;0
64;94;107;17;128;252;102;186;s;unix;Linux;2.6.x;2776361117;1;0;0;53;1460;5840;1;7;0
23;0;165;41;128;252;115;133;s;unix;Linux;3.x;1661676545;1;0;0;56;1460;14600;1;1;0
23;19;26;188;128;252;19;18;s;win;Windows;XP;3473552393;3;0;0;119;1456;65535;2;0;0
74;125;224;207;128;252;110;193;g;win;Windows;XP;3473552393;0;0;0;52;1430;62920;0;0;0
199;126;173;8;128;252;157;211;s;win;Windows;7 or 8;85765585;3;0;0;121;1460;8192;2;8;0
31;13;65;7;65;254;127;186;g;win;Windows;XP;853641209;1;0;0;87;1460;14480;0;9;0
110;49;241;114;128;252;90;208;s;win;Windows;7 or 8;3473552393;3;0;0;109;1460;8192;2;0;0
110;49;249;114;128;252;180;51;s;win;Windows;7 or 8;3473552393;3;0;0;109;1460;8192;2;0;0
173;194;64;99;128;252;102;201;g;win;Windows;XP;853641209;0;0;0;49;1430;14180;0;6;0
150;135;210;66;128;252;127;90;s;win;Windows;7 or 8;85765585;3;0;0;45;1380;8192;2;8;0
74;125;225;109;128;252;102;201;g;win;Windows;XP;1661676545;0;0;0;57;1430;62920;0;6;0
206;72;206;242;128;252;57;117;s;unix;Linux;3.x;1661676545;1;0;0;54;1460;14600;1;8;0
37;59;37;156;128;252;157;211;s;unix;Linux;3.x;1661676545;1;0;0;55;1460;14600;1;5;0
12;130;81;228;128;252;102;227;g;win;Windows;XP;644227027;3;1;0;245;1460;4140;0;0;0
180;76;6;212;128;252;87;149;s;unix;Linux;2.6.x;3534738933;3;0;0;52;1460;5840;1;7;0
208;43;93;200;128;252;118;43;s;win;Windows;7 or 8;2166136261;3;0;0;102;0;8192;2;0;0
128;252;87;149;180;76;6;212;g;win;Windows;XP;644227027;3;1;0;253;1380;4140;0;0;0
65;254;127;221;107;14;44;66;s;unix;iOS;iPhone or iPad;409617867;3;1;0;60;1380;65535;2;4;0
77;67;86;98;65;254;127;186;g;win;Windows;XP;853641209;1;0;0;58;1460;14480;0;1;0
128;252;102;186;76;103;214;255;s;win;Windows;7 or 8;3473552393;3;0;0;125;1380;8192;2;0;0
128;252;98;48;97;91;255;93;s;win;Windows;7 or 8;3473552393;3;0;0;126;1380;8192;2;0;0
128;252;127;90;150;135;210;66;s;unix;Linux;2.6.x;1661676545;1;0;0;60;1460;5840;1;7;0
113;23;32;80;128;252;129;76;s;win;Windows;7 or 8;3473552393;3;0;0;109;1452;8192;2;0;0
128;252;102;205;97;102;163;214;s;win;Windows;7 or 8;85765585;3;0;0;125;1380;8192;2;2;0
128;252;89;57;95;166;79;198;s;win;Windows;7 or 8;85765585;3;0;0;126;1460;8192;2;8;0
199;27;74;193;65;254;127;186;g;win;Windows;XP;853641209;1;0;0;59;1460;14480;0;9;0
98;138;47;199;128;252;102;207;s;unix;Linux;2.4-2.6;3473552393;1;0;0;51;1460;5840;1;0;0
8;12;200;253;128;252;102;182;g;win;Windows;XP;853641209;0;0;0;56;1460;5792;0;7;0
128;252;102;172;129;7;255;96;s;win;Windows;7 or 8;3473552393;3;0;0;124;1380;8192;2;0;0
17;151;225;60;65;254;127;189;g;win;Windows;XP;118251589;3;0;0;243;1360;8190;0;0;0
107;14;44;66;65;254;127;221;g;win;Windows;XP;853641209;1;0;0;58;1460;14480;0;1;0
112;90;138;77;128;252;20;193;s;unix;Linux;2.4-2.6;118251589;1;0;0;46;1460;5840;1;0;0
173;234;159;30;128;252;19;18;s;win;Windows;XP;3473552393;3;0;0;116;1456;65535;2;0;0
76;255;187;110;128;252;102;201;s;win;Windows;7 or 8;3473552393;3;0;0;116;1460;8192;2;0;0
128;252;102;7;68;118;225;89;s;win;Windows;7 or 8;85765585;3;0;0;125;1380;8192;2;2;0
65;254;127;187;74;125;225;96;s;win;Windows;7 or 8;85765585;3;0;0;124;1380;8192;2;8;0
70;33;217;27;128;252;6;150;s;unix;Linux;3.x;118251589;1;0;0;54;1460;14600;1;0;0
207;171;162;75;128;252;102;190;g;win;Windows;XP;2776361117;3;0;0;244;1360;8190;0;6;0
64;94;107;63;65;254;127;186;s;unix;Linux;2.6.x;2776361117;1;0;0;53;1460;5840;1;7;0
207;46;4;182;128;252;102;172;g;win;Windows;XP;409617867;3;1;0;245;1460;4140;0;0;0
128;252;102;190;206;125;41;33;s;win;Windows;XP;409617867;3;1;0;60;1380;65535;2;1;0
66;249;73;71;128;252;177;194;g;unix;Linux;2.2.x-3.x;1661676545;0;0;0;49;1430;62920;0;6;0
65;52;250;226;128;252;130;102;s;win;Windows;7 or 8;85765585;3;0;0;116;1440;8192;2;8;0
128;252;102;199;74;125;133;125;s;unix;iOS;iPhone or iPad;409617867;3;1;0;60;1380;65535;2;4;0
202;131;28;39;128;252;231;74;s;unix;Linux;2.4-2.6;118251589;1;0;0;50;1460;5840;1;0;0
71;105;54;15;128;252;110;212;s;win;Windows;XP;409617867;3;1;0;52;1460;65535;2;1;0
63;233;92;57;128;252;102;190;g;win;Windows;XP;853641209;1;0;0;56;1460;14480;0;1;0
168;63;149;225;128;252;121;132;s;win;Windows;7 or 8;85765585;3;0;0;111;1440;8192;2;8;0
128;252;121;132;168;63;149;225;s;unix;FreeBSD;8.x;644227027;3;1;0;62;1460;65535;2;3;0
204;11;51;34;65;254;127;189;g;win;Windows;XP;644227027;3;1;0;247;1460;4140;0;0;0
115;91;153;146;65;254;127;222;s;win;Windows;XP;3473552393;3;0;0;107;1460;65535;2;0;0
128;252;102;182;8;12;200;253;s;unix;Mac OS X;10.x;409617867;3;1;0;60;1380;65535;2;3;0
24;207;139;216;128;252;6;39;s;unix;Mac OS X;10.x;409617867;3;1;0;53;1460;65535;2;3;0
74;125;225;101;65;254;127;187;g;win;Windows;XP;1661676545;0;0;0;57;1430;62920;0;6;0
128;252;110;196;94;171;150;250;g;win;Windows;NT kernel 6.x;409617867;3;1;0;61;1380;8192;2;3;0
74;125;133;125;128;252;102;199;g;win;Windows;XP;853641209;0;0;0;49;1430;14180;0;6;0
208;111;168;6;128;252;110;201;g;win;Windows;XP;1809663017;3;0;0;58;1380;65535;0;4;0
23;0;165;17;128;252;102;219;s;unix;Linux;3.x;1661676545;1;0;0;56;1460;14600;1;1;0
222;168;184;247;128;252;19;19;s;win;Windows;XP;85765585;3;0;0;44;1440;65535;2;0;0
128;252;110;208;184;105;67;88;s;win;Windows;7 or 8;85765585;3;0;0;61;1380;8192;2;2;0
116;12;58;253;128;252;102;207;s;unix;Mac OS X;10.x;409617867;3;1;0;47;1440;65535;2;3;0
37;1;144;20;128;252;110;206;s;unix;Linux;3.x;2776361117;1;0;0;53;1460;14600;1;8;0
65;254;127;184;93;184;216;229;s;unix;iOS;iPhone or iPad;409617867;3;1;0;60;1380;65535;2;4;0
128;252;110;228;208;111;168;6;s;win;Windows;7 or 8;85765585;3;0;0;125;1380;8192;2;2;0
128;252;102;198;31;13;65;7;s;unix;iOS;iPhone or iPad;409617867;3;1;0;60;1380;65535;2;4;0
74;125;142;189;65;254;127;217;g;win;Windows;XP;853641209;0;0;0;49;1430;14180;0;6;0
128;252;6;150;70;33;217;27;s;win;Windows;7 or 8;85765585;3;0;0;126;1380;8192;2;8;0
93;184;216;229;65;254;127;184;s;unix;Linux;3.x;1661676545;1;0;0;57;1460;14600;1;6;0
83;66;110;161;128;252;105;2;s;win;Windows;7 or 8;85765585;3;0;0;116;1400;8192;2;2;0
128;252;105;2;83;66;110;161;g;win;Windows;XP;118251589;0;0;0;61;1380;4096;0;0;0
61;135;218;32;128;252;110;208;g;win;Windows;XP;853641209;1;0;0;47;1460;5792;0;9;0
64;236;85;98;128;252;102;190;g;win;Windows;XP;85765585;3;0;0;245;1360;8190;0;3;0
128;252;102;209;69;171;248;16;s;unix;Mac OS X;10.x;409617867;3;1;0;60;1380;65535;2;3;0
128;252;102;228;207;46;198;117;s;unix;iOS;iPhone or iPad;409617867;3;1;0;60;1380;65535;2;4;0
108;219;102;85;128;252;6;39;s;unix;Mac OS X;10.x;409617867;3;1;0;45;1460;65535;2;3;0
116;123;129;160;128;252;102;162;s;win;Windows;7 or 8;3473552393;3;0;0;113;1460;8192;2;0;0
178;255;215;66;128;252;202;246;g;unix;Linux;2.2.x-3.x;853641209;3;0;0;50;1380;5840;0;7;0
205;251;253;81;128;252;66;11;s;unix;Linux;2.6.x;1661676545;1;0;0;57;1460;5840;1;8;0
93;188;35;215;128;252;177;191;s;win;Windows;7 or 8;85765585;3;0;0;110;1460;8192;2;2;0
207;46;198;117;128;252;102;228;g;win;Windows;XP;409617867;3;1;0;247;1460;4140;0;0;0
123;240;0;212;128;252;19;18;s;win;Windows;7 or 8;85765585;3;0;0;107;1460;8192;2;2;0
173;194;64;105;128;252;102;153;s;unix;Linux;3.x;3473552393;0;0;0;49;1430;14300;1;0;0
78;38;150;218;128;252;19;19;s;win;Windows;7 or 8;85765585;3;0;0;45;1440;8192;2;2;0
128;252;110;215;174;109;14;94;s;win;Windows;7 or 8;85765585;3;0;0;125;1380;8192;2;2;0
173;194;64;104;65;254;127;189;g;win;Windows;XP;853641209;0;0;0;49;1430;14180;0;6;0
205;251;253;125;128;252;102;190;g;win;Windows;XP;853641209;1;0;0;57;1460;5792;0;8;0
46;105;113;8;128;252;50;49;s;unix;Linux;3.x;853641209;3;0;0;55;1460;14600;1;7;0
165;254;94;49;65;254;127;182;s;unix;Linux;3.x;1661676545;1;0;0;58;1460;14600;1;1;0
128;252;110;212;92;62;224;21;s;win;Windows;7 or 8;85765585;3;0;0;125;1380;8192;2;2;0
24;185;106;151;128;252;102;7;s;unix;iOS;iPhone or iPad;409617867;3;1;0;53;1460;65535;2;4;0
23;0;165;26;128;252;231;74;g;win;Windows;XP;853641209;1;0;0;56;1460;14480;0;1;0
205;251;253;21;128;252;102;190;g;win;Windows;XP;853641209;1;0;0;57;1460;5792;0;8;0
108;90;236;77;128;252;143;174;s;win;Windows;7 or 8;85765585;3;0;0;116;1460;8192;2;8;0
123;193;179;118;128;252;19;18;s;win;Windows;7 or 8;85765585;3;0;0;112;1460;8192;2;2;0
128;252;110;226;4;28;136;36;s;win;Windows;7 or 8;85765585;3;0;0;125;1380;8192;2;2;0
131;179;141;15;128;252;153;27;g;win;Windows;XP;853641209;1;0;0;48;1340;14480;0;7;0
79;107;64;108;128;252;110;201;s;win;Windows;7 or 8;85765585;3;0;0;115;1452;8192;2;2;0
199;101;162;41;128;252;29;10;g;unix;Linux;2.2.x-3.x;853641209;8195;0;0;53;1460;5792;0;7;0
128;252;29;10;199;101;162;41;s;unix;OpenBSD;5.x;1809663017;3;0;0;62;1460;16384;2;3;0
128;252;80;97;50;97;101;114;s;win;Windows;7 or 8;85765585;3;0;0;125;1380;8192;2;8;0
92;140;24;15;128;252;110;214;s;win;Windows;XP;409617867;3;1;0;51;1452;65535;2;1;0
69;162;66;153;128;252;19;18;s;win;Windows;XP;3473552393;3;0;0;119;1460;65535;2;0;0
17;164;0;39;128;252;110;196;g;win;Windows;XP;118251589;3;0;0;245;1360;8190;0;0;0
64;31;36;238;128;252;19;18;s;win;Windows;XP;3473552393;3;0;0;54;1460;65535;2;0;0
128;252;102;193;50;97;149;232;s;win;Windows;7 or 8;85765585;3;0;0;124;1380;8192;2;2;0
24;84;76;247;128;252;102;208;s;win;Windows;7 or 8;85765585;3;0;0;112;1460;8192;2;2;0
184;155;3;241;128;252;102;183;s;unix;iOS;iPhone or iPad;409617867;3;1;0;52;1460;65535;2;4;0
50;97;101;114;128;252;80;97;s;unix;Linux;3.x;1661676545;1;0;0;54;1460;14600;1;9;0
64;94;107;41;65;254;127;189;s;unix;Linux;2.6.x;2776361117;1;0;0;53;1460;5840;1;7;0
50;23;94;74;128;252;155;4;s;unix;Linux;2.6.x;853641209;3;0;0;53;1460;5840;1;7;0
128;252;102;187;189;10;68;111;s;win;Windows;7 or 8;85765585;3;0;0;125;1380;8192;2;2;0
128;252;21;205;218;30;103;138;s;win;Windows;XP;118251589;0;0;0;126;1460;16384;2;0;0
50;97;149;232;128;252;102;193;s;unix;Linux;2.6.x;1661676545;1;0;0;54;1460;5840;1;9;0
107;21;211;180;128;252;118;163;g;win;Windows;XP;853641209;1;0;0;47;1460;5792;0;8;0
23;21;72;43;65;254;127;189;s;unix;Linux;3.x;1661676545;1;0;0;46;1460;14600;1;8;0
174;109;14;94;128;252;110;215;s;unix;Linux;3.x;1661676545;1;0;0;54;1460;14600;1;7;0
128;252;102;153;23;60;209;145;s;win;Windows;7 or 8;85765585;3;0;0;124;1380;8192;2;2;0
129;82;138;48;128;252;153;27;g;win;Windows;XP;853641209;1;0;0;52;1460;14480;0;6;0
66;249;73;110;128;252;202;16;g;unix;Linux;2.2.x-3.x;1661676545;0;0;0;49;1430;62920;0;6;0
50;18;113;173;128;252;102;199;g;win;Windows;XP;853641209;1;0;0;51;1460;14480;0;8;0
128;252;101;169;199;127;194;185;s;win;Windows;XP;409617867;3;1;0;62;1460;65535;2;1;0
75;13;128;245;128;252;6;39;s;win;Windows;7 or 8;3473552393;3;0;0;116;1460;8192;2;0;0
24;5;33;224;128;252;102;154;s;win;Windows;XP;4032013835;3;1;0;53;1460;65535;2;0;0
128;252;102;202;208;111;168;7;s;win;Windows;7 or 8;3473552393;3;0;0;60;1380;8192;2;0;0
128;252;102;227;165;254;94;11;s;unix;iOS;iPhone or iPad;409617867;3;1;0;60;1380;65535;2;4;0
107;194;116;248;128;252;110;214;s;unix;Mac OS X;10.x;409617867;3;1;0;52;1460;65535;2;3;0
128;252;110;197;92;47;226;213;s;win;Windows;7 or 8;85765585;3;0;0;125;1380;8192;2;2;0
199;27;74;131;128;252;102;161;s;unix;Linux;3.x;1661676545;1;0;0;59;1460;14600;1;9;0
70;44;198;227;128;252;110;198;s;win;Windows;7 or 8;85765585;3;0;0;117;1460;8192;2;2;0
23;23;110;58;128;252;102;194;g;win;Windows;XP;853641209;1;0;0;45;1460;14480;0;7;0
92;225;36;23;128;252;102;7;g;win;Windows;XP;644227027;3;1;0;50;1460;65535;0;2;0
199;127;194;185;128;252;101;169;g;win;Windows;XP;853641209;1;0;0;57;1460;14480;0;7;0
63;233;92;67;128;252;102;190;g;win;Windows;XP;853641209;1;0;0;56;1460;14480;0;1;0
23;13;108;20;65;254;127;189;s;unix;Linux;3.x;1661676545;1;0;0;58;1460;14600;1;1;0
23;21;160;167;128;252;101;169;s;unix;Linux;2.6.x;1661676545;1;0;0;48;1460;5840;1;9;0
128;252;177;196;128;210;131;36;s;unix;Linux;3.x;853641209;3;0;0;62;1460;14600;1;4;0
157;55;130;165;128;252;102;188;g;win;Windows;XP;853641209;1;0;0;56;1460;14480;0;9;0
71;228;74;191;128;252;102;187;s;win;Windows;7 or 8;3473552393;3;0;0;116;1460;8192;2;0;0
128;252;202;44;210;7;50;100;s;unix;Linux;3.x;853641209;3;0;0;62;1460;14600;1;7;0
79;89;193;40;128;252;156;184;g;unix;Linux;2.2.x-3.x;853641209;3;0;0;45;1452;5840;0;2;0
207;197;61;109;128;252;102;175;s;win;Windows;XP;4032013835;3;1;0;47;1460;65535;2;0;0
128;252;102;218;99;195;15;202;s;unix;iOS;iPhone or iPad;409617867;3;1;0;61;1380;65535;2;4;0
50;116;194;24;128;252;102;190;g;win;Windows;XP;118251589;3;0;0;246;1360;8190;0;0;0
128;252;102;211;66;235;139;153;s;unix;iOS;iPhone or iPad;409617867;3;1;0;60;1380;65535;2;4;0
128;252;102;195;117;203;144;32;s;unix;iOS;iPhone or iPad;409617867;3;1;0;61;1380;65535;2;4;0
205;251;253;129;128;252;102;190;g;win;Windows;XP;853641209;1;0;0;57;1460;5792;0;8;0
178;255;83;2;65;254;127;182;g;win;Windows;XP;853641209;1;0;0;57;1460;5792;0;8;0
205;251;253;77;128;252;102;190;g;win;Windows;XP;853641209;1;0;0;57;1460;5792;0;8;0
159;251;13;7;128;252;6;56;s;win;Windows;7 or 8;3473552393;3;0;0;116;1380;8192;2;0;0
173;241;242;43;128;252;102;190;g;win;Windows;XP;118251589;3;0;0;246;1360;8190;0;0;0
128;252;102;194;23;23;110;58;s;unix;Mac OS X;10.x;409617867;3;1;0;60;1380;65535;2;3;0
64;120;60;156;128;252;19;18;s;win;Windows;XP;3473552393;3;0;0;121;1456;65535;2;0;0
128;252;102;5;31;13;74;23;s;win;Windows;XP;409617867;3;1;0;61;1380;65535;2;1;0
66;249;73;202;128;252;50;49;g;unix;Linux;2.2.x-3.x;1661676545;0;0;0;49;1430;62920;0;6;0
209;132;183;49;128;252;212;187;g;win;Windows;XP;409617867;3;1;0;242;1360;4080;0;0;0
64;94;43;110;128;252;110;202;s;unix;Linux;2.6.x;1661676545;1;0;0;54;1460;5840;1;8;0
23;60;85;29;128;252;102;187;s;unix;Linux;3.x;1661676545;1;0;0;58;1460;14600;1;1;0
114;46;113;43;128;252;19;21;g;win;Windows;NT kernel 5.x;85765585;3;0;0;48;1440;65535;2;14;0
78;46;106;21;128;252;8;158;s;win;Windows;XP;3473552393;128;0;0;114;1460;65535;2;0;0
112;150;70;155;128;252;102;155;s;win;Windows;7 or 8;3473552393;3;0;0;109;1460;8192;2;0;0
128;252;102;200;72;21;91;111;s;win;Windows;XP;409617867;3;1;0;61;1380;65535;2;1;0
76;105;136;52;128;252;6;39;s;win;Windows;XP;409617867;3;1;0;51;1460;65535;2;1;0
128;252;110;206;98;183;142;51;s;win;Windows;7 or 8;85765585;3;0;0;125;1380;8192;2;2;0
128;252;110;229;69;171;248;16;s;win;Windows;7 or 8;85765585;3;0;0;125;1380;8192;2;2;0
97;91;248;48;128;252;6;39;s;win;Windows;XP;85765585;3;0;0;53;1460;65535;2;0;0
72;21;91;111;128;252;102;200;s;unix;Linux;3.x;1661676545;1;0;0;57;1460;14600;1;6;0
1;237;16;10;65;254;127;182;s;unix;Linux;2.0;3473552393;3;0;0;112;1460;16384;2;0;0
69;25;24;23;128;252;110;197;g;win;Windows;XP;85765585;0;0;0;246;1360;8190;0;4;0
72;21;215;232;128;252;102;190;g;win;Windows;XP;2776361117;3;0;0;244;1360;8190;0;6;0
128;252;102;208;184;73;105;115;s;win;Windows;7 or 8;85765585;3;0;0;124;1380;8192;2;8;0
23;0;165;10;128;252;102;184;s;unix;Linux;3.x;1661676545;1;0;0;56;1460;14600;1;1;0
173;192;115;20;128;252;102;190;g;win;Windows;XP;118251589;3;0;0;245;1360;8190;0;0;0
220;181;181;229;128;252;102;203;s;unix;Linux;2.4-2.6;3473552393;1;0;0;46;1460;5840;1;0;0
63;245;193;62;128;252;102;210;g;win;Windows;XP;853641209;1;0;0;50;1460;14480;0;7;0
69;171;248;16;128;252;110;229;s;unix;Linux;3.x;1661676545;1;0;0;82;1460;14600;1;9;0
71;194;238;123;128;252;110;204;s;win;Windows;7 or 8;85765585;3;0;0;118;1460;8192;2;8;0
70;70;171;37;128;252;110;214;s;unix;iOS;iPhone or iPad;409617867;3;1;0;52;1460;65535;2;4;0
12;192;93;53;128;252;202;44;s;unix;FreeBSD;8.x;1809663017;3;0;0;52;1460;65535;2;3;0
174;232;16;19;128;252;32;78;s;unix;iOS;iPhone or iPad;409617867;3;1;0;51;1410;65535;2;4;0
198;78;201;126;128;252;102;190;g;win;Windows;XP;853641209;0;0;0;55;1460;5792;0;7;0
208;64;202;69;128;252;102;5;s;unix;Linux;2.6.x;1661676545;1;0;0;53;1460;5840;1;7;0
180;183;92;137;128;252;27;189;s;win;Windows;7 or 8;85765585;3;0;0;113;1360;8192;2;8;0
128;252;27;189;180;183;92;137;g;win;Windows;XP;1661676545;1;0;0;61;1380;14600;0;7;0
93;184;215;248;128;252;102;194;s;unix;Linux;2.4-2.6;1661676545;1;0;0;58;1460;5840;1;0;0
171;107;197;22;65;254;127;182;s;win;Windows;7 or 8;85765585;3;0;0;47;1440;8192;2;2;0
188;50;95;117;128;252;110;196;s;win;Windows;7 or 8;3473552393;3;0;0;114;1442;8192;2;0;0
72;32;117;60;128;252;88;241;s;unix;Linux;2.6.x;1661676545;1;0;0;52;1460;5840;1;9;0
98;183;142;51;128;252;110;206;s;win;Windows;7 or 8;85765585;3;0;0;53;1460;8192;2;8;0
64;212;198;18;128;252;102;155;g;win;Windows;XP;853641209;1;0;0;59;1460;14480;0;4;0
157;55;235;151;128;252;102;188;g;win;Windows;XP;853641209;1;0;0;54;1460;14480;0;9;0
75;167;255;118;128;252;6;56;s;win;Windows;7 or 8;85765585;3;0;0;118;1452;8192;2;2;0
66;235;155;19;128;252;88;241;g;win;Windows;XP;644227027;3;1;0;246;1460;4140;0;0;0
59;33;254;218;128;252;199;248;s;unix;Mac OS X;10.x;4146123721;4099;0;0;47;1380;65535;2;3;0
66;235;143;118;128;252;88;241;g;win;Windows;XP;644227027;3;1;0;246;1460;4140;0;0;0
128;252;102;184;23;0;165;10;s;win;Windows;7 or 8;85765585;3;0;0;124;1380;8192;2;2;0
199;38;164;150;128;252;110;201;g;win;Windows;XP;644227027;3;1;0;244;1460;4140;0;0;0
76;12;124;84;128;252;66;170;s;win;Windows;XP;3473552393;3;0;0;117;1460;65535;2;0;0
128;252;66;170;76;12;124;84;s;win;Windows;7 or 8;3473552393;3;0;0;126;1460;8192;2;0;0
111;221;77;147;128;252;102;188;g;win;Windows;XP;853641209;1;0;0;49;1460;14480;0;9;0
108;61;19;115;128;252;110;206;g;win;Windows;XP;853641209;1;0;0;55;1460;65160;0;11;0
82;131;34;98;128;252;212;60;s;win;Windows;7 or 8;85765585;3;0;0;119;1464;8192;2;2;0
17;171;60;16;65;254;127;184;g;win;Windows;XP;3473552393;3;0;0;247;1360;8190;0;0;0
23;23;169;39;128;252;231;145;g;win;Windows;XP;853641209;1;0;0;45;1460;14480;0;8;0
128;252;130;41;108;160;161;177;s;win;Windows;7 or 8;85765585;3;0;0;125;1380;8192;2;8;0
69;203;133;133;128;252;102;195;g;unix;Linux;2.2.x-3.x (barebone;85765585;3;0;0;116;1460;64240;0;0;0
128;252;110;198;64;94;107;63;s;unix;Mac OS X;10.x;409617867;3;1;0;61;1380;65535;2;3;0
67;215;237;180;128;252;110;206;g;win;Windows;XP;1809663017;3;0;0;118;1380;8192;0;3;0
128;252;78;125;206;55;122;121;s;win;Windows;7 or 8;3473552393;3;0;0;126;1380;8192;2;0;0
111;221;74;21;128;252;102;188;g;win;Windows;XP;853641209;1;0;0;48;1460;14480;0;9;0
112;90;143;156;128;252;110;208;s;unix;Linux;2.6.x;1661676545;1;0;0;46;1400;5600;1;2;0
107;200;66;19;128;252;6;39;s;win;Windows;XP;409617867;3;1;0;52;1460;65535;2;1;0
61;90;43;57;128;252;19;18;g;unix;Linux;2.2.x-3.x (barebone;644227027;3;1;0;244;1460;4380;0;0;0
109;65;221;25;128;252;102;195;s;win;Windows;7 or 8;1809663017;3;0;0;115;1452;8192;2;8;0
108;168;159;136;128;252;102;187;g;win;Windows;XP;853641209;1;0;0;54;1460;14480;0;5;0
17;164;0;75;128;252;102;188;g;win;Windows;XP;118251589;3;0;0;246;1360;8190;0;0;0
128;252;110;202;4;53;202;10;s;win;Windows;7 or 8;85765585;3;0;0;125;1380;8192;2;8;0
109;77;4;116;128;252;110;212;s;win;Windows;7 or 8;3473552393;3;0;0;117;1412;8192;2;0;0
128;252;102;160;107;6;111;133;g;unix;Linux;2.2.x-3.x;853641209;3;0;0;60;1380;5840;0;4;0
67;177;145;112;128;252;102;201;s;win;Windows;7 or 8;3473552393;3;0;0;118;1460;8192;2;0;0
74;125;225;123;128;252;110;201;g;win;Windows;XP;1661676545;0;0;0;57;1430;62920;0;6;0
71;14;183;42;128;252;80;245;s;win;Windows;XP;409617867;3;1;0;53;1460;65535;2;1;0
221;204;188;72;128;252;20;193;s;win;Windows;XP;3473552393;0;0;0;112;1460;16384;2;0;0
128;252;35;61;67;202;94;93;s;unix;Linux;3.x;853641209;3;0;0;62;1460;14600;1;7;0
206;55;122;121;128;252;78;125;s;unix;Linux;2.4-2.6;3473552393;1;0;0;49;1460;5840;1;0;0
24;60;224;4;128;252;102;7;s;win;Windows;XP;409617867;3;1;0;52;1460;65535;2;1;0
216;219;116;244;128;252;226;193;g;win;Windows;XP;118251589;3;0;0;241;1360;8190;0;0;0
67;202;94;93;128;252;35;61;g;win;Windows;XP;853641209;1;0;0;55;1460;2896;0;1;0
108;160;161;177;128;252;130;41;s;unix;Linux;3.x;1661676545;1;0;0;55;1460;14600;1;9;0
98;155;229;201;128;252;110;214;s;win;Windows;XP;409617867;3;1;0;50;1460;65535;2;1;0
142;4;117;20;128;252;19;18;s;win;Windows;XP;3473552393;3;0;0;117;1460;65535;2;0;0
173;155;74;102;128;252;21;110;g;unix;Linux;2.4.x-2.6.x;853641209;3;0;0;48;1432;5728;1;3;0
128;252;110;201;74;125;225;123;s;win;Windows;7 or 8;85765585;3;0;0;125;1380;8192;2;2;0
128;252;102;158;50;18;23;81;s;win;Windows;7 or 8;85765585;3;0;0;124;1380;8192;2;2;0
128;252;156;184;60;248;111;118;s;win;Windows;7 or 8;3473552393;3;0;0;125;1380;8192;2;0;0
128;252;102;213;17;158;36;54;s;unix;Mac OS X;10.x;409617867;3;1;0;60;1380;65535;2;3;0
74;86;56;202;128;252;176;137;s;win;Windows;XP;3473552393;3;0;0;118;1460;65535;2;0;0
27;130;83;21;128;252;110;214;s;win;Windows;XP;409617867;3;1;0;51;1400;65535;2;1;0
95;211;211;102;65;254;127;184;g;win;Windows;XP;853641209;1;0;0;55;1460;14480;0;7;0
108;62;17;238;128;252;19;18;s;win;Windows;XP;3473552393;3;0;0;119;1456;65535;2;0;0
180;76;5;191;128;252;50;49;s;unix;Linux;2.6.x;3534738933;3;0;0;46;1460;5840;1;7;0
4;53;202;10;128;252;110;202;s;win;Windows;7 or 8;3473552393;3;0;0;118;1460;8192;2;0;0
54;243;154;237;128;252;102;2;g;win;Windows;XP;853641209;1;0;0;47;1460;5792;0;8;0
38;117;232;58;128;252;0;9;g;unix;Linux;2.2.x-3.x (barebone;118251589;3;0;0;247;1380;8188;0;0;0
97;89;110;73;128;252;19;18;s;win;Windows;7 or 8;85765585;3;0;0;115;1460;8192;2;2;0
46;19;231;251;128;252;80;238;s;win;Windows;XP;3473552393;3;0;0;109;1460;65535;2;0;0
128;252;80;238;46;19;231;251;s;win;Windows;7 or 8;3473552393;3;0;0;125;1380;8192;2;0;0
99;60;150;254;128;252;102;173;s;win;Windows;7 or 8;85765585;3;0;0;51;1460;8192;2;2;0
209;202;167;103;128;252;11;80;g;win;Windows;XP;3473552393;1;0;0;53;1380;5840;0;0;0
65;254;127;188;31;13;74;23;s;unix;iOS;iPhone or iPad;409617867;3;1;0;60;1380;65535;2;4;0
108;206;13;219;128;252;6;39;s;unix;Mac OS X;10.x;409617867;3;1;0;52;1460;65535;2;3;0
58;164;160;28;128;252;110;214;s;win;Windows;XP;409617867;3;1;0;48;1460;65535;2;1;0
111;246;197;158;65;254;127;182;s;win;Windows;7 or 8;85765585;3;0;0;108;1440;8192;2;2;0
71;11;96;31;128;252;6;39;s;win;Windows;XP;409617867;3;1;0;52;1460;65535;2;1;0
74;125;225;122;128;252;102;202;g;win;Windows;XP;853641209;0;0;0;57;1430;62392;0;6;0
184;73;238;150;128;252;102;188;g;win;Windows;XP;853641209;1;0;0;45;1460;14480;0;8;0
202;108;35;48;128;252;102;86;g;win;Windows;XP;853641209;0;0;0;50;1460;5792;0;7;0
128;252;110;204;70;70;232;68;s;win;Windows;7 or 8;85765585;3;0;0;125;1380;8192;2;2;0
50;18;23;81;128;252;102;158;s;unix;Linux;2.6.x;1661676545;1;0;0;51;1460;5840;1;7;0
128;252;110;193;74;125;225;122;g;win;Windows;NT kernel 5.x;85765585;3;0;0;125;1380;65535;2;8;0
17;158;36;54;128;252;102;213;g;win;Windows;XP;118251589;3;0;0;243;1360;8190;0;0;0
46;143;237;246;128;252;21;83;s;win;Windows;XP;3473552393;3;0;0;102;1452;65535;2;0;0
173;241;244;7;128;252;102;187;g;win;Windows;XP;118251589;3;0;0;245;1360;8190;0;0;0
128;252;102;164;173;194;77;103;s;win;Windows;7 or 8;85765585;3;0;0;124;1380;8192;2;2;0
69;25;24;24;128;252;102;187;g;win;Windows;XP;85765585;0;0;0;246;1360;8190;0;4;0
64;94;46;193;128;252;205;3;s;win;Windows;7 or 8;1809663017;3;0;0;117;1410;8192;2;8;0
83;84;166;158;128;252;110;205;s;win;Windows;7 or 8;85765585;3;0;0;112;1460;8192;2;2;0
50;66;92;121;128;252;102;184;s;win;Windows;7 or 8;3473552393;3;0;0;113;1460;8192;2;0;0
65;254;127;219;113;196;77;39;s;win;Windows;7 or 8;85765585;3;0;0;124;1380;8192;2;2;0
128;252;102;183;63;233;92;56;s;win;Windows;7 or 8;947159361;3;0;0;61;1380;8192;2;0;0
184;20;157;3;128;252;6;39;s;win;Windows;7 or 8;85765585;3;0;0;113;1460;8192;2;8;0
219;142;78;60;128;252;102;86;g;win;Windows;XP;853641209;0;0;0;47;1460;5792;0;7;0
173;194;77;103;128;252;102;164;s;unix;Linux;3.x;1661676545;0;0;0;49;1430;14300;1;6;0
121;92;19;187;128;252;110;198;s;win;Windows;XP;4032013835;3;1;0;45;1398;65535;2;0;0
128;252;102;169;107;21;121;200;s;win;Windows;7 or 8;3473552393;3;0;0;124;1380;8192;2;0;0
70;36;180;248;128;252;110;204;s;win;Windows;XP;85765585;3;0;0;114;1460;65535;2;0;0
93;187;81;35;128;252;202;44;g;win;Windows;XP;4146123721;4096;0;0;116;1380;64240;0;0;0
71;164;180;236;128;252;110;215;s;unix;FreeBSD;8.x;644227027;3;1;0;54;1460;65535;2;3;0
121;170;139;239;65;254;127;182;s;win;Windows;7 or 8;85765585;3;0;0;107;1460;8192;2;2;0
128;252;102;210;107;20;207;156;s;unix;iOS;iPhone or iPad;409617867;3;1;0;60;1380;65535;2;4;0
208;120;36;38;128;252;102;201;s;unix;Mac OS X;10.x;85765585;3;0;0;36;1452;65535;2;3;0
208;111;170;25;128;252;102;182;g;win;Windows;XP;1809663017;3;0;0;58;1380;65535;0;4;0
70;58;21;71;128;252;102;184;s;unix;Mac OS X;10.x;409617867;3;1;0;53;1452;65535;2;3;0
69;44;6;34;128;252;6;39;s;win;Windows;XP;4032013835;3;1;0;52;1460;65535;2;0;0
193;204;6;60;128;252;177;196;s;win;Windows;XP;4146123721;4096;0;0;114;1460;16384;2;0;0
107;21;121;200;128;252;102;169;s;unix;Linux;3.x;3473552393;1;0;0;47;1460;14600;1;0;0
128;252;110;222;75;73;230;74;s;win;Windows;7 or 8;85765585;3;0;0;124;1380;8192;2;2;0
128;252;102;8;8;29;133;130;s;unix;Mac OS X;10.x;409617867;3;1;0;61;1380;65535;2;3;0
78;231;15;38;128;252;110;214;s;win;Windows;XP;409617867;3;1;0;50;1460;65535;2;1;0
216;227;208;181;128;252;202;44;s;unix;Linux;2.4-2.6;3473552393;1;0;0;50;1460;5840;1;0;0
70;70;232;68;128;252;110;204;s;win;Windows;7 or 8;85765585;3;0;0;115;1438;8192;2;8;0
64;120;60;70;128;252;19;18;s;win;Windows;XP;3473552393;3;0;0;121;1456;65535;2;0;0
195;112;194;218;128;252;65;16;s;win;Windows;XP;118251589;0;0;0;52;1460;16384;2;0;0
112;67;96;217;128;252;19;19;s;win;Windows;7 or 8;85765585;3;0;0;47;1440;8192;2;0;0
74;125;225;102;128;252;174;115;g;win;Windows;XP;1661676545;0;0;0;57;1430;62920;0;6;0
66;249;73;83;128;252;177;195;g;unix;Linux;2.2.x-3.x;1661676545;0;0;0;49;1430;62920;0;6;0
98;139;225;43;128;252;102;187;g;win;Windows;XP;853641209;1;0;0;50;1460;32767;0;11;0
216;178;47;37;128;252;102;158;g;win;Windows;XP;118251589;3;0;0;244;1360;8190;0;0;0
63;233;92;88;128;252;102;165;g;win;Windows;XP;853641209;1;0;0;56;1460;14480;0;1;0
66;194;72;243;128;252;87;152;s;win;Windows;7 or 8;85765585;3;0;0;114;1363;8192;2;8;0
128;252;87;152;66;194;72;243;g;win;Windows;XP;644227027;3;1;0;253;1380;4089;0;0;0
24;98;203;195;128;252;102;208;s;win;Windows;7 or 8;3473552393;3;0;0;117;1460;8192;2;0;0
206;165;250;97;128;252;102;227;s;unix;Linux;2.4-2.6;118251589;1;0;0;54;1460;5840;1;0;0
114;62;62;10;128;252;19;18;s;win;Windows;7 or 8;85765585;3;0;0;42;1440;8192;2;2;0
88;114;172;4;128;252;157;211;s;win;Windows;7 or 8;85765585;3;0;0;110;1420;8192;2;2;0
180;18;65;153;128;252;102;207;s;win;Windows;XP;3473552393;3;0;0;112;1412;65535;2;0;0
205;169;171;17;128;252;202;44;g;win;Windows;XP;409617867;3;1;0;244;1460;4380;0;0;0
71;71;49;112;128;252;149;189;s;win;Windows;7 or 8;85765585;3;0;0;117;1460;8192;2;2;0
69;235;198;6;128;252;35;31;s;unix;Mac OS X;10.x;409617867;3;1;0;53;1452;65535;2;3;0
128;252;35;31;69;235;198;6;g;win;Windows;XP;853641209;1;0;0;61;1460;5792;0;7;0
128;252;102;150;74;125;133;125;s;win;Windows;7 or 8;85765585;3;0;0;124;1380;8192;2;2;0
128;252;110;209;208;92;52;90;s;win;Windows;7 or 8;85765585;3;0;0;125;1380;8192;2;2;0
220;255;151;137;128;252;110;206;s;win;Windows;7 or 8;85765585;3;0;0;112;1452;8192;2;2;0
128;252;102;206;74;125;225;121;s;win;Windows;7 or 8;3473552393;3;0;0;124;1380;8192;2;0;0
120;151;150;70;128;252;130;57;s;win;Windows;7 or 8;85765585;3;0;0;116;1460;8192;2;8;0
128;252;130;57;120;151;150;70;s;win;Windows;7 or 8;85765585;3;0;0;125;1380;8192;2;8;0
130;47;252;68;128;252;202;44;s;unix;HP-UX;11.x;409617867;3;1;0;55;1460;32768;2;0;0
74;125;225;121;128;252;102;206;g;win;Windows;XP;3473552393;0;0;0;57;1430;62920;0;0;0
173;234;159;21;128;252;19;18;s;win;Windows;XP;3473552393;3;0;0;116;1456;65535;2;0;0
128;252;254;217;74;112;184;203;s;win;Windows;7 or 8;85765585;3;0;0;126;1380;8192;2;8;0
83;226;249;68;128;252;110;206;s;win;Windows;7 or 8;3473552393;3;0;0;112;1460;8192;2;0;0
110;75;70;2;128;252;102;86;s;win;Windows;XP;1894035323;3;1;0;43;1380;65535;2;0;0
128;252;102;212;31;13;65;7;g;unix;Linux;2.2.x-3.x;853641209;3;0;0;60;1380;49152;0;3;0
208;92;52;90;128;252;110;209;g;win;Windows;XP;118251589;3;0;0;248;1360;8190;0;0;0
66;6;36;42;128;252;110;197;s;unix;Linux;2.6.x;1661676545;1;0;0;53;1460;5840;1;9;0
64;94;107;16;128;252;102;158;s;unix;Linux;2.6.x;2776361117;1;0;0;53;1460;5840;1;7;0
113;196;77;39;65;254;127;219;s;unix;Linux;2.6.x;1661676545;1;0;0;46;1460;5840;1;7;0
31;13;74;26;128;252;102;227;g;win;Windows;XP;853641209;1;0;0;88;1460;14480;0;9;0
85;55;10;170;128;252;110;201;s;win;Windows;7 or 8;3473552393;3;0;0;112;1460;8192;2;0;0
72;21;203;150;128;252;110;196;g;win;Windows;XP;85765585;3;0;0;241;1360;8190;0;6;0
97;97;114;223;128;252;212;60;s;win;Windows;7 or 8;3473552393;3;0;0;114;1460;8192;2;0;0
23;0;165;43;65;254;127;182;g;win;Windows;XP;853641209;1;0;0;56;1460;14480;0;1;0
117;203;144;32;128;252;102;195;s;win;Windows;7 or 8;1809663017;3;0;0;49;1420;8192;2;8;0
121;219;28;60;128;252;110;214;s;win;Windows;XP;4032013835;3;1;0;44;1452;65535;2;0;0
64;94;107;51;128;252;102;199;s;unix;Linux;2.6.x;2776361117;1;0;0;53;1460;5840;1;7;0
23;13;108;244;128;252;102;172;g;win;Windows;XP;853641209;1;0;0;58;1460;14480;0;1;0
128;252;73;194;66;151;109;1;s;win;Windows;XP;4146123721;4096;0;0;126;1380;16384;2;0;0
76;169;134;98;128;252;102;172;s;win;Windows;XP;409617867;3;1;0;50;1460;65535;2;1;0
8;29;133;130;128;252;102;8;g;win;Windows;XP;853641209;1;0;0;53;1460;14480;0;7;0
173;194;55;22;65;254;127;186;s;unix;Linux;2.6.x;1661676545;1;0;0;58;1460;5840;1;6;0
101;79;68;142;128;252;110;195;s;unix;Linux;2.6.x;1661676545;1;0;0;53;1460;5840;1;7;0
64;120;56;254;128;252;19;18;s;win;Windows;XP;3473552393;3;0;0;121;1456;65535;2;0;0
208;85;40;50;128;252;102;162;g;win;Windows;XP;409617867;3;1;0;248;1460;4140;0;0;0
128;252;157;246;92;114;150;41;s;unix;Mac OS X;10.x;409617867;3;1;0;61;1380;65535;2;3;0
68;168;252;216;128;252;202;44;s;win;Windows;7 or 8;1809663017;3;0;0;115;1460;8192;2;8;0
23;0;165;50;128;252;16;235;s;unix;Linux;3.x;1661676545;1;0;0;56;1460;14600;1;1;0
88;198;157;98;128;252;73;166;s;unix;Linux;2.4-2.6;118251589;1;0;0;47;1460;5840;1;0;0
109;239;62;96;128;252;110;206;s;unix;Linux;2.6.x;1661676545;1;0;0;50;1460;5840;1;7;0
74;125;142;109;128;252;102;203;g;win;Windows;XP;853641209;0;0;0;49;1430;14180;0;6;0
128;252;102;98;183;60;153;75;s;win;Windows;7 or 8;3473552393;3;0;0;60;1380;8192;2;0;0
23;13;111;144;128;252;110;202;s;unix;Linux;3.x;1661676545;1;0;0;58;1460;14600;1;1;0
128;252;80;245;71;14;183;42;s;win;Windows;XP;4146123721;4096;0;0;125;1380;16384;2;0;0
128;252;46;147;216;38;172;155;s;win;Windows;7 or 8;85765585;3;0;0;124;1460;8192;2;2;0
108;168;194;50;128;252;110;206;g;win;Windows;XP;1809663017;3;0;0;118;1380;16384;0;10;0
128;252;73;216;128;135;194;234;s;win;Windows;XP;4146123721;4096;0;0;126;1380;16384;2;0;0
69;152;93;162;128;252;98;17;s;unix;iOS;iPhone or iPad;409617867;3;1;0;55;1452;65535;2;4;0
128;252;102;179;199;27;74;129;s;win;Windows;7 or 8;85765585;3;0;0;124;1380;8192;2;2;0
117;84;39;217;128;252;110;208;s;win;Windows;7 or 8;85765585;3;0;0;110;1440;8192;2;8;0
165;254;94;11;128;252;102;227;g;win;Windows;XP;853641209;1;0;0;58;1460;14480;0;1;0
207;171;163;205;128;252;102;187;g;win;Windows;XP;85765585;3;0;0;241;1360;8190;0;6;0
202;108;7;226;128;252;102;86;g;win;Windows;XP;853641209;0;0;0;49;1460;5792;0;7;0
199;27;74;129;128;252;102;179;s;unix;Linux;3.x;1661676545;1;0;0;59;1460;14600;1;9;0
192;168;0;2;128;252;149;189;s;win;Windows;7 or 8;3473552393;3;0;0;113;1452;8192;2;0;0
123;110;85;45;128;252;19;19;g;unix;Linux;2.2.x-3.x (barebone;3473552393;3;0;0;112;1460;64240;0;0;0
120;4;248;156;128;252;19;19;s;win;Windows;7 or 8;85765585;3;0;0;49;1440;8192;2;0;0
128;252;102;177;23;13;98;217;s;win;Windows;XP;409617867;3;1;0;60;1380;65535;2;2;0
31;13;65;26;128;252;102;227;g;win;Windows;XP;853641209;1;0;0;88;1460;14480;0;9;0
108;232;85;116;128;252;110;218;s;win;Windows;7 or 8;409617867;3;1;0;53;1460;8192;2;0;0
58;167;231;239;128;252;110;208;s;win;Windows;7 or 8;85765585;3;0;0;106;1460;8192;2;2;0
23;13;98;217;128;252;102;177;g;win;Windows;XP;853641209;1;0;0;58;1460;14480;0;1;0
74;125;225;96;128;252;102;188;g;win;Windows;XP;1661676545;0;0;0;57;1430;62920;0;6;0
216;38;172;155;128;252;46;147;g;win;Windows;XP;644227027;3;1;0;247;1460;4380;0;0;0
70;124;71;105;128;252;102;186;s;win;Windows;XP;409617867;3;1;0;51;1460;65535;2;1;0
70;177;90;108;128;252;110;196;s;unix;FreeBSD;8.x;409617867;3;1;0;54;1460;65535;2;3;0
128;252;102;196;173;49;197;252;s;win;Windows;7 or 8;3473552393;3;0;0;125;1380;8192;2;0;0
128;252;80;138;93;152;167;80;s;win;Windows;7 or 8;85765585;3;0;0;125;1380;8192;2;8;0
128;252;110;210;54;243;68;178;s;unix;Mac OS X;10.x;409617867;3;1;0;61;1380;65535;2;3;0
180;76;5;94;128;252;17;223;s;unix;Linux;2.6.x;3534738933;3;0;0;52;1460;5840;1;7;0
46;65;42;103;128;252;212;60;s;win;Windows;7 or 8;85765585;3;0;0;118;1460;8192;2;2;0
184;79;5;31;128;252;110;207;s;win;Windows;7 or 8;3473552393;3;0;0;118;1360;8192;2;0;0
23;0;165;48;128;252;226;81;g;win;Windows;XP;853641209;1;0;0;56;1460;14480;0;1;0
79;151;118;194;128;252;102;219;s;unix;iOS;iPhone or iPad;409617867;3;1;0;52;1452;65535;2;4;0
59;53;56;103;128;252;139;167;s;unix;Linux;2.4-2.6;3473552393;1;0;0;43;1460;5840;1;0;0
70;79;234;212;128;252;6;150;g;win;Windows;NT kernel 6.x;409617867;3;1;0;49;1460;8192;2;3;0
74;125;225;110;128;252;102;199;g;win;Windows;XP;853641209;0;0;0;57;1430;62392;0;6;0
219;233;201;98;128;252;19;18;s;win;Windows;XP;85765585;3;0;0;41;1460;65535;2;0;0
165;254;94;51;128;252;119;231;g;win;Windows;XP;853641209;1;0;0;58;1460;14480;0;1;0
128;252;66;182;109;104;14;28;s;win;Windows;7 or 8;3473552393;3;0;0;126;1460;8192;2;0;0
65;254;127;185;173;254;28;67;s;win;Windows;7 or 8;85765585;3;0;0;124;1380;8192;2;2;0
14;39;174;197;128;252;102;186;s;win;Windows;7 or 8;85765585;3;0;0;107;1460;8192;2;8;0
107;20;217;171;128;252;102;225;s;unix;Linux;2.6.x;1661676545;1;0;0;53;1460;5840;1;7;0
68;98;14;172;128;252;110;214;s;unix;Linux;2.6.x;853641209;3;0;0;51;1460;5840;1;6;0
128;252;110;219;173;194;55;184;s;win;Windows;7 or 8;85765585;3;0;0;125;1380;8192;2;2;0
205;251;253;1;128;252;110;202;s;unix;Linux;2.6.x;1661676545;1;0;0;57;1460;5840;1;8;0
128;252;50;49;46;105;113;8;g;win;Windows;XP;853641209;1;0;0;62;1380;5792;0;7;0
173;194;55;184;128;252;110;219;s;unix;Linux;2.6.x;1661676545;1;0;0;58;1460;5840;1;6;0
65;254;127;183;74;125;225;111;s;unix;iOS;iPhone or iPad;409617867;3;1;0;60;1380;65535;2;4;0
66;114;53;21;128;252;102;86;g;win;Windows;XP;853641209;1;0;0;57;1460;64784;0;7;0
98;255;18;185;128;252;102;219;s;win;Windows;7 or 8;3473552393;3;0;0;116;1460;8192;2;0;0
184;75;160;3;128;252;212;59;g;win;Windows;XP;4032013835;3;1;0;247;1460;4140;0;0;0
207;123;38;254;128;252;102;185;s;unix;Linux;2.6.x;1661676545;0;0;0;56;1460;5840;1;7;0
128;252;144;154;209;202;167;34;s;unix;FreeBSD;9.x;1809663017;3;0;0;62;1460;65535;2;6;0
222;142;171;82;128;252;93;100;s;win;Windows;7 or 8;85765585;3;0;0;114;1400;8192;2;2;0
128;252;93;100;222;142;171;82;s;unix;Linux;2.6.x;1661676545;1;0;0;62;1460;5840;1;7;0
23;60;83;171;128;252;110;202;s;unix;Linux;3.x;1661676545;1;0;0;58;1460;14600;1;1;0
65;54;61;211;128;252;102;186;s;win;Windows;7 or 8;947159361;3;0;0;119;1460;8192;2;0;0
67;166;147;48;128;252;110;206;s;unix;Linux;3.x;853641209;3;0;0;52;1460;14600;1;7;0
204;236;228;123;128;252;110;200;s;unix;Linux;3.x;1661676545;1;0;0;45;1460;14600;1;8;0
202;179;179;77;128;252;231;74;s;unix;Linux;2.4-2.6;118251589;1;0;0;50;1460;5840;1;0;0
118;99;78;167;128;252;144;84;s;win;Windows;XP;3473552393;3;0;0;112;1452;65535;2;0;0
23;13;97;21;65;254;127;183;g;win;Windows;XP;853641209;1;0;0;58;1460;14480;0;1;0
84;234;131;122;128;252;6;150;s;unix;Linux;2.2.x (loopback);853641209;3;0;0;52;1460;11680;1;0;0
173;254;28;67;65;254;127;185;s;unix;Linux;2.6.x;1661676545;1;0;0;53;1460;5840;1;7;0
67;217;177;62;128;252;102;201;s;unix;Linux;3.x;1661676545;1;0;0;53;1460;14600;1;9;0
174;255;102;14;128;252;87;168;g;unix;Linux;2.4.x-2.6.x;853641209;3;0;0;50;1460;5840;1;3;0
74;74;73;248;128;252;205;3;s;win;Windows;7 or 8;85765585;3;0;0;114;1464;8192;2;2;0
72;21;91;74;128;252;102;158;s;unix;Linux;3.x;1661676545;1;0;0;58;1460;14600;1;6;0
203;185;194;56;128;252;110;196;s;win;Windows;XP;4032013835;3;1;0;42;1452;65535;2;0;0
209;202;167;34;128;252;144;154;g;win;Windows;XP;853641209;1;0;0;54;1380;5792;0;7;0
128;252;102;189;72;246;45;66;s;unix;iOS;iPhone or iPad;409617867;3;1;0;60;1380;65535;2;4;0
131;179;196;46;128;252;153;27;g;win;Windows;XP;853641209;1;0;0;48;1380;14480;0;4;0
76;187;23;134;128;252;102;219;s;win;Windows;XP;409617867;3;1;0;50;1460;65535;2;1;0
128;252;102;152;75;101;147;252;s;win;Windows;XP;409617867;3;1;0;60;1380;65535;2;1;0
97;88;204;232;128;252;17;167;s;unix;iOS;iPhone or iPad;409617867;3;1;0;54;1460;65535;2;4;0
167;8;226;9;128;252;102;158;g;win;Windows;XP;85765585;3;0;0;245;1360;8190;0;4;0
218;30;66;7;128;252;102;86;g;win;Windows;XP;853641209;0;0;0;45;1460;5792;0;7;0
23;0;165;32;128;252;231;74;g;win;Windows;XP;853641209;1;0;0;56;1460;14480;0;1;0
128;252;102;185;98;139;218;251;s;unix;iOS;iPhone or iPad;409617867;3;1;0;60;1380;65535;2;4;0
54;243;110;66;128;252;102;165;g;win;Windows;XP;853641209;1;0;0;45;1460;14480;0;8;0
50;116;194;21;128;252;102;8;g;win;Windows;XP;118251589;3;0;0;246;1360;8190;0;0;0
209;5;124;195;128;252;202;44;g;win;Windows;XP;853641209;1;0;0;55;1380;5792;0;7;0
23;60;207;160;128;252;102;154;g;win;Windows;XP;853641209;1;0;0;59;1460;14480;0;1;0
63;233;92;50;128;252;102;201;s;unix;Linux;3.x;1661676545;1;0;0;56;1460;14600;1;1;0
64;94;107;62;128;252;88;241;s;unix;Linux;2.6.x;2776361117;1;0;0;53;1460;5840;1;7;0
72;246;45;66;128;252;102;189;g;win;Windows;XP;853641209;1;0;0;58;1460;14480;0;4;0
93;182;180;31;128;252;19;20;s;win;Windows;7 or 8;3473552393;3;0;0;116;1360;8192;2;0;0
75;101;147;252;128;252;102;152;g;win;Windows;XP;853641209;1;0;0;47;1460;5792;0;7;0
128;252;102;178;209;247;226;45;s;win;Windows;XP;409617867;3;1;0;60;1380;65535;2;1;0
63;233;92;58;128;252;102;201;s;unix;Linux;3.x;1661676545;1;0;0;56;1460;14600;1;1;0
119;224;129;45;128;252;110;204;g;unix;Linux;2.2.x-3.x;853641209;3;0;0;49;1460;64240;0;12;0
74;217;101;3;128;252;102;152;g;win;Windows;XP;1440453509;1;0;0;54;1460;14480;0;9;0
98;139;218;251;128;252;102;185;g;win;Windows;XP;853641209;1;0;0;50;1460;14480;0;7;0
74;125;225;67;128;252;102;199;g;win;Windows;XP;853641209;0;0;0;57;1430;62392;0;6;0
128;252;80;246;199;87;253;117;s;win;Windows;XP;1571045185;4096;0;0;125;1380;16384;2;0;0
74;52;41;249;128;252;102;90;s;unix;Linux;2.6.x;1661676545;1;0;0;53;1460;5840;1;2;0
66;235;139;110;128;252;102;165;g;win;Windows;XP;409617867;3;1;0;244;1460;4140;0;0;0
108;61;42;125;128;252;102;90;s;unix;Linux;3.x;1661676545;1;0;0;55;1460;14600;1;9;0
128;252;102;174;173;194;64;103;s;win;Windows;7 or 8;85765585;3;0;0;124;1380;8192;2;2;0
143;220;17;140;128;252;110;210;g;win;Windows;XP;409617867;3;1;0;245;1380;4140;0;0;0
143;220;17;149;128;252;110;210;g;win;Windows;XP;409617867;3;1;0;245;1380;4140;0;0;0
123;142;217;148;128;252;19;18;s;win;Windows;XP;3473552393;3;0;0;109;1460;65535;2;0;0
94;89;201;169;128;252;6;40;s;win;Windows;7 or 8;85765585;3;0;0;113;1460;8192;2;2;0
173;194;64;103;128;252;102;174;s;unix;Linux;3.x;1661676545;0;0;0;49;1430;14300;1;6;0
187;152;147;169;128;252;102;219;s;win;Windows;7 or 8;3473552393;3;0;0;117;1452;8192;2;0;0
31;13;77;58;128;252;226;81;g;win;Windows;XP;853641209;1;0;0;86;1460;14480;0;9;0
24;79;198;175;128;252;110;204;s;win;Windows;7 or 8;3473552393;3;0;0;115;1460;8192;2;0;0
71;14;220;70;128;252;6;39;s;win;Windows;XP;4032013835;3;1;0;53;1460;65535;2;0;0
74;122;104;11;128;252;98;48;g;win;Windows;XP;3473552393;1;0;0;52;1380;5840;0;0;0
142;161;23;204;128;252;102;184;s;win;Windows;XP;4032013835;3;1;0;52;1460;65535;2;0;0
220;181;125;192;128;252;20;193;g;win;Windows;XP;853641209;1;0;0;47;1460;5792;0;10;0
182;214;112;88;128;252;57;162;s;win;Windows;XP;3473552393;3;0;0;109;1460;65535;2;0;0
77;67;86;107;128;252;102;165;g;win;Windows;XP;853641209;1;0;0;58;1460;14480;0;1;0
168;63;180;78;128;252;231;20;s;win;Windows;7 or 8;1809663017;3;0;0;109;1440;8192;2;8;0
156;34;178;173;128;252;110;212;s;win;Windows;7 or 8;3473552393;3;0;0;116;1452;8192;2;0;0
220;181;181;128;128;252;102;94;g;win;Windows;XP;853641209;1;0;0;46;1460;5792;0;9;0
199;7;167;23;128;252;110;202;g;win;Windows;XP;2776361117;1;0;0;50;1380;5840;0;10;0
173;194;64;106;128;252;102;164;g;win;Windows;XP;853641209;0;0;0;49;1430;14180;0;6;0
98;28;79;44;128;252;156;184;s;win;Windows;XP;409617867;3;1;0;53;1460;65535;2;1;0
98;20;144;80;128;252;102;212;s;win;Windows;7 or 8;85765585;3;0;0;116;1452;8192;2;2;0
118;44;45;73;65;254;127;182;s;win;Windows;7 or 8;3473552393;3;0;0;107;1460;8192;2;0;0
67;205;0;90;128;252;102;199;s;unix;Linux;2.6.x;1661676545;1;0;0;55;1460;5840;1;7;0
74;125;142;95;128;252;102;162;g;win;Windows;XP;853641209;0;0;0;49;1430;14180;0;6;0
23;13;109;67;128;252;102;164;g;win;Windows;XP;853641209;1;0;0;58;1460;14480;0;1;0
159;87;23;135;128;252;202;44;g;win;Windows;XP;760098361;3;0;0;50;1380;49248;0;0;0
68;64;25;250;128;252;119;189;g;win;Windows;XP;118251589;3;0;0;247;1360;8190;0;0;0
72;21;92;54;128;252;102;179;s;unix;Linux;3.x;1661676545;1;0;0;58;1460;14600;1;6;0
59;53;56;87;128;252;20;193;s;unix;Linux;2.4-2.6;1661676545;1;0;0;44;1460;5840;1;0;0
202;173;28;250;128;252;88;241;g;win;Windows;XP;118251589;3;0;0;243;1360;8190;0;0;0
146;2;181;236;128;252;202;44;g;win;Windows;XP;1440453509;1;0;0;45;1460;14480;0;7;0
209;91;156;122;128;252;202;44;g;win;Windows;XP;853641209;1;0;0;55;1460;5792;0;4;0
38;106;64;115;128;252;102;179;g;win;Windows;XP;644227027;3;1;0;247;1460;4140;0;0;0
64;235;147;16;128;252;53;110;g;win;Windows;XP;1661676545;1;0;0;55;1460;4380;0;7;0
50;57;33;29;65;254;127;188;g;win;Windows;XP;409617867;3;1;0;243;1460;4140;0;0;0
108;161;124;192;128;252;102;182;s;win;Windows;7 or 8;85765585;3;0;0;119;1452;8192;2;2;0
112;200;153;239;128;252;102;195;g;unix;Linux;2.2.x-3.x (barebone;3473552393;3;0;0;113;1460;24684;0;0;0
65;254;127;218;31;13;74;23;s;unix;iOS;iPhone or iPad;409617867;3;1;0;60;1380;65535;2;4;0
65;188;45;223;128;252;102;201;s;unix;Mac OS X;10.x;409617867;3;1;0;52;1460;65535;2;3;0
79;161;144;74;128;252;110;205;s;win;Windows;7 or 8;85765585;3;0;0;117;1460;8192;2;2;0
128;252;39;11;50;16;215;193;s;win;Windows;XP;3473552393;3;0;0;126;1460;65535;2;0;0
64;57;23;194;128;252;153;27;g;win;Windows;XP;947159361;1;0;0;59;1460;5792;0;0;0
24;107;77;87;128;252;67;44;s;win;Windows;7 or 8;3473552393;3;0;0;117;1460;8192;2;0;0
50;18;173;83;128;252;102;179;s;unix;Linux;3.x;1661676545;1;0;0;50;1460;14600;1;5;0
161;195;66;111;128;252;80;45;g;win;Windows;XP;4032013835;3;1;0;244;1380;4140;0;0;0
74;125;225;72;128;252;102;200;g;win;Windows;XP;853641209;0;0;0;57;1430;62392;0;6;0
128;252;121;27;221;226;48;154;g;win;Windows;XP;760098361;3;0;0;58;1460;49232;0;0;0
58;236;79;223;128;252;19;18;s;win;Windows;7 or 8;85765585;3;0;0;113;1460;8192;2;2;0
17;164;0;78;128;252;110;196;g;win;Windows;XP;118251589;3;0;0;246;1360;8190;0;0;0
50;16;215;193;128;252;39;11;s;unix;Linux;2.4-2.6;3473552393;1;0;0;47;1460;5840;1;0;0
205;251;253;181;128;252;110;201;s;unix;Linux;2.6.x;1661676545;1;0;0;57;1460;5840;1;8;0
173;192;24;228;128;252;102;7;g;win;Windows;XP;853641209;1;0;0;54;1460;5792;0;7;0
69;171;246;17;128;252;110;219;g;win;Windows;XP;853641209;1;0;0;83;1460;14480;0;9;0
91;144;184;234;128;252;102;224;g;win;Windows;XP;853641209;1;0;0;117;1460;5792;0;9;0
128;252;199;183;199;47;216;177;s;win;Windows;XP;3473552393;3;0;0;126;1460;65535;2;0;0
203;125;243;187;128;252;80;9;s;win;Windows;7 or 8;85765585;3;0;0;111;1460;8192;2;8;0
128;252;80;9;203;125;243;187;s;win;Windows;7 or 8;85765585;3;0;0;125;1380;8192;2;8;0
128;252;93;1;202;120;29;177;g;win;Windows;XP;118251589;3;0;0;198;1448;8000;0;0;0
209;107;220;190;128;252;110;209;s;unix;Linux;3.x;1661676545;1;0;0;58;1460;14600;1;5;0
94;230;83;149;128;252;102;167;s;win;Windows;7 or 8;3473552393;3;0;0;116;1360;8192;2;0;0
166;137;92;242;128;252;32;78;s;unix;iOS;iPhone or iPad;409617867;3;1;0;50;1370;65535;2;4;0
75;135;93;61;128;252;102;7;s;win;Windows;7 or 8;85765585;3;0;0;115;1460;8192;2;8;0
66;151;109;1;128;252;29;141;g;unix;Linux;3.x;853641209;3;0;0;54;1460;14600;1;8;0
89;242;251;13;128;252;102;195;s;win;Windows;7 or 8;947159361;3;0;0;113;1392;8192;2;0;0
74;88;196;68;128;252;102;219;s;win;Windows;XP;85765585;3;0;0;117;1460;65535;2;2;0
63;233;92;74;65;254;127;184;g;win;Windows;XP;853641209;1;0;0;56;1460;14480;0;1;0
208;52;173;198;128;252;102;164;g;win;Windows;XP;2776361117;1;0;0;54;1200;5840;0;10;0
187;149;250;19;128;252;102;219;s;win;Windows;7 or 8;85765585;3;0;0;117;1452;8192;2;2;0
219;142;78;38;65;254;127;187;s;unix;Linux;2.4-2.6;118251589;1;0;0;47;1460;5840;1;0;0
67;249;89;235;128;252;193;0;s;unix;Linux;2.4.x;853641209;3;0;0;51;1460;5840;1;1;0
128;252;102;180;17;158;10;36;s;unix;Mac OS X;10.x;409617867;3;1;0;60;1380;65535;2;3;0
128;210;131;36;128;252;177;196;s;win;Windows;7 or 8;947159361;3;0;0;122;1460;8192;2;0;0
192;74;234;21;128;252;19;18;s;win;Windows;XP;3473552393;3;0;0;116;1460;65535;2;0;0
66;249;73;154;128;252;144;142;g;unix;Linux;2.2.x-3.x;1661676545;0;0;0;49;1430;62920;0;6;0
128;252;144;142;66;249;73;154;s;win;Windows;7 or 8;85765585;3;0;0;126;1430;8192;2;8;0
91;190;216;66;128;252;102;188;g;win;Windows;XP;853641209;1;0;0;55;1460;7240;0;10;0
58;63;236;230;128;252;102;86;s;unix;Linux;2.4-2.6;118251589;0;0;0;47;1460;5840;1;0;0
71;11;106;48;128;252;32;78;s;unix;iOS;iPhone or iPad;409617867;3;1;0;52;1460;65535;2;4;0
173;73;40;20;65;254;127;182;s;win;Windows;7 or 8;85765585;3;0;0;118;1460;8192;2;2;0
199;47;216;177;128;252;199;183;s;unix;Linux;2.4-2.6;118251589;1;0;0;56;1460;5840;1;0;0
207;236;24;141;128;252;202;44;g;win;Windows;XP;853641209;1;0;0;55;1460;5792;0;2;0
212;227;134;210;128;252;80;238;s;win;Windows;XP;3473552393;3;0;0;112;1380;65535;2;0;0
108;38;180;162;128;252;156;184;s;unix;Mac OS X;10.x;4146123721;4099;0;0;115;1460;65535;2;3;0
99;7;216;127;128;252;202;246;s;unix;Mac OS X;10.x;409617867;3;1;0;52;1460;65535;2;3;0
188;255;65;177;128;252;102;219;s;win;Windows;XP;3473552393;3;0;0;114;1460;65535;2;0;0
66;249;73;26;128;252;73;214;g;unix;Linux;2.2.x-3.x;1661676545;0;0;0;49;1430;62920;0;6;0
122;228;199;67;128;252;102;86;g;win;Windows;XP;1661676545;1;0;0;45;1460;65535;0;12;0
128;252;102;168;64;212;198;8;s;unix;Mac OS X;10.x;409617867;3;1;0;60;1380;65535;2;3;0
173;85;200;135;128;252;102;201;s;win;Windows;7 or 8;85765585;3;0;0;114;1394;8192;2;8;0
17;158;10;36;128;252;102;180;g;win;Windows;XP;118251589;3;0;0;243;1360;8190;0;0;0
208;80;154;225;128;252;200;240;s;unix;Linux;2.6.x;1661676545;1;0;0;55;1460;5840;1;9;0
157;157;90;207;128;252;202;44;g;win;Windows;XP;853641209;1;0;0;54;1460;5792;0;0;0
128;252;251;47;70;230;166;113;s;win;Windows;XP;3473552393;0;0;0;126;1380;16384;2;0;0
75;126;14;205;128;252;119;59;s;unix;Linux;2.6.x;1661676545;1;0;0;54;1460;5840;1;7;0
208;43;111;194;65;254;127;186;s;win;Windows;7 or 8;1809663017;3;0;0;119;1460;8192;2;8;0
142;4;115;243;128;252;19;22;s;win;Windows;XP;3473552393;3;0;0;116;1460;65535;2;0;0
122;194;11;116;128;252;102;193;s;win;Windows;7 or 8;947159361;3;0;0;40;1460;8192;2;0;0
23;0;165;18;128;252;102;158;s;unix;Linux;3.x;1661676545;1;0;0;56;1460;14600;1;1;0
165;254;94;24;128;252;102;185;g;win;Windows;XP;853641209;1;0;0;58;1460;14480;0;1;0
66;244;145;80;65;254;127;184;g;win;Windows;XP;853641209;1;0;0;55;1460;14480;0;9;0
180;153;97;13;128;252;102;86;g;win;Windows;XP;853641209;1;0;0;44;1460;5792;0;8;0
128;252;102;6;69;164;17;190;s;unix;Mac OS X;10.x;409617867;3;1;0;61;1380;65535;2;3;0
98;139;212;64;65;254;127;187;g;win;Windows;XP;853641209;1;0;0;50;1460;14480;0;7;0
69;94;213;237;128;252;102;7;s;unix;Mac OS X;10.x;409617867;3;1;0;51;1460;65535;2;3;0
128;252;102;232;31;13;65;7;s;win;Windows;7 or 8;85765585;3;0;0;124;1380;8192;2;2;0
93;184;216;119;128;252;110;197;s;unix;Linux;3.x;1661676545;1;0;0;57;1460;14600;1;6;0
173;241;244;123;128;252;231;63;g;win;Windows;XP;118251589;3;0;0;245;1460;8190;0;0;0
64;73;122;78;128;252;202;44;s;unix;HP-UX;11.x;118251589;0;0;0;245;1380;32768;2;0;0
66;242;204;46;128;252;251;212;s;win;Windows;XP;4146123721;4099;0;0;116;1460;65535;2;2;0
204;93;46;122;128;252;110;197;s;unix;Linux;3.x;1661676545;1;0;0;57;1460;14600;1;1;0
206;188;4;2;128;252;102;187;g;win;Windows;XP;118251589;3;0;0;244;1360;8190;0;0;0
97;91;173;98;128;252;6;39;s;win;Windows;7 or 8;85765585;3;0;0;118;1460;8192;2;2;0
128;252;101;24;219;144;130;62;g;win;Windows;XP;3473552393;3;0;0;126;1460;64512;0;0;0
79;100;11;203;128;252;212;60;s;win;Windows;7 or 8;85765585;3;0;0;51;1452;8192;2;2;0
149;174;97;86;128;252;110;204;g;win;Windows;XP;85765585;3;0;0;247;1360;8190;0;3;0
122;106;234;33;128;252;212;60;s;win;Windows;7 or 8;85765585;3;0;0;117;1460;8192;2;8;0
23;13;98;77;128;252;102;187;g;win;Windows;XP;853641209;1;0;0;58;1460;14480;0;1;0
67;217;65;244;128;252;88;241;g;win;Windows;XP;118251589;3;0;0;246;1360;8190;0;0;0
128;135;194;234;128;252;73;216;s;unix;Mac OS X;10.x;409617867;3;1;0;57;1460;65535;2;3;0
208;80;154;234;128;252;200;240;s;unix;Linux;3.x;1661676545;1;0;0;55;1460;14600;1;9;0
77;67;86;115;65;254;127;189;g;win;Windows;XP;853641209;1;0;0;58;1460;14480;0;1;0
128;252;109;241;113;160;202;139;s;unix;Linux;2.4-2.6;3473552393;1;0;0;62;1460;5840;1;0;0
66;119;33;141;128;252;102;158;s;unix;Linux;2.6.x;1661676545;1;0;0;55;1460;5840;1;7;0
128;252;31;72;66;249;73;84;s;win;Windows;XP;85765585;0;0;0;126;1260;16384;2;0;0
85;17;80;124;65;254;127;184;g;win;Windows;XP;853641209;1;0;0;54;1460;14480;0;7;0
128;252;176;132;221;226;81;62;s;win;Windows;7 or 8;3473552393;3;0;0;125;1380;8192;2;0;0
66;94;241;1;128;252;102;187;g;win;Windows;XP;853641209;1;0;0;54;1460;32767;0;11;0
216;115;217;254;128;252;121;103;g;win;Windows;XP;118251589;0;0;0;244;1460;8190;0;0;0
80;74;145;80;128;252;202;44;g;win;Windows;XP;853641209;1;0;0;53;1460;5792;0;7;0
184;73;49;165;128;252;102;158;s;unix;Linux;2.6.x;1661676545;1;0;0;47;1460;5840;1;7;0
128;252;27;156;199;47;217;177;s;win;Windows;XP;3473552393;3;0;0;125;1380;65535;2;0;0
111;251;208;154;128;252;110;198;s;win;Windows;7 or 8;3473552393;3;0;0;111;1452;8192;2;0;0
71;11;106;178;128;252;6;39;s;win;Windows;7 or 8;3473552393;3;0;0;52;1460;8192;2;0;0
68;96;118;183;128;252;110;202;s;win;Windows;XP;3473552393;3;0;0;116;1460;65535;2;0;0
75;126;3;107;128;252;110;201;g;win;Windows;XP;118251589;3;0;0;245;1360;8190;0;0;0
216;196;141;216;128;252;102;219;s;win;Windows;XP;3473552393;3;0;0;118;1460;65535;2;0;0
128;252;110;203;66;235;155;19;s;unix;iOS;iPhone or iPad;409617867;3;1;0;61;1380;65535;2;4;0
199;127;194;135;128;252;102;211;g;win;Windows;XP;853641209;1;0;0;57;1460;14480;0;7;0
174;129;1;163;128;252;110;200;s;unix;Linux;2.6.x;1661676545;0;0;0;48;1360;5440;1;6;0
68;142;250;161;128;252;102;180;g;win;Windows;XP;853641209;1;0;0;55;1460;14480;0;8;0
76;121;130;167;128;252;102;206;s;win;Windows;7 or 8;85765585;3;0;0;114;1460;8192;2;2;0
205;251;253;61;128;252;248;30;s;unix;Linux;2.6.x;1661676545;1;0;0;57;1460;5840;1;8;0
23;21;75;80;128;252;102;198;g;win;Windows;XP;853641209;1;0;0;47;1460;14480;0;8;0
199;59;150;12;128;252;102;165;g;win;Windows;XP;853641209;1;0;0;50;1460;14480;0;8;0
63;233;92;65;128;252;102;199;g;win;Windows;XP;853641209;1;0;0;56;1460;14480;0;1;0
128;252;102;154;23;13;111;160;s;win;Windows;XP;409617867;3;1;0;60;1380;65535;2;1;0
128;252;102;192;112;90;86;87;s;win;Windows;7 or 8;3473552393;3;0;0;61;1380;8192;2;0;0
23;0;165;9;128;252;102;199;g;win;Windows;XP;853641209;1;0;0;56;1460;14480;0;1;0
23;13;111;160;128;252;102;154;g;win;Windows;XP;853641209;1;0;0;58;1460;14480;0;1;0
113;179;16;237;128;252;19;18;s;win;Windows;7 or 8;85765585;3;0;0;109;1442;8192;2;2;0
173;194;77;105;65;254;127;185;g;win;Windows;XP;853641209;0;0;0;49;1430;14180;0;6;0
207;46;193;178;128;252;102;165;s;win;Windows;7 or 8;947159361;3;0;0;55;1460;8192;2;0;0
192;74;237;39;128;252;19;18;s;win;Windows;XP;3473552393;3;0;0;116;1460;65535;2;0;0
168;63;150;56;128;252;121;184;s;win;Windows;7 or 8;85765585;3;0;0;111;1440;8192;2;8;0
75;176;136;128;128;252;110;214;s;unix;iOS;iPhone or iPad;409617867;3;1;0;53;1460;65535;2;4;0
128;252;80;82;76;12;124;84;s;win;Windows;7 or 8;3473552393;3;0;0;125;1380;8192;2;0;0
69;171;246;16;128;252;102;199;g;win;Windows;XP;853641209;1;0;0;83;1460;14480;0;9;0
113;53;182;244;65;254;127;188;s;win;Windows;XP;409617867;3;1;0;49;1452;65535;2;1;0
63;245;193;61;128;252;102;189;s;unix;Linux;3.x;1661676545;1;0;0;50;1460;14600;1;7;0
23;13;106;60;128;252;102;153;s;unix;Linux;3.x;1661676545;1;0;0;58;1460;14600;1;1;0
63;233;92;49;128;252;102;198;g;win;Windows;XP;853641209;1;0;0;56;1460;14480;0;1;0
124;148;183;99;128;252;149;189;g;win;Windows;XP;644227027;3;1;0;49;1376;65535;0;4;0
216;115;212;254;128;252;88;241;g;win;Windows;XP;118251589;3;0;0;242;1360;8190;0;0;0
128;252;173;108;69;74;223;244;s;win;Windows;7 or 8;3473552393;3;0;0;126;1460;8192;2;0;0
128;252;102;217;63;233;92;48;s;unix;iOS;iPhone or iPad;409617867;3;1;0;60;1380;65535;2;4;0
128;252;121;103;216;219;112;250;s;win;Windows;7 or 8;85765585;3;0;0;126;1460;8192;2;2;0
208;49;204;16;128;252;102;199;g;win;Windows;XP;853641209;1;0;0;57;1460;14480;0;1;0
128;252;156;48;174;35;35;28;s;win;Windows;7 or 8;85765585;3;0;0;125;1380;8192;2;8;0
128;252;102;170;23;13;105;139;s;win;Windows;7 or 8;85765585;3;0;0;124;1380;8192;2;2;0
128;252;102;225;208;92;52;90;s;win;Windows;7 or 8;85765585;3;0;0;124;1380;8192;2;8;0
180;153;91;179;128;252;19;18;s;win;Windows;XP;3473552393;3;0;0;111;1460;65535;2;0;0
23;13;105;139;128;252;102;170;s;unix;Linux;3.x;1661676545;1;0;0;58;1460;14600;1;1;0
8;27;147;126;128;252;102;168;g;win;Windows;XP;853641209;0;0;0;57;1460;5792;0;7;0
108;168;211;130;65;254;127;184;g;win;Windows;XP;853641209;1;0;0;55;1460;5792;0;7;0
23;0;165;11;128;252;102;172;g;win;Windows;XP;853641209;1;0;0;56;1460;14480;0;1;0
98;83;223;150;128;252;110;204;s;win;Windows;XP;4032013835;3;1;0;48;1452;65535;2;0;0
174;35;35;28;128;252;156;48;g;win;Windows;XP;1661676545;1;0;0;55;1460;65535;0;7;0
128;252;101;25;107;20;75;27;s;win;Windows;XP;3473552393;3;0;0;126;1460;65535;2;0;0
184;72;240;124;128;252;102;188;g;win;Windows;XP;853641209;1;0;0;46;1460;14480;0;7;0
205;204;114;132;128;252;29;10;s;unix;Linux;2.6.x;853641209;3;0;0;55;1460;5840;1;7;0
74;125;225;97;128;252;102;202;g;win;Windows;XP;853641209;0;0;0;57;1430;62392;0;6;0
79;125;19;252;128;252;202;44;g;win;Windows;XP;853641209;1;0;0;49;1460;5792;0;7;0
88;190;45;167;128;252;164;248;s;unix;Linux;3.x;853641209;3;0;0;52;1460;14600;1;7;0
128;252;164;248;88;190;45;167;g;win;Windows;XP;853641209;1;0;0;61;1460;5792;0;6;0
213;58;168;175;128;252;177;196;s;win;Windows;XP;2776361117;0;0;0;111;1460;16384;2;0;0
217;165;221;160;128;252;102;184;s;win;Windows;7 or 8;85765585;3;0;0;108;1452;8192;2;2;0
63;233;92;81;128;252;102;202;g;win;Windows;XP;853641209;1;0;0;56;1460;14480;0;1;0
8;21;24;35;128;252;102;155;g;win;Windows;XP;853641209;1;0;0;53;1460;5792;0;7;0
69;119;148;213;128;252;156;184;s;win;Windows;7 or 8;3473552393;3;0;0;117;1460;8192;2;0;0
72;27;167;179;128;252;102;195;s;win;Windows;7 or 8;85765585;3;0;0;114;1438;8192;2;2;0
128;252;144;84;124;17;4;30;g;win;Windows;XP;3674883821;1;0;0;62;1460;5792;0;0;0
195;130;247;52;128;252;68;51;s;unix;Linux;2.4-2.6;3473552393;1;0;0;48;1452;5808;1;0;0
125;166;210;50;128;252;110;201;g;win;Windows;XP;409617867;3;1;0;50;1452;65535;0;4;0
107;20;75;27;128;252;101;25;s;unix;Linux;2.4-2.6;118251589;1;0;0;47;1460;5840;1;0;0
54;241;9;68;128;252;102;153;s;unix;Linux;2.6.x;1661676545;1;0;0;51;1460;5840;1;7;0
108;240;108;117;128;252;102;208;s;unix;FreeBSD;9.x;853641209;3;0;0;52;1460;65535;2;6;0
128;252;102;207;173;194;55;181;s;win;Windows;7 or 8;85765585;3;0;0;124;1380;8192;2;2;0
173;194;55;181;128;252;102;207;s;unix;Linux;2.6.x;1661676545;1;0;0;58;1460;5840;1;6;0
69;43;132;198;128;252;102;153;g;win;Windows;XP;118251589;3;0;0;243;1360;8190;0;0;0
64;208;138;172;128;252;102;198;g;win;Windows;XP;853641209;1;0;0;55;1460;5792;0;9;0
128;252;173;214;93;152;167;80;s;win;Windows;7 or 8;85765585;3;0;0;126;1460;8192;2;8;0
199;187;123;75;128;252;102;190;s;unix;Linux;3.x;1661676545;1;0;0;57;1460;14600;1;7;0
216;219;112;250;128;252;121;103;g;win;Windows;XP;118251589;3;0;0;244;1460;8190;0;0;0
208;80;154;224;128;252;200;240;s;unix;Linux;2.6.x;1661676545;1;0;0;55;1460;5840;1;9;0
23;0;165;33;128;252;110;198;s;unix;Linux;3.x;1661676545;1;0;0;56;1460;14600;1;1;0
125;130;187;210;128;252;102;155;s;win;Windows;XP;85765585;3;0;0;107;1460;65535;2;0;0
95;159;59;92;128;252;19;19;g;unix;Linux;3.x;947159361;3;0;0;51;1460;14600;1;0;0
74;125;133;95;128;252;110;198;s;unix;Linux;3.x;1661676545;0;0;0;49;1430;14300;1;6;0
36;1;113;131;128;252;19;19;s;unix;Linux;2.0;85765585;3;0;0;47;1440;16384;2;0;0
128;252;130;3;203;125;243;187;g;win;Windows;XP;85765585;0;0;0;125;1380;64240;0;0;0
98;195;56;98;128;252;102;184;s;win;Windows;7 or 8;3473552393;3;0;0;117;1464;8192;2;0;0
96;31;4;204;128;252;212;60;s;win;Windows;7 or 8;85765585;3;0;0;53;1460;8192;2;2;0
64;34;187;157;128;252;110;206;g;win;Windows;XP;853641209;1;0;0;55;1460;14480;0;8;0
71;7;144;228;128;252;110;196;g;win;Windows;XP;853641209;1;0;0;54;1460;14480;0;5;0
182;93;207;235;128;252;93;228;s;win;Windows;7 or 8;3473552393;3;0;0;109;1310;8192;2;0;0
72;246;45;10;128;252;102;203;g;win;Windows;XP;853641209;1;0;0;58;1460;14480;0;4;0
24;107;24;112;128;252;6;39;s;win;Windows;XP;3473552393;3;0;0;117;1460;65535;2;0;0
68;87;26;158;128;252;110;208;g;win;Windows;XP;853641209;1;0;0;53;1460;5792;0;9;0
151;27;151;122;128;252;130;104;s;win;Windows;7 or 8;85765585;3;0;0;111;1442;8192;2;2;0
117;3;65;147;128;252;19;18;s;win;Windows;7 or 8;85765585;3;0;0;110;1452;8192;2;8;0
23;13;109;15;128;252;102;214;g;win;Windows;XP;853641209;1;0;0;58;1460;14480;0;1;0
101;226;178;50;128;252;102;86;g;win;Windows;XP;853641209;1;0;0;46;1460;14480;0;9;0
173;194;55;174;128;252;102;203;g;win;Windows;XP;853641209;1;0;0;58;1460;5792;0;6;0
128;252;20;205;23;0;165;40;s;win;Windows;7 or 8;85765585;3;0;0;126;1460;8192;2;8;0
74;114;28;110;128;252;110;202;s;unix;Linux;2.6.x;2776361117;1;0;0;53;1460;5840;1;7;0
197;163;46;220;128;252;102;208;s;win;Windows;7 or 8;85765585;3;0;0;112;1442;8192;2;2;0
199;47;218;159;128;252;130;213;s;unix;Linux;3.x;1661676545;1;0;0;55;1460;14600;1;9;0
67;134;208;160;128;252;110;196;g;win;Windows;XP;644227027;3;1;0;246;1460;4140;0;0;0
71;22;52;216;128;252;110;212;s;win;Windows;7 or 8;85765585;3;0;0;114;1360;8192;2;8;0
23;0;165;40;128;252;20;205;s;unix;Linux;3.x;1661676545;1;0;0;56;1460;14600;1;1;0
23;21;242;67;128;252;102;184;g;win;Windows;XP;853641209;1;0;0;47;1460;14480;0;8;0
85;196;119;25;128;252;102;5;s;win;Windows;7 or 8;85765585;3;0;0;114;1460;8192;2;2;0
89;91;201;178;65;254;127;223;s;unix;iOS;iPhone or iPad;409617867;3;1;0;51;1460;65535;2;4;0
128;252;110;211;95;116;97;224;s;win;Windows;7 or 8;3473552393;3;0;0;125;1380;8192;2;0;0
207;216;221;236;65;254;127;223;s;win;Windows;7 or 8;3473552393;3;0;0;114;1460;8192;2;0;0
5;254;140;235;128;252;19;19;s;win;Windows;7 or 8;85765585;3;0;0;115;1368;8192;2;8;0
128;252;144;21;203;125;243;187;s;win;Windows;7 or 8;85765585;3;0;0;126;1460;8192;2;8;0
54;243;160;122;128;252;102;201;g;win;Windows;XP;853641209;1;0;0;47;1460;14480;0;8;0
70;180;78;3;128;252;102;8;s;win;Windows;7 or 8;85765585;3;0;0;117;1460;8192;2;2;0
189;78;67;82;128;252;181;213;s;win;Windows;7 or 8;85765585;3;0;0;115;1452;8192;2;8;0
119;46;92;222;128;252;21;79;s;unix;Linux;2.4.x;853641209;3;0;0;45;1460;5840;1;1;0
128;252;21;79;119;46;92;222;s;win;Windows;XP;4032013835;3;1;0;62;1460;16384;2;0;0
122;107;212;120;128;252;110;201;g;win;Windows;XP;409617867;3;1;0;53;1460;65535;0;1;0
128;252;19;240;205;234;225;146;s;unix;Linux;3.x;853641209;3;0;0;62;1460;14600;1;7;0
173;234;159;4;128;252;19;18;s;win;Windows;XP;3473552393;3;0;0;115;1456;65535;2;0;0
205;234;225;146;128;252;19;240;g;win;Windows;XP;853641209;1;0;0;58;1460;14480;0;1;0
17;151;225;8;128;252;102;186;g;win;Windows;XP;118251589;3;0;0;243;1360;8190;0;0;0
165;254;29;168;128;252;102;7;s;unix;Linux;3.x;1661676545;1;0;0;58;1460;14600;1;1;0
168;62;215;109;128;252;80;81;s;win;Windows;7 or 8;85765585;3;0;0;117;1440;8192;2;8;0
66;6;36;15;128;252;102;211;s;unix;Linux;2.6.x;1661676545;1;0;0;53;1460;5840;1;9;0
75;134;119;62;128;252;110;214;s;win;Windows;7 or 8;3473552393;3;0;0;116;1460;8192;2;0;0
128;252;102;175;173;194;55;10;s;win;Windows;XP;409617867;3;1;0;60;1380;65535;2;1;0
165;254;94;64;128;252;102;217;g;win;Windows;XP;853641209;1;0;0;58;1460;14480;0;1;0
74;125;134;125;65;254;127;186;s;unix;Linux;3.x;1661676545;0;0;0;47;1430;14300;1;6;0
199;233;57;41;128;252;88;241;g;win;Windows;XP;644227027;3;1;0;245;1460;4140;0;0;0
144;137;19;80;128;252;102;195;s;win;Windows;7 or 8;3473552393;3;0;0;111;1460;8192;2;0;0
64;74;254;20;128;252;0;1;g;unix;Linux;2.2.x-3.x (barebone;118251589;3;0;0;247;1460;8190;0;0;0
121;220;209;196;128;252;110;208;s;win;Windows;7 or 8;3473552393;3;0;0;108;1460;8192;2;0;0
174;37;29;148;128;252;102;168;s;unix;Linux;2.4-2.6;3473552393;1;0;0;54;1460;5840;1;0;0
108;218;70;206;128;252;32;78;s;unix;iOS;iPhone or iPad;409617867;3;1;0;55;1452;65535;2;4;0
69;114;166;116;128;252;102;201;s;win;Windows;7 or 8;3473552393;3;0;0;118;1460;8192;2;0;0
46;165;11;160;128;252;29;141;s;win;Windows;XP;3473552393;3;0;0;113;1460;65535;2;0;0
173;194;55;71;128;252;110;222;g;win;Windows;XP;853641209;1;0;0;58;1460;5792;0;6;0
128;252;176;137;74;86;56;202;s;win;Windows;7 or 8;3473552393;3;0;0;125;1380;8192;2;0;0
31;13;65;10;65;254;127;184;g;win;Windows;XP;853641209;1;0;0;87;1460;14480;0;9;0
2;26;14;125;128;252;130;83;s;win;Windows;XP;4032013835;3;1;0;51;1460;65535;2;0;0
74;125;225;35;128;252;102;188;g;win;Windows;XP;853641209;0;0;0;57;1430;62392;0;6;0
220;255;1;31;128;252;19;19;g;unix;Linux;2.2.x-3.x (barebone;118251589;3;0;0;242;1440;8190;0;0;0
74;125;225;78;128;252;110;198;g;win;Windows;XP;1661676545;0;0;0;57;1430;62920;0;6;0
128;252;57;117;206;72;206;242;s;win;Windows;7 or 8;85765585;3;0;0;126;1380;8192;2;2;0
88;80;143;20;128;252;102;195;s;win;Windows;7 or 8;85765585;11;0;0;50;1460;8192;2;2;0
128;252;130;122;205;203;140;1;s;win;Windows;XP;3473552393;3;0;0;125;1380;65535;2;0;0
128;252;67;47;64;124;14;38;g;unix;Linux;2.2.x-3.x (barebone;85765585;3;0;0;62;1380;49640;0;0;0
88;80;163;8;128;252;202;44;g;win;Windows;XP;4146123721;4096;0;0;113;1460;64240;0;0;0
74;125;225;98;128;252;110;195;g;win;Windows;XP;853641209;0;0;0;57;1430;62392;0;6;0
137;254;16;112;128;252;110;226;g;win;Windows;XP;644227027;3;1;0;245;1460;4140;0;0;0
50;16;215;41;128;252;110;198;s;unix;Linux;2.6.x;1661676545;1;0;0;48;1460;5840;1;9;0
184;73;184;227;128;252;110;201;s;unix;Linux;2.6.x;1661676545;1;0;0;48;1460;5840;1;6;0
23;21;207;126;128;252;102;201;g;win;Windows;XP;853641209;1;0;0;45;1460;14480;0;8;0
202;173;24;200;128;252;121;103;g;win;Windows;XP;118251589;3;0;0;240;1460;8190;0;0;0
221;153;224;206;128;252;102;172;s;win;Windows;XP;85765585;3;0;0;106;1460;65535;2;0;0
64;208;138;136;128;252;110;206;g;win;Windows;XP;853641209;1;0;0;55;1460;5792;0;9;0
62;165;200;250;128;252;102;184;s;win;Windows;7 or 8;85765585;3;0;0;109;1440;8192;2;2;0
128;252;173;59;69;74;223;244;s;win;Windows;7 or 8;3473552393;3;0;0;126;1460;8192;2;0;0
72;138;35;71;128;252;157;211;s;win;Windows;XP;3473552393;3;0;0;118;1460;65535;2;0;0
99;107;77;114;128;252;156;184;s;win;Windows;7 or 8;1809663017;3;0;0;116;1460;8192;2;2;0
208;85;40;45;128;252;102;182;g;win;Windows;XP;644227027;3;1;0;248;1460;4140;0;0;0
204;9;177;185;128;252;110;201;s;unix;Linux;2.6.x;1661676545;1;0;0;53;1460;5840;1;7;0
50;19;216;239;128;252;109;60;g;win;Windows;XP;853641209;1;0;0;47;1460;14480;0;8;0
50;19;86;194;128;252;102;153;s;unix;Linux;2.6.x;1661676545;1;0;0;48;1460;5840;1;7;0
184;91;216;36;128;252;102;186;s;win;Windows;7 or 8;1809663017;3;0;0;115;1460;8192;2;8;0
128;252;110;227;212;162;25;34;s;win;Windows;7 or 8;85765585;3;0;0;125;1380;8192;2;2;0
50;16;238;187;128;252;110;201;s;unix;Linux;2.6.x;1661676545;1;0;0;49;1460;5840;1;7;0
23;21;117;216;128;252;102;198;s;unix;Linux;3.x;1661676545;1;0;0;47;1460;14600;1;8;0
174;37;199;108;128;252;110;113;s;win;Windows;7 or 8;85765585;3;0;0;117;1460;8192;2;8;0
69;181;166;67;128;252;110;218;g;unix;Linux;2.2.x-3.x (barebone;853641209;3;0;0;52;1460;7300;0;0;0
23;60;195;205;128;252;102;177;g;win;Windows;XP;853641209;1;0;0;59;1460;14480;0;1;0
205;251;253;9;128;252;102;7;g;win;Windows;XP;853641209;1;0;0;57;1460;5792;0;8;0
23;60;205;15;65;254;127;188;g;win;Windows;XP;853641209;1;0;0;59;1460;14480;0;1;0
209;85;214;42;128;252;29;10;s;unix;Linux;3.x;853641209;0;0;0;44;1430;14300;1;6;0
128;252;102;224;89;188;122;214;s;win;Windows;XP;409617867;3;1;0;60;1380;65535;2;1;0
173;194;77;106;128;252;115;18;s;unix;Linux;3.x;1661676545;0;0;0;49;1430;14300;1;6;0
173;175;151;121;128;252;102;195;s;win;Windows;7 or 8;3473552393;3;0;0;116;1460;8192;2;0;0
173;193;28;71;128;252;102;7;g;win;Windows;XP;853641209;1;0;0;54;1460;5792;0;7;0
128;252;195;38;168;63;149;225;s;unix;FreeBSD;8.x;644227027;3;1;0;62;1460;65535;2;3;0
122;61;203;109;128;252;110;196;g;win;Windows;XP;85765585;3;0;0;47;1460;8192;0;2;0
173;52;92;7;128;252;102;172;s;win;Windows;7 or 8;3473552393;3;0;0;118;1460;8192;2;0;0
61;91;88;138;128;252;102;184;g;win;Windows;XP;853641209;1;0;0;51;1460;65160;0;12;0
174;37;217;200;128;252;110;206;g;win;Windows;XP;853641209;1;0;0;55;1460;14480;0;5;0
128;252;110;205;71;104;197;161;s;win;Windows;7 or 8;85765585;3;0;0;125;1380;8192;2;2;0
173;218;151;239;65;254;127;186;s;win;Windows;7 or 8;85765585;3;0;0;118;1460;8192;2;2;0
208;49;204;17;128;252;102;154;s;unix;Linux;3.x;1661676545;1;0;0;57;1460;14600;1;1;0
208;49;204;41;128;252;102;154;s;unix;Linux;3.x;1661676545;1;0;0;57;1460;14600;1;1;0
23;0;165;51;128;252;102;201;g;win;Windows;XP;853641209;1;0;0;56;1460;14480;0;1;0
150;101;189;211;128;252;102;219;s;win;Windows;7 or 8;85765585;3;0;0;115;1420;8192;2;2;0
23;60;193;249;128;252;102;152;g;win;Windows;XP;853641209;1;0;0;59;1460;14480;0;1;0
31;13;74;24;128;252;102;211;g;win;Windows;XP;853641209;1;0;0;88;1460;14480;0;9;0
92;81;241;1;128;252;102;207;s;win;Windows;XP;3473552393;3;0;0;110;1412;65535;2;0;0
67;129;144;51;128;252;102;86;g;win;Windows;XP;853641209;1;0;0;57;1460;14480;0;1;0
112;166;56;219;128;252;102;172;s;win;Windows;XP;3473552393;3;0;0;107;1460;65535;2;0;0
128;252;251;212;66;242;204;46;s;win;Windows;XP;4146123721;4096;0;0;126;1380;16384;2;0;0
128;252;27;67;74;74;73;248;s;unix;FreeBSD;8.x;644227027;3;1;0;61;1380;65535;2;3;0
23;0;165;8;128;252;110;226;s;unix;Linux;3.x;1661676545;1;0;0;56;1460;14600;1;1;0
112;159;67;164;128;252;102;173;s;win;Windows;7 or 8;85765585;3;0;0;109;1460;8192;2;2;0
128;252;80;155;123;224;202;94;s;win;Windows;7 or 8;3473552393;3;0;0;125;1380;8192;2;0;0
107;22;175;40;128;252;102;201;g;win;Windows;XP;853641209;1;0;0;48;1460;14480;0;8;0
128;252;164;11;174;37;199;108;s;win;Windows;7 or 8;85765585;3;0;0;126;1460;8192;2;8;0
23;60;209;55;128;252;110;226;s;unix;Linux;3.x;1661676545;1;0;0;59;1460;14600;1;1;0
77;67;86;236;65;254;127;188;g;win;Windows;XP;853641209;1;0;0;58;1460;14480;0;1;0
23;60;100;42;128;252;102;180;s;unix;Linux;3.x;1661676545;1;0;0;58;1460;14600;1;1;0
38;113;165;110;128;252;110;226;s;unix;FreeBSD;8.x;644227027;3;1;0;58;1380;65535;2;3;0
128;252;6;3;99;7;216;6;s;win;Windows;7 or 8;1809663017;3;0;0;125;1380;8192;2;8;0
70;139;80;165;128;252;102;183;s;win;Windows;7 or 8;85765585;3;0;0;116;1460;8192;2;2;0
72;21;91;118;128;252;109;60;s;unix;Linux;3.x;1661676545;1;0;0;57;1460;14600;1;6;0
199;47;216;172;128;252;110;219;g;win;Windows;XP;853641209;1;0;0;55;1460;14480;0;9;0
