2013-1-29 15:34:51
24;207;240;122;128;252;163;63;s;win;Windows;7 or 8;85765585;3;0;0;117;1460;8192;2;2;0;1
128;252;110;199;93;184;215;248;s;win;Windows;7 or 8;85765585;3;0;0;125;1380;8192;2;2;0;1
128;252;163;63;24;207;240;122;s;unix;Linux;2.6.x;1661676545;1;0;0;62;1460;5840;1;5;0;2
128;252;102;186;174;107;153;193;s;unix;iOS;iPhone or iPad;409617867;3;1;0;60;1380;65535;2;4;0;1
128;252;102;175;74;125;225;100;s;win;Windows;XP;409617867;3;1;0;60;1380;65535;2;1;0;1
128;252;102;179;74;125;225;73;s;unix;Mac OS X;10.x;409617867;3;1;0;60;1380;65535;2;3;0;1
23;13;111;144;128;252;110;202;s;unix;Linux;3.x;1661676545;1;0;0;58;1460;14600;1;1;0;2
208;54;40;141;128;252;32;78;s;win;Windows;XP;85765585;0;0;0;186;1260;65535;2;2;0;1
128;252;110;202;23;13;111;144;s;win;Windows;7 or 8;85765585;3;0;0;125;1380;8192;2;2;0;1
58;164;118;101;65;254;127;188;s;win;Windows;7 or 8;85765585;3;0;0;109;1460;8192;2;8;0;1
65;254;127;185;74;125;225;97;s;win;Windows;7 or 8;85765585;3;0;0;124;1380;8192;2;2;0;1
74;125;225;96;65;254;127;185;?;unkn;Unknown;Unknown;1661676545;0;0;0;57;1430;62920;0;6;0;10
64;73;122;78;128;252;202;44;s;unix;HP-UX;11.x;118251589;0;0;0;245;1380;32768;2;0;0;1
74;125;225;73;128;252;102;179;?;unkn;Unknown;Unknown;853641209;0;0;0;57;1430;62392;0;6;0;10
128;252;102;182;207;46;193;178;s;win;Windows;7 or 8;85765585;3;0;0;124;1380;8192;2;2;0;1
65;254;127;182;31;13;74;23;s;win;Windows;7 or 8;85765585;3;0;0;124;1380;8192;2;2;0;1
213;242;117;134;65;254;127;183;s;win;Windows;7 or 8;85765585;3;0;0;115;1460;8192;2;8;0;1
205;251;253;209;128;252;102;160;?;unkn;Unknown;Unknown;853641209;1;0;0;57;1460;5792;0;8;0;10
79;161;144;74;128;252;110;205;s;win;Windows;7 or 8;85765585;3;0;0;117;1460;8192;2;2;0;1
74;125;225;97;65;254;127;185;?;unkn;Unknown;Unknown;1661676545;0;0;0;57;1430;62920;0;6;0;10
128;252;102;201;173;194;35;111;s;win;Windows;7 or 8;85765585;3;0;0;124;1380;8192;2;2;0;1
128;252;176;137;74;86;56;202;s;win;Windows;7 or 8;3473552393;3;0;0;125;1380;8192;2;0;0;1
31;13;74;23;65;254;127;182;s;unix;Linux;3.x;1661676545;1;0;0;88;1460;14600;1;9;0;2
165;254;94;51;128;252;110;205;s;unix;Linux;3.x;1661676545;1;0;0;58;1460;14600;1;1;0;2
207;46;193;178;128;252;102;182;s;win;Windows;7 or 8;3473552393;3;0;0;55;1460;8192;2;0;0;1
74;125;225;100;65;254;127;185;?;unkn;Unknown;Unknown;1661676545;0;0;0;57;1430;62920;0;6;0;10
74;125;225;110;65;254;127;185;?;unkn;Unknown;Unknown;1661676545;0;0;0;57;1430;62920;0;6;0;10
74;125;225;124;65;254;127;187;?;unkn;Unknown;Unknown;853641209;0;0;0;57;1430;62392;0;6;0;10
207;197;61;109;128;252;102;175;s;win;Windows;XP;409617867;3;1;0;47;1460;65535;2;1;0;1
88;198;224;154;128;252;31;78;s;unix;Linux;2.4-2.6;118251589;1;0;0;47;1460;5840;1;0;0;1
17;164;0;36;128;252;102;204;?;unkn;Unknown;Unknown;118251589;3;0;0;246;1360;8190;0;0;0;10
128;252;102;199;205;251;253;197;s;unix;iOS;iPhone or iPad;409617867;3;1;0;60;1380;65535;2;4;0;1
128;252;102;165;64;208;138;151;s;win;Windows;XP;409617867;3;1;0;60;1380;65535;2;1;0;1
74;125;225;122;65;254;127;187;?;unkn;Unknown;Unknown;853641209;0;0;0;57;1430;62392;0;6;0;10
208;43;93;200;128;252;104;112;s;win;Windows;7 or 8;2166136261;3;0;0;103;0;8192;2;0;0;1
205;251;253;73;128;252;110;201;s;unix;Linux;2.6.x;1661676545;1;0;0;57;1460;5840;1;8;0;2
74;125;225;111;128;252;102;164;?;unkn;Unknown;Unknown;853641209;0;0;0;57;1430;62392;0;6;0;10
65;182;100;177;128;252;110;193;s;win;Windows;XP;3473552393;0;0;0;114;1460;16384;2;0;0;1
189;227;43;12;128;252;110;214;s;win;Windows;XP;4032013835;3;1;0;54;1452;65535;2;0;0;1
217;169;56;209;128;252;177;196;?;unkn;Unknown;Unknown;853641209;1;0;0;49;1460;5792;0;7;0;10
58;96;49;164;128;252;110;214;s;win;Windows;XP;409617867;3;1;0;41;1452;65535;2;1;0;1
128;252;102;207;63;233;92;81;s;win;Windows;7 or 8;3473552393;3;0;0;124;1380;8192;2;0;0;1
66;249;73;85;128;252;17;197;g;unix;Linux;2.2.x-3.x;1661676545;0;0;0;49;1430;62920;0;6;0;3
65;254;127;219;165;254;94;34;g;unix;Linux;2.2.x-3.x;853641209;3;0;0;60;1380;5840;0;3;0;3
75;82;218;93;128;252;110;204;s;win;Windows;XP;3473552393;3;0;0;114;1460;65535;2;0;0;1
128;252;102;212;31;13;65;7;s;unix;iOS;iPhone or iPad;409617867;3;1;0;60;1380;65535;2;4;0;1
128;252;202;44;207;236;24;141;s;unix;Linux;3.x;853641209;3;0;0;62;1460;14600;1;7;0;1
38;113;165;116;128;252;102;182;s;unix;FreeBSD;8.x;644227027;3;1;0;58;1380;65535;2;3;0;1
64;208;138;151;128;252;102;165;?;unkn;Unknown;Unknown;853641209;1;0;0;54;1460;5792;0;9;0;10
93;184;215;248;128;252;110;199;s;unix;Linux;2.4-2.6;1661676545;1;0;0;58;1460;5840;1;0;0;1
190;141;228;211;128;252;93;1;s;win;Windows;7 or 8;85765585;3;0;0;113;1460;8192;2;2;0;1
123;241;8;24;128;252;19;18;s;unix;Mac OS X;10.x;409617867;3;1;0;44;1460;65535;2;3;0;1
128;252;110;201;205;251;253;33;s;win;Windows;7 or 8;85765585;3;0;0;125;1380;8192;2;2;0;1
63;233;92;81;128;252;102;207;s;unix;Linux;3.x;3473552393;1;0;0;56;1460;14600;1;0;0;1
113;173;31;2;128;252;19;19;s;win;Windows;7 or 8;3473552393;3;0;0;115;1452;8192;2;0;0;1
165;254;94;34;65;254;127;219;?;unkn;Unknown;Unknown;853641209;1;0;0;58;1460;14480;0;1;0;10
128;252;19;19;113;173;31;2;s;unix;Linux;2.4-2.6;3473552393;1;0;0;62;1460;5840;1;0;0;1
74;125;134;125;65;254;127;186;s;unix;Linux;3.x;1661676545;0;0;0;47;1430;14300;1;6;0;2
199;59;150;43;128;252;110;202;s;unix;Linux;3.x;1661676545;1;0;0;50;1460;14600;1;8;0;2
128;252;110;228;69;171;248;16;s;unix;Mac OS X;10.x;409617867;3;1;0;61;1380;65535;2;3;0;1
128;252;102;200;74;125;225;32;s;unix;iOS;iPhone or iPad;409617867;3;1;0;60;1380;65535;2;4;0;1
74;125;133;125;128;252;110;199;s;unix;Linux;3.x;1661676545;0;0;0;49;1430;14300;1;6;0;2
205;251;253;33;128;252;110;201;s;unix;Linux;2.6.x;1661676545;1;0;0;57;1460;5840;1;8;0;2
31;13;65;7;128;252;102;212;?;unkn;Unknown;Unknown;853641209;1;0;0;87;1460;14480;0;9;0;10
76;105;136;52;128;252;6;39;s;win;Windows;XP;409617867;3;1;0;51;1460;65535;2;1;0;1
75;92;236;177;128;252;6;39;s;win;Windows;7 or 8;3473552393;3;0;0;116;1354;8192;2;0;0;1
74;125;225;32;128;252;102;200;?;unkn;Unknown;Unknown;853641209;0;0;0;57;1430;62392;0;6;0;10
207;236;24;141;128;252;202;44;?;unkn;Unknown;Unknown;853641209;1;0;0;55;1460;5792;0;2;0;10
23;60;95;139;128;252;110;201;s;unix;Linux;3.x;1661676545;1;0;0;58;1460;14600;1;1;0;2
205;251;253;197;128;252;102;199;?;unkn;Unknown;Unknown;853641209;1;0;0;57;1460;5792;0;8;0;10
128;252;102;198;31;13;65;7;s;unix;iOS;iPhone or iPad;409617867;3;1;0;60;1380;65535;2;4;0;1
128;252;21;110;173;155;74;102;s;win;Windows;XP;4146123721;4096;0;0;126;1460;16384;2;0;0;1
77;244;98;68;128;252;65;93;?;unkn;Unknown;Unknown;3473552393;0;0;0;117;1460;64240;0;0;0;10
67;202;66;206;128;252;102;200;?;unkn;Unknown;Unknown;118251589;1;0;0;56;1460;2920;0;0;0;10
67;202;66;171;128;252;102;200;?;unkn;Unknown;Unknown;853641209;1;0;0;56;1460;5792;0;7;0;10
128;252;110;209;67;212;125;196;s;win;Windows;7 or 8;85765585;3;0;0;125;1380;8192;2;2;0;1
112;90;136;121;128;252;102;151;s;unix;Linux;2.4-2.6;118251589;1;0;0;46;1440;5760;1;0;0;1
65;254;127;188;131;123;60;40;s;win;Windows;7 or 8;3473552393;3;0;0;125;1380;8192;2;0;0;1
76;12;124;84;128;252;80;82;s;win;Windows;XP;3473552393;3;0;0;117;1460;65535;2;0;0;1
67;249;89;235;128;252;193;0;s;unix;Linux;2.4.x;853641209;3;0;0;51;1460;5840;1;1;0;1
65;254;127;189;130;117;190;168;s;win;Windows;7 or 8;85765585;3;0;0;124;1380;8192;2;2;0;1
128;252;110;206;89;142;224;188;s;win;Windows;7 or 8;85765585;3;0;0;125;1380;8192;2;2;0;1
208;71;123;1;128;252;102;165;?;unkn;Unknown;Unknown;118251589;3;0;0;247;1360;8190;0;0;0;10
128;252;102;230;199;59;148;147;s;win;Windows;XP;409617867;3;1;0;60;1380;65535;2;1;0;1
64;94;107;63;128;252;110;199;s;unix;Linux;2.6.x;2776361117;1;0;0;53;1460;5840;1;7;0;2
63;233;92;48;128;252;110;228;?;unkn;Unknown;Unknown;853641209;1;0;0;56;1460;14480;0;1;0;10
63;233;92;49;128;252;110;228;?;unkn;Unknown;Unknown;853641209;1;0;0;56;1460;14480;0;1;0;10
173;192;42;188;128;252;110;202;s;unix;Linux;3.x;1661676545;1;0;0;54;1460;14600;1;10;0;2
173;73;40;20;65;254;127;182;s;win;Windows;7 or 8;85765585;3;0;0;118;1460;8192;2;2;0;1
128;252;46;147;63;241;108;124;s;win;Windows;7 or 8;85765585;3;0;0;124;1460;8192;2;2;0;1
174;129;187;156;128;252;102;201;?;unkn;Unknown;Unknown;853641209;1;0;0;48;1460;14480;0;7;0;10
128;252;102;168;74;121;176;40;s;win;Windows;7 or 8;3473552393;3;0;0;124;1380;8192;2;0;0;1
76;16;248;93;128;252;110;214;s;win;Windows;XP;409617867;3;1;0;52;1460;65535;2;1;0;1
69;171;248;16;128;252;110;228;?;unkn;Unknown;Unknown;853641209;1;0;0;83;1460;14480;0;9;0;10
65;254;127;187;74;125;142;95;s;unix;iOS;iPhone or iPad;409617867;3;1;0;60;1380;65535;2;4;0;1
31;13;65;26;128;252;110;228;?;unkn;Unknown;Unknown;853641209;1;0;0;88;1460;14480;0;9;0;10
128;252;102;188;74;125;225;110;s;win;Windows;XP;409617867;3;1;0;60;1380;65535;2;1;0;1
128;252;102;183;65;33;47;9;s;win;Windows;7 or 8;3473552393;3;0;0;125;1380;8192;2;0;0;1
98;155;229;201;128;252;110;214;s;win;Windows;XP;409617867;3;1;0;50;1460;65535;2;1;0;1
195;230;140;46;128;252;17;73;s;unix;Linux;2.6.x;853641209;3;0;0;51;1460;5840;1;7;0;1
113;53;182;244;65;254;127;188;s;win;Windows;XP;409617867;3;1;0;49;1452;65535;2;1;0;1
128;252;6;150;95;211;81;111;s;win;Windows;7 or 8;85765585;3;0;0;126;1380;8192;2;8;0;1
198;228;228;44;128;252;93;44;g;unix;Linux;2.4.x-2.6.x;853641209;3;0;0;52;1460;5840;1;9;0;2
128;252;93;44;198;228;228;44;s;win;Windows;XP;4146123721;4096;0;0;126;1460;16384;2;0;0;1
128;252;157;246;92;114;150;41;s;unix;Mac OS X;10.x;409617867;3;1;0;61;1380;65535;2;3;0;1
128;252;102;187;68;67;159;141;s;unix;iOS;iPhone or iPad;409617867;3;1;0;60;1380;65535;2;4;0;1
65;254;127;186;173;192;42;188;s;unix;iOS;iPhone or iPad;409617867;3;1;0;61;1380;65535;2;4;0;1
187;149;250;19;128;252;102;219;s;win;Windows;7 or 8;85765585;3;0;0;117;1452;8192;2;2;0;1
74;125;142;95;65;254;127;187;?;unkn;Unknown;Unknown;853641209;0;0;0;49;1430;14180;0;6;0;10
174;129;245;199;128;252;110;209;s;unix;Linux;3.x;1661676545;1;0;0;47;1460;14600;1;9;0;2
173;194;35;111;128;252;102;201;?;unkn;Unknown;Unknown;1661676545;0;0;0;50;1430;62920;0;6;0;10
63;241;108;124;128;252;46;147;s;win;Windows;7 or 8;118251589;3;0;0;117;1460;8192;2;0;0;1
65;51;54;222;128;252;0;9;g;unix;Linux;2.2.x-3.x (barebone;118251589;3;0;0;245;1380;8188;0;0;0;2
128;252;0;9;65;51;54;222;s;unix;Linux;2.4-2.6;118251589;1;0;0;62;1460;5840;1;0;0;1
74;121;176;40;128;252;102;168;?;unkn;Unknown;Unknown;118251589;1;0;0;54;1380;5840;0;0;0;10
63;233;92;57;65;254;127;187;?;unkn;Unknown;Unknown;853641209;1;0;0;56;1460;14480;0;1;0;10
180;177;78;66;128;252;19;18;s;win;Windows;XP;3473552393;3;0;0;113;1460;65535;2;0;0;1
128;252;19;18;180;177;78;66;s;unix;Linux;2.4-2.6;3473552393;1;0;0;62;1460;5840;1;0;0;1
63;233;92;88;128;252;102;165;?;unkn;Unknown;Unknown;853641209;1;0;0;56;1460;14480;0;1;0;10
69;171;235;16;128;252;115;41;s;unix;Linux;3.x;1661676545;1;0;0;82;1460;14600;1;9;0;2
128;252;110;204;109;128;207;247;s;win;Windows;7 or 8;85765585;3;0;0;125;1380;8192;2;2;0;1
23;0;165;27;128;252;102;209;?;unkn;Unknown;Unknown;853641209;1;0;0;56;1460;14480;0;1;0;10
122;225;83;168;128;252;231;63;?;unkn;Unknown;Unknown;1661676545;1;0;0;46;1460;65535;0;12;0;10
68;67;159;141;128;252;102;187;?;unkn;Unknown;Unknown;853641209;1;0;0;57;1460;5792;0;9;0;10
205;251;253;137;128;252;102;199;?;unkn;Unknown;Unknown;853641209;1;0;0;57;1460;5792;0;8;0;10
67;232;64;246;128;252;251;204;s;win;Windows;XP;4032013835;3;1;0;51;1460;65535;2;0;0;1
91;190;216;65;128;252;102;188;?;unkn;Unknown;Unknown;3473552393;1;0;0;55;1460;7300;0;0;0;10
218;85;18;211;128;252;102;193;s;win;Windows;7 or 8;3473552393;3;0;0;46;1440;8192;2;0;0;1
173;204;162;3;128;252;102;215;s;win;Windows;7 or 8;947159361;3;0;0;116;1460;8192;2;0;0;1
67;212;125;196;128;252;110;209;s;win;Windows;7 or 8;85765585;3;0;0;120;1460;8192;2;2;0;1
128;252;20;205;23;0;165;40;s;win;Windows;XP;3473552393;3;0;0;126;1460;65535;2;0;0;1
208;71;125;59;128;252;102;198;?;unkn;Unknown;Unknown;118251589;3;0;0;248;1360;8190;0;0;0;10
74;125;225;107;65;254;127;187;?;unkn;Unknown;Unknown;1661676545;0;0;0;57;1430;62920;0;6;0;10
128;252;102;191;199;36;253;12;g;unix;Linux;2.2.x-3.x;85765585;0;0;0;124;1380;63443;0;8;0;3
128;252;110;215;192;168;7;109;s;win;Windows;7 or 8;3473552393;3;0;0;125;1380;8192;2;0;0;1
74;125;225;101;128;252;102;199;?;unkn;Unknown;Unknown;853641209;0;0;0;57;1430;62392;0;6;0;10
61;90;43;57;128;252;19;18;g;unix;Linux;2.2.x-3.x (barebone;644227027;3;1;0;244;1460;4380;0;0;0;2
23;0;165;40;128;252;20;205;s;unix;Linux;3.x;3473552393;1;0;0;56;1460;14600;1;0;0;1
64;94;107;60;128;252;102;198;s;unix;Linux;2.6.x;2776361117;1;0;0;53;1460;5840;1;7;0;2
74;125;225;105;65;254;127;187;?;unkn;Unknown;Unknown;1661676545;0;0;0;57;1430;62920;0;6;0;10
74;125;225;108;65;254;127;187;?;unkn;Unknown;Unknown;1661676545;0;0;0;57;1430;62920;0;6;0;10
23;0;165;50;128;252;110;209;?;unkn;Unknown;Unknown;853641209;1;0;0;56;1460;14480;0;1;0;10
128;252;102;209;165;254;94;49;s;unix;iOS;iPhone or iPad;409617867;3;1;0;60;1380;65535;2;4;0;1
188;255;65;177;128;252;102;219;s;win;Windows;XP;3473552393;3;0;0;114;1460;65535;2;0;0;1
165;254;94;49;128;252;102;209;?;unkn;Unknown;Unknown;853641209;1;0;0;58;1460;14480;0;1;0;10
203;176;181;36;128;252;110;214;s;unix;Mac OS X;10.x;409617867;3;1;0;48;1460;65535;2;3;0;1
207;46;198;117;128;252;102;205;?;unkn;Unknown;Unknown;409617867;3;1;0;247;1460;4140;0;0;0;10
128;252;102;156;74;125;225;102;s;unix;iOS;iPhone or iPad;409617867;3;1;0;60;1380;65535;2;4;0;1
128;252;66;170;76;12;124;84;s;win;Windows;7 or 8;3473552393;3;0;0;126;1460;8192;2;0;0;1
23;0;165;18;128;252;102;188;s;unix;Linux;3.x;1661676545;1;0;0;56;1460;14600;1;1;0;2
130;117;190;168;65;254;127;189;s;unix;FreeBSD;8.x;644227027;3;1;0;55;1380;65535;2;3;0;1
173;194;54;152;128;252;110;202;s;unix;Linux;2.6.x;1661676545;1;0;0;58;1460;5840;1;6;0;2
17;167;137;29;128;252;102;186;?;unkn;Unknown;Unknown;118251589;3;0;0;245;1360;8190;0;0;0;10
128;252;110;208;62;16;185;23;s;win;Windows;7 or 8;85765585;3;0;0;125;1380;8192;2;2;0;1
46;19;231;251;128;252;80;238;s;win;Windows;XP;3473552393;3;0;0;109;1460;65535;2;0;0;1
128;252;80;238;46;19;231;251;s;win;Windows;7 or 8;3473552393;3;0;0;125;1380;8192;2;0;0;1
199;36;253;12;128;252;102;191;?;unkn;Unknown;Unknown;644227027;3;1;0;243;1380;4140;0;0;0;10
24;60;224;4;128;252;102;7;s;win;Windows;XP;409617867;3;1;0;52;1460;65535;2;1;0;1
173;194;77;106;128;252;102;179;s;unix;Linux;3.x;1661676545;0;0;0;49;1430;14300;1;6;0;2
128;252;102;203;107;14;43;243;s;unix;iOS;iPhone or iPad;409617867;3;1;0;60;1380;65535;2;4;0;1
74;125;142;189;128;252;102;179;s;unix;Linux;3.x;1661676545;0;0;0;49;1430;14300;1;6;0;2
95;211;141;106;128;252;6;150;s;unix;Linux;2.6.x;1661676545;1;0;0;55;1460;5840;1;9;0;2
95;211;81;111;128;252;6;150;s;unix;Linux;2.6.x;1661676545;1;0;0;52;1460;5840;1;9;0;2
128;252;102;162;173;208;58;19;s;win;Windows;XP;409617867;3;1;0;61;1380;65535;2;1;0;1
216;155;139;185;128;252;110;195;s;unix;Linux;2.4-2.6;118251589;1;0;0;55;1460;5840;1;0;0;1
97;89;110;73;128;252;19;18;s;win;Windows;7 or 8;85765585;3;0;0;115;1460;8192;2;2;0;1
23;0;165;43;128;252;102;162;?;unkn;Unknown;Unknown;853641209;1;0;0;56;1460;14480;0;1;0;10
128;252;110;196;98;237;43;164;g;unix;Linux;2.2.x-3.x;85765585;0;0;0;125;1380;63443;0;8;0;3
128;252;102;204;130;160;209;255;s;win;Windows;7 or 8;3473552393;3;0;0;125;1380;8192;2;0;0;1
128;252;102;8;70;180;78;3;s;win;Windows;7 or 8;85765585;3;0;0;125;1380;8192;2;2;0;1
128;252;102;153;72;21;91;19;s;unix;iOS;iPhone or iPad;409617867;3;1;0;60;1380;65535;2;4;0;1
107;14;43;243;128;252;102;203;?;unkn;Unknown;Unknown;853641209;1;0;0;58;1460;14480;0;1;0;10
74;125;225;66;128;252;102;198;?;unkn;Unknown;Unknown;853641209;0;0;0;57;1430;62392;0;6;0;10
209;202;167;103;128;252;11;80;?;unkn;Unknown;Unknown;3473552393;1;0;0;53;1380;5840;0;0;0;10
125;168;107;48;128;252;64;252;s;win;Windows;7 or 8;3473552393;3;0;0;110;1452;8192;2;0;0;1
23;0;165;8;128;252;46;147;s;unix;Linux;3.x;1661676545;1;0;0;56;1460;14600;1;1;0;2
72;21;91;19;128;252;102;153;s;unix;Linux;3.x;1661676545;1;0;0;57;1460;14600;1;6;0;2
99;111;115;75;128;252;102;7;s;win;Windows;7 or 8;3473552393;3;0;0;118;1460;8192;2;0;0;1
128;252;102;215;184;75;168;174;g;unix;Linux;2.2.x-3.x;853641209;3;0;0;60;1380;14600;0;6;0;3
204;93;213;45;128;252;102;153;?;unkn;Unknown;Unknown;409617867;3;1;0;243;1460;4140;0;0;0;10
71;11;96;31;128;252;6;39;s;win;Windows;XP;409617867;3;1;0;52;1460;65535;2;1;0;1
173;208;58;19;128;252;102;162;?;unkn;Unknown;Unknown;1809663017;3;0;0;52;1380;65535;0;7;0;10
128;252;110;193;74;125;225;107;s;win;Windows;7 or 8;3473552393;3;0;0;125;1380;8192;2;0;0;1
63;233;92;65;128;252;102;162;?;unkn;Unknown;Unknown;853641209;1;0;0;56;1460;14480;0;1;0;10
128;252;102;155;74;123;155;25;s;unix;Tru64;4.x;3473552393;3;0;0;124;1380;32768;2;0;0;0
63;142;161;4;128;252;6;150;s;unix;Linux;2.6.x;1661676545;1;0;0;54;1460;5840;1;9;0;2
217;218;26;130;128;252;21;79;s;win;Windows;7 or 8;85765585;3;0;0;118;1460;8192;2;8;0;1
219;144;130;62;128;252;101;24;s;win;Windows;XP;3473552393;3;0;0;108;1460;65535;2;0;0;1
128;252;101;24;219;144;130;62;?;unkn;Unknown;Unknown;3473552393;3;0;0;126;1460;64512;0;0;0;10
174;37;29;148;128;252;102;168;s;unix;Linux;2.4-2.6;3473552393;1;0;0;54;1460;5840;1;0;0;1
128;252;102;208;173;194;64;147;s;unix;iOS;iPhone or iPad;409617867;3;1;0;60;1380;65535;2;4;0;1
184;72;231;89;128;252;102;153;?;unkn;Unknown;Unknown;853641209;1;0;0;48;1460;5792;0;8;0;10
208;82;236;225;65;254;127;187;?;unkn;Unknown;Unknown;3473552393;3;0;0;116;1460;14480;0;0;0;10
184;72;162;162;128;252;102;153;?;unkn;Unknown;Unknown;853641209;1;0;0;45;1460;14480;0;7;0;10
114;80;184;71;128;252;102;7;s;unix;Linux;2.6.x;1661676545;1;0;0;47;1460;5840;1;9;0;2
128;252;43;5;169;230;107;182;s;win;Windows;7 or 8;3473552393;3;0;0;125;1380;8192;2;0;0;1
65;254;127;184;199;59;150;10;s;unix;iOS;iPhone or iPad;409617867;3;1;0;60;1380;65535;2;4;0;1
172;20;66;137;63;233;92;67;s;win;Windows;7 or 8;85765585;3;0;0;126;1460;8192;2;8;0;1
77;67;86;80;128;252;102;170;?;unkn;Unknown;Unknown;853641209;1;0;0;58;1460;14480;0;1;0;10
128;252;156;184;67;171;247;211;s;win;Windows;7 or 8;3473552393;3;0;0;125;1380;8192;2;0;0;1
212;34;34;146;128;252;33;235;s;win;Windows;7 or 8;3473552393;3;0;0;112;1460;8192;2;0;0;1
128;252;153;27;64;57;23;210;s;unix;Linux;3.x;853641209;3;0;0;62;1460;14600;1;7;0;1
66;6;36;15;128;252;102;212;s;unix;Linux;2.6.x;1661676545;1;0;0;53;1460;5840;1;9;0;2
128;252;110;200;174;129;1;163;s;win;Windows;7 or 8;85765585;3;0;0;125;1380;8192;2;2;0;1
173;194;64;147;128;252;102;208;?;unkn;Unknown;Unknown;853641209;0;0;0;49;1430;14180;0;6;0;10
128;252;156;48;174;35;35;21;s;win;Windows;7 or 8;85765585;3;0;0;125;1380;8192;2;8;0;1
23;23;107;249;128;252;102;153;?;unkn;Unknown;Unknown;853641209;1;0;0;48;1460;5792;0;8;0;10
128;252;102;227;23;23;110;81;s;win;Windows;7 or 8;85765585;3;0;0;124;1380;8192;2;2;0;1
23;13;112;143;128;252;110;197;s;unix;Linux;3.x;1661676545;1;0;0;58;1460;14600;1;1;0;2
130;47;252;68;128;252;202;44;s;unix;HP-UX;11.x;409617867;3;1;0;55;1460;32768;2;0;0;1
184;75;168;174;128;252;102;215;?;unkn;Unknown;Unknown;409617867;3;1;0;245;1460;4140;0;0;0;10
87;202;189;232;128;252;212;60;s;win;Windows;7 or 8;3473552393;3;0;0;111;1442;8192;2;0;0;1
198;20;69;74;128;252;95;176;s;!;NMap;SYN scan;2166136261;128;0;0;114;0;1024;2;0;0;0
50;19;223;143;128;252;102;153;?;unkn;Unknown;Unknown;853641209;1;0;0;47;1460;14480;0;8;0;10
74;125;142;108;128;252;102;208;?;unkn;Unknown;Unknown;853641209;0;0;0;49;1430;14180;0;6;0;10
121;92;19;187;128;252;110;198;s;win;Windows;XP;409617867;3;1;0;45;1398;65535;2;1;0;1
23;60;77;231;128;252;110;209;?;unkn;Unknown;Unknown;853641209;1;0;0;58;1460;14480;0;1;0;10
23;13;98;110;128;252;110;201;s;unix;Linux;3.x;1661676545;1;0;0;58;1460;14600;1;1;0;2
206;165;250;97;128;252;102;187;s;unix;Linux;2.4-2.6;118251589;1;0;0;54;1460;5840;1;0;0;1
128;252;102;214;219;142;78;203;s;win;Windows;7 or 8;85765585;3;0;0;60;1380;8192;2;2;0;1
174;129;1;163;128;252;110;200;s;unix;Linux;2.6.x;1661676545;0;0;0;47;1360;5440;1;6;0;2
112;203;198;140;128;252;110;206;s;win;Windows;XP;85765585;3;0;0;113;1460;65535;2;0;0;1
168;63;150;56;128;252;248;69;s;win;Windows;7 or 8;85765585;3;0;0;111;1440;8192;2;8;0;1
63;233;92;67;128;252;110;201;s;unix;Linux;3.x;1661676545;1;0;0;56;1460;14600;1;1;0;2
174;35;35;21;128;252;156;48;?;unkn;Unknown;Unknown;1661676545;1;0;0;55;1460;64404;0;7;0;10
182;55;195;25;128;252;110;206;s;win;Windows;XP;3473552393;3;0;0;116;1460;65535;2;0;0;1
23;23;110;81;128;252;102;227;s;unix;Linux;3.x;1661676545;1;0;0;46;1460;14600;1;7;0;2
66;103;64;117;128;252;102;209;?;unkn;Unknown;Unknown;118251589;3;0;0;245;1360;8190;0;0;0;10
23;13;108;244;128;252;110;207;?;unkn;Unknown;Unknown;853641209;1;0;0;58;1460;14480;0;1;0;10
128;252;195;178;74;125;225;117;s;win;Windows;7 or 8;85765585;3;0;0;125;1460;8192;2;2;0;1
23;0;165;17;128;252;102;187;?;unkn;Unknown;Unknown;853641209;1;0;0;56;1460;14480;0;1;0;10
128;252;88;241;202;173;28;250;s;win;Windows;7 or 8;85765585;3;0;0;125;1380;8192;2;8;0;1
74;125;225;117;128;252;195;178;?;unkn;Unknown;Unknown;1661676545;0;0;0;57;1430;62920;0;6;0;10
173;241;244;99;128;252;110;201;?;unkn;Unknown;Unknown;118251589;3;0;0;245;1360;8190;0;0;0;10
69;152;93;162;128;252;98;17;s;unix;iOS;iPhone or iPad;409617867;3;1;0;55;1452;65535;2;4;0;1
71;14;183;42;128;252;80;245;s;win;Windows;XP;409617867;3;1;0;53;1460;65535;2;1;0;1
89;91;201;178;65;254;127;223;s;unix;iOS;iPhone or iPad;409617867;3;1;0;51;1460;65535;2;4;0;1
79;151;118;194;128;252;102;219;s;unix;iOS;iPhone or iPad;409617867;3;1;0;52;1452;65535;2;4;0;1
79;17;238;80;128;252;102;7;s;win;Windows;7 or 8;3473552393;3;0;0;112;1452;8192;2;0;0;1
23;60;207;160;128;252;102;154;?;unkn;Unknown;Unknown;853641209;1;0;0;59;1460;14480;0;1;0;10
128;252;102;151;37;59;19;15;s;win;Windows;XP;409617867;3;1;0;60;1380;65535;2;1;0;1
91;73;254;87;128;252;156;184;g;win;Windows;NT kernel 6.x;409617867;3;1;0;43;1460;8192;2;3;0;2
23;21;50;52;128;252;110;201;s;unix;Linux;3.x;1661676545;1;0;0;46;1460;14600;1;8;0;2
128;252;102;164;23;13;109;67;s;unix;iOS;iPhone or iPad;409617867;3;1;0;60;1380;65535;2;4;0;1
23;13;109;67;128;252;102;164;?;unkn;Unknown;Unknown;853641209;1;0;0;58;1460;14480;0;1;0;10
17;151;225;77;128;252;102;186;?;unkn;Unknown;Unknown;118251589;3;0;0;243;1360;8190;0;0;0;10
174;35;35;39;128;252;156;48;?;unkn;Unknown;Unknown;1661676545;1;0;0;56;1460;65535;0;7;0;10
93;182;180;31;128;252;19;20;s;win;Windows;7 or 8;85765585;3;0;0;116;1360;8192;2;8;0;1
77;126;35;76;128;252;121;212;s;win;Windows;7 or 8;85765585;3;0;0;111;1400;8192;2;2;0;1
141;11;0;145;128;252;19;19;?;unkn;Unknown;Unknown;853641209;1;0;0;53;1460;5792;0;6;0;10
108;82;156;205;128;252;6;39;s;win;Windows;7 or 8;85765585;3;0;0;116;1460;8192;2;2;0;1
128;252;110;195;216;155;139;188;s;win;Windows;7 or 8;85765585;3;0;0;125;1380;8192;2;2;0;1
128;252;102;206;66;151;128;81;s;unix;iOS;iPhone or iPad;409617867;3;1;0;60;1380;65535;2;4;0;1
74;74;73;248;128;252;205;3;s;win;Windows;7 or 8;85765585;3;0;0;114;1464;8192;2;2;0;1
176;34;237;250;128;252;102;198;?;unkn;Unknown;Unknown;853641209;1;0;0;48;1460;14480;0;8;0;10
99;100;131;158;128;252;217;193;s;unix;Linux;3.x;853641209;3;0;0;52;1460;14600;1;6;0;1
66;114;53;33;128;252;156;48;?;unkn;Unknown;Unknown;1661676545;1;0;0;57;1460;64404;0;7;0;10
128;252;102;216;63;245;217;44;s;win;Windows;7 or 8;85765585;3;0;0;124;1380;8192;2;2;0;1
216;155;144;201;128;252;110;195;s;unix;Linux;3.x;118251589;1;0;0;55;1460;14600;1;0;0;1
128;252;35;92;77;126;35;76;s;unix;Linux;3.x;1661676545;1;0;0;62;1460;14600;1;7;0;2
128;252;102;210;107;21;251;114;s;unix;iOS;iPhone or iPad;409617867;3;1;0;60;1380;65535;2;4;0;1
216;155;139;188;128;252;110;195;s;unix;Linux;2.4-2.6;118251589;1;0;0;55;1460;5840;1;0;0;1
72;234;21;219;128;252;102;155;s;win;Windows;7 or 8;3473552393;3;0;0;117;1460;8192;2;0;0;1
76;218;28;49;65;254;127;187;s;win;Windows;7 or 8;3473552393;3;0;0;52;1460;8192;2;0;0;1
113;196;77;38;65;254;127;219;s;unix;Linux;2.6.x;1661676545;1;0;0;46;1460;5840;1;8;0;2
74;125;133;141;128;252;19;19;?;unkn;Unknown;Unknown;853641209;0;0;0;49;1430;14180;0;6;0;10
59;182;122;34;128;252;116;102;s;win;Windows;XP;3473552393;3;0;0;116;1442;65535;2;0;0;1
23;0;165;10;128;252;102;5;?;unkn;Unknown;Unknown;853641209;1;0;0;56;1460;14480;0;1;0;10
107;22;179;197;128;252;102;203;s;unix;Linux;3.x;3473552393;1;0;0;45;1460;14600;1;0;0;1
66;151;128;81;128;252;102;206;?;unkn;Unknown;Unknown;409617867;3;1;0;246;1380;4140;0;0;0;10
74;125;225;99;65;254;127;182;?;unkn;Unknown;Unknown;853641209;0;0;0;57;1430;62392;0;6;0;10
23;0;165;9;128;252;102;204;s;unix;Linux;3.x;1661676545;1;0;0;56;1460;14600;1;1;0;2
75;156;90;210;128;252;102;201;s;win;Windows;7 or 8;3473552393;3;0;0;118;1460;8192;2;0;0;1
107;21;251;114;128;252;102;210;?;unkn;Unknown;Unknown;853641209;1;0;0;52;1460;5792;0;7;0;10
128;252;20;142;23;0;165;41;s;win;Windows;7 or 8;85765585;3;0;0;126;1460;8192;2;2;0;1
99;47;204;53;128;252;6;39;s;win;Windows;XP;4032013835;3;1;0;52;1460;65535;2;0;0;1
175;31;64;2;128;252;19;19;s;win;Windows;XP;85765585;3;0;0;46;1460;65535;2;0;0;1
216;34;181;96;128;252;20;142;s;unix;Linux;3.x;1661676545;1;0;0;55;1460;14600;1;9;0;2
46;105;113;8;128;252;50;49;s;unix;Linux;3.x;853641209;3;0;0;55;1460;14600;1;7;0;1
37;59;19;15;128;252;102;151;?;unkn;Unknown;Unknown;853641209;1;0;0;53;1460;14480;0;7;0;10
128;252;50;49;46;105;113;8;?;unkn;Unknown;Unknown;853641209;1;0;0;62;1380;5792;0;7;0;10
173;194;55;139;128;252;102;200;?;unkn;Unknown;Unknown;853641209;1;0;0;58;1460;5792;0;6;0;10
199;193;66;223;128;252;19;20;s;win;Windows;XP;3473552393;3;0;0;118;1460;65535;2;0;0;1
107;21;103;86;128;252;110;202;s;unix;Linux;3.x;118251589;1;0;0;48;1460;14600;1;0;0;1
84;202;168;215;128;252;102;195;s;unix;iOS;iPhone or iPad;409617867;3;1;0;50;1460;65535;2;4;0;1
211;246;167;13;128;252;110;210;s;win;Windows;7 or 8;3473552393;3;0;0;108;1460;8192;2;0;0;1
128;252;130;41;108;160;161;177;s;win;Windows;7 or 8;85765585;3;0;0;125;1380;8192;2;8;0;1
128;252;173;214;93;152;167;80;s;win;Windows;7 or 8;85765585;3;0;0;126;1460;8192;2;8;0;1
174;129;209;98;128;252;102;210;?;unkn;Unknown;Unknown;853641209;1;0;0;52;1460;5792;0;7;0;10
216;155;131;119;128;252;110;195;s;unix;Linux;3.x;118251589;1;0;0;55;1460;14600;1;0;0;1
99;63;165;162;128;252;80;196;s;win;Windows;XP;409617867;3;1;0;52;1460;65535;2;2;0;1
128;252;80;196;99;63;165;162;s;win;Windows;XP;4146123721;4096;0;0;125;1380;16384;2;0;0;1
128;252;87;177;218;30;103;138;?;unkn;Unknown;Unknown;118251589;3;0;0;253;1380;4140;0;0;0;10
216;155;131;117;128;252;110;195;s;unix;Linux;3.x;118251589;1;0;0;55;1460;14600;1;0;0;1
209;222;3;227;128;252;110;195;s;unix;Linux;3.x;118251589;1;0;0;55;1460;14600;1;0;0;1
216;155;139;180;128;252;110;195;s;unix;Linux;3.x;118251589;1;0;0;55;1460;14600;1;0;0;1
216;155;139;183;128;252;110;195;s;unix;Linux;3.x;118251589;1;0;0;55;1460;14600;1;0;0;1
78;90;89;129;128;252;102;184;s;win;Windows;7 or 8;3473552393;3;0;0;112;1260;8192;2;0;0;1
74;125;225;36;128;252;102;191;?;unkn;Unknown;Unknown;1661676545;0;0;0;57;1430;62920;0;6;0;10
46;137;90;36;128;252;102;206;?;unkn;Unknown;Unknown;853641209;1;0;0;49;1460;14480;0;8;0;10
211;144;81;53;128;252;19;19;s;unix;Linux;2.6.x;853641209;3;0;0;45;1460;5840;1;7;0;1
218;30;103;138;128;252;87;149;g;unix;Linux;3.x;118251589;3;0;0;46;1460;14600;1;0;0;2
128;252;50;81;66;249;73;124;s;win;Windows;7 or 8;85765585;3;0;0;126;1380;8192;2;8;0;1
128;252;87;149;218;30;103;138;?;unkn;Unknown;Unknown;118251589;3;0;0;253;1380;4140;0;0;0;10
173;234;12;123;128;252;19;18;s;win;Windows;XP;3473552393;3;0;0;116;1456;65535;2;0;0;1
108;160;161;177;128;252;130;41;s;unix;Linux;3.x;1661676545;1;0;0;55;1460;14600;1;9;0;2
129;82;138;48;128;252;153;27;?;unkn;Unknown;Unknown;853641209;1;0;0;52;1460;14480;0;6;0;10
114;111;42;143;128;252;231;74;?;unkn;Unknown;Unknown;853641209;1;0;0;50;1460;14480;0;7;0;10
166;137;94;156;128;252;129;1;s;unix;iOS;iPhone or iPad;409617867;3;1;0;50;1360;65535;2;4;0;1
141;212;121;75;128;252;127;10;s;win;Windows;XP;2166136261;4;0;0;246;0;65535;2;0;0;1
128;252;102;5;138;108;6;20;s;win;Windows;XP;409617867;3;1;0;61;1380;65535;2;1;0;1
123;240;0;212;128;252;19;18;s;win;Windows;7 or 8;85765585;3;0;0;107;1460;8192;2;2;0;1
64;57;23;194;128;252;153;27;?;unkn;Unknown;Unknown;947159361;1;0;0;59;1460;5792;0;0;0;10
23;0;165;34;128;252;102;207;s;unix;Linux;3.x;3473552393;1;0;0;56;1460;14600;1;0;0;1
207;171;163;205;65;254;127;214;?;unkn;Unknown;Unknown;85765585;3;0;0;242;1360;8190;0;6;0;10
74;190;248;119;128;252;102;162;s;win;Windows;XP;3473552393;3;0;0;114;1416;65535;2;0;0;1
75;111;64;199;128;252;110;214;s;unix;iOS;iPhone or iPad;409617867;3;1;0;52;1460;65535;2;4;0;1
76;13;114;90;128;252;116;102;?;unkn;Unknown;Unknown;644227027;3;1;0;53;1460;65535;0;1;0;10
75;101;145;57;65;254;127;188;s;unix;Linux;2.4-2.6;118251589;1;0;0;48;1460;5840;1;0;0;1
70;180;78;3;128;252;102;8;s;win;Windows;7 or 8;85765585;3;0;0;117;1460;8192;2;2;0;1
138;108;6;20;128;252;102;5;?;unkn;Unknown;Unknown;853641209;1;0;0;53;1460;5792;0;7;0;10
70;95;116;162;128;252;102;219;s;unix;Mac OS X;10.x;409617867;3;1;0;49;1460;65535;2;3;0;1
189;78;67;82;128;252;181;213;s;win;Windows;7 or 8;85765585;3;0;0;115;1452;8192;2;8;0;1
63;233;92;58;128;252;102;5;?;unkn;Unknown;Unknown;853641209;1;0;0;56;1460;14480;0;1;0;10
17;158;10;46;128;252;102;186;?;unkn;Unknown;Unknown;118251589;3;0;0;243;1360;8190;0;0;0;10
128;252;102;217;31;13;74;23;s;unix;Mac OS X;10.x;409617867;3;1;0;60;1380;65535;2;3;0;1
176;34;107;77;128;252;202;44;?;unkn;Unknown;Unknown;853641209;1;0;0;48;1460;5792;0;8;0;10
174;35;242;12;128;252;157;71;s;win;Windows;7 or 8;85765585;3;0;0;112;1460;8192;2;2;0;1
128;252;102;185;63;233;92;72;s;win;Windows;7 or 8;85765585;3;0;0;124;1380;8192;2;2;0;1
204;154;111;33;128;252;102;188;s;win;Windows;7 or 8;118251589;3;0;0;116;1460;8192;2;0;0;1
204;9;177;185;128;252;110;201;s;unix;Linux;2.6.x;1661676545;1;0;0;53;1460;5840;1;7;0;2
23;13;108;20;128;252;102;214;?;unkn;Unknown;Unknown;853641209;1;0;0;58;1460;14480;0;1;0;10
128;252;20;193;180;149;153;11;s;win;Windows;7 or 8;3473552393;3;0;0;126;1460;8192;2;0;0;1
76;103;214;255;128;252;102;186;s;win;Windows;7 or 8;85765585;3;0;0;116;1460;8192;2;2;0;1
114;36;212;203;128;252;130;104;s;win;Windows;7 or 8;3473552393;3;0;0;112;1440;8192;2;0;0;1
68;184;198;235;128;252;124;94;s;unix;iOS;iPhone or iPad;409617867;0;1;0;54;1460;65535;2;4;0;1
63;233;92;72;128;252;102;185;s;unix;Linux;3.x;1661676545;1;0;0;56;1460;14600;1;1;0;2
95;65;67;192;65;254;127;187;s;win;Windows;7 or 8;3473552393;3;0;0;110;1460;8192;2;0;0;1
68;67;159;156;128;252;102;227;s;unix;Linux;2.6.x;1661676545;1;0;0;57;1460;5840;1;9;0;2
202;173;28;250;128;252;88;241;?;unkn;Unknown;Unknown;118251589;3;0;0;243;1360;8190;0;0;0;10
72;21;91;121;128;252;102;200;s;unix;Linux;3.x;1661676545;1;0;0;58;1460;14600;1;6;0;2
76;91;187;251;128;252;110;195;s;win;Windows;7 or 8;85765585;3;0;0;114;1460;8192;2;2;0;1
76;219;204;54;128;252;110;214;s;win;Windows;7 or 8;3473552393;3;0;0;114;1460;8192;2;0;0;1
176;63;34;104;128;252;19;19;s;win;Windows;XP;85765585;3;0;0;47;1460;65535;2;1;0;1
143;127;102;125;128;252;102;227;s;unix;Linux;2.6.x;1661676545;1;0;0;48;1460;5840;1;7;0;2
125;131;235;185;65;254;127;182;s;unix;iOS;iPhone or iPad;409617867;3;1;0;43;1460;65535;2;4;0;1
24;216;64;217;128;252;6;39;s;win;Windows;XP;4032013835;3;1;0;53;1460;65535;2;0;0;1
207;46;4;182;128;252;102;206;?;unkn;Unknown;Unknown;644227027;3;1;0;245;1460;4140;0;0;0;10
71;105;54;15;128;252;110;212;s;win;Windows;XP;409617867;3;1;0;52;1460;65535;2;1;0;1
208;111;170;188;128;252;102;160;?;unkn;Unknown;Unknown;1809663017;3;0;0;58;1380;65535;0;4;0;10
64;31;22;54;128;252;19;18;s;win;Windows;XP;3473552393;3;0;0;119;1460;65535;2;0;0;1
157;56;165;238;128;252;109;137;s;!;NMap;OS detection;2166136261;3;0;0;244;0;512;2;0;0;0
128;252;109;78;74;125;225;101;s;win;Windows;XP;3473552393;3;0;0;126;1460;65535;2;0;0;1
63;89;199;68;128;252;234;200;?;unkn;Unknown;Unknown;409617867;3;1;0;245;1460;4380;0;0;0;10
98;28;79;44;128;252;156;184;s;win;Windows;XP;409617867;3;1;0;53;1460;65535;2;1;0;1
128;252;57;117;206;72;206;242;s;win;Windows;7 or 8;85765585;3;0;0;126;1380;8192;2;2;0;1
203;125;243;187;128;252;93;5;s;win;Windows;7 or 8;85765585;3;0;0;111;1460;8192;2;8;0;1
128;252;93;5;203;125;243;187;s;win;Windows;7 or 8;85765585;3;0;0;126;1460;8192;2;8;0;1
120;141;36;92;128;252;110;204;s;win;Windows;7 or 8;3473552393;3;0;0;109;1360;8192;2;0;0;1
69;94;213;237;128;252;102;7;s;unix;Mac OS X;10.x;409617867;3;1;0;51;1460;65535;2;3;0;1
67;228;244;117;128;252;102;200;?;unkn;Unknown;Unknown;853641209;1;0;0;54;1460;14480;0;7;0;10
128;252;102;4;199;59;148;147;s;win;Windows;7 or 8;85765585;3;0;0;125;1380;8192;2;2;0;1
217;115;40;2;128;252;66;182;s;win;Windows;7 or 8;85765585;3;0;0;113;1460;8192;2;8;0;1
128;252;66;182;217;115;40;2;s;win;Windows;7 or 8;85765585;3;0;0;126;1460;8192;2;8;0;1
180;76;5;95;128;252;50;18;s;unix;Linux;2.6.x;3534738933;3;0;0;46;1460;5840;1;7;0;1
128;252;50;18;180;76;5;95;s;unix;FreeBSD;8.x;644227027;3;1;0;62;1380;65535;2;3;0;1
62;165;200;250;128;252;102;184;s;win;Windows;7 or 8;85765585;3;0;0;109;1440;8192;2;2;0;1
76;187;23;134;128;252;102;219;s;win;Windows;XP;409617867;3;1;0;50;1460;65535;2;1;0;1
115;238;226;210;128;252;102;164;?;unkn;Unknown;Unknown;853641209;1;0;0;46;1460;5792;0;7;0;10
97;91;169;237;128;252;67;66;s;unix;Linux;2.4.x;853641209;3;0;0;54;1460;5840;1;0;0;1
161;195;66;111;128;252;80;45;?;unkn;Unknown;Unknown;4032013835;3;1;0;244;1380;4140;0;0;0;10
195;46;253;211;128;252;69;16;s;unix;Linux;2.4-2.6;118251589;1;0;0;55;1460;5840;1;0;0;1
173;194;64;105;128;252;102;199;?;unkn;Unknown;Unknown;853641209;0;0;0;49;1430;14180;0;6;0;10
60;213;189;142;65;254;127;182;s;win;Windows;XP;3473552393;3;0;0;110;1460;65535;2;0;0;1
66;249;73;88;128;252;67;10;g;unix;Linux;2.2.x-3.x;1661676545;0;0;0;49;1430;62920;0;6;0;3
128;252;67;10;66;249;73;88;?;unkn;Unknown;Unknown;1661676545;1;0;0;62;1380;5840;0;5;0;10
74;125;225;98;128;252;110;195;?;unkn;Unknown;Unknown;853641209;0;0;0;57;1430;62392;0;6;0;10
65;254;127;218;77;67;86;138;s;unix;iOS;iPhone or iPad;409617867;3;1;0;60;1380;65535;2;4;0;1
66;235;132;121;128;252;102;5;?;unkn;Unknown;Unknown;409617867;3;1;0;245;1460;4140;0;0;0;10
77;67;86;138;65;254;127;218;?;unkn;Unknown;Unknown;853641209;1;0;0;58;1460;14480;0;1;0;10
74;125;225;102;65;254;127;182;?;unkn;Unknown;Unknown;853641209;0;0;0;57;1430;62392;0;6;0;10
68;71;212;234;128;252;102;5;?;unkn;Unknown;Unknown;409617867;3;1;0;241;1460;4140;0;0;0;10
27;70;22;39;128;252;19;18;s;win;Windows;7 or 8;85765585;3;0;0;113;1392;8192;2;2;0;1
64;120;60;245;128;252;19;18;s;win;Windows;XP;3473552393;3;0;0;121;1456;65535;2;0;0;1
207;46;193;176;128;252;102;204;?;unkn;Unknown;Unknown;409617867;3;1;0;247;1460;4140;0;0;0;10
46;140;73;34;128;252;89;73;s;unix;Linux;2.4.x;947159361;3;0;0;50;1460;5840;1;0;0;1
121;142;139;186;128;252;102;193;s;win;Windows;7 or 8;85765585;3;0;0;106;710;8192;2;8;0;1
216;74;41;14;65;254;127;184;s;win;Windows;XP;118251589;3;0;0;115;1380;65535;2;0;0;1
107;22;199;23;128;252;102;198;?;unkn;Unknown;Unknown;853641209;1;0;0;48;1460;14480;0;8;0;10
128;252;27;210;203;125;243;187;s;win;Windows;XP;85765585;0;0;0;125;1380;16384;2;0;0;1
98;85;0;11;128;252;110;214;s;win;Windows;XP;409617867;3;1;0;50;1452;65535;2;1;0;1
128;252;102;172;50;72;220;233;s;win;Windows;7 or 8;3473552393;3;0;0;125;1380;8192;2;0;0;1
128;252;93;74;218;30;103;138;s;unix;Linux;2.4-2.6;118251589;1;0;0;62;1460;5840;1;0;0;1
70;33;217;27;128;252;6;150;s;unix;Linux;3.x;118251589;1;0;0;54;1460;14600;1;0;0;1
199;59;148;147;128;252;102;4;s;unix;Linux;3.x;1661676545;1;0;0;50;1460;14600;1;8;0;2
208;115;240;230;128;252;19;18;s;win;Windows;XP;3473552393;3;0;0;118;1460;65535;2;0;0;1
128;252;35;31;157;132;92;72;?;unkn;Unknown;Unknown;853641209;1;0;0;61;1460;5792;0;7;0;10
54;245;84;220;65;254;127;184;?;unkn;Unknown;Unknown;853641209;1;0;0;46;1460;5792;0;7;0;10
78;101;147;63;128;252;20;193;s;win;Windows;7 or 8;85765585;3;0;0;111;1420;8192;2;2;0;1
174;37;199;108;128;252;164;29;s;win;Windows;7 or 8;85765585;3;0;0;117;1460;8192;2;8;0;1
92;81;241;1;128;252;102;207;s;win;Windows;XP;3473552393;3;0;0;110;1412;65535;2;0;0;1
24;185;106;151;128;252;102;7;s;unix;iOS;iPhone or iPad;409617867;3;1;0;53;1460;65535;2;4;0;1
50;130;70;250;128;252;102;219;s;win;Windows;7 or 8;85765585;3;0;0;116;1460;8192;2;2;0;1
64;57;19;194;128;252;153;27;?;unkn;Unknown;Unknown;947159361;1;0;0;59;1460;5792;0;0;0;10
61;129;182;40;128;252;19;19;s;win;Windows;7 or 8;85765585;3;0;0;46;1452;8192;2;2;0;1
46;105;52;135;128;252;19;18;s;win;Windows;7 or 8;85765585;11;0;0;118;1460;8192;2;8;0;1
184;155;3;241;128;252;102;183;s;unix;iOS;iPhone or iPad;409617867;3;1;0;52;1460;65535;2;4;0;1
128;252;110;205;46;194;149;14;s;win;Windows;7 or 8;85765585;3;0;0;125;1380;8192;2;2;0;1
131;179;196;46;128;252;153;27;?;unkn;Unknown;Unknown;853641209;1;0;0;48;1380;14480;0;4;0;10
69;26;68;59;128;252;19;18;s;win;Windows;7 or 8;85765585;3;0;0;117;1460;8192;2;2;0;1
67;230;150;36;128;252;110;204;s;win;Windows;7 or 8;3473552393;3;0;0;117;1414;8192;2;0;0;1
128;252;102;171;204;9;163;163;s;win;Windows;XP;409617867;3;1;0;60;1380;65535;2;1;0;1
140;234;254;12;128;252;67;66;?;unkn;Unknown;Unknown;644227027;3;1;0;247;1380;4140;0;0;0;10
128;252;102;211;74;125;225;103;s;win;Windows;7 or 8;85765585;3;0;0;124;1380;8192;2;2;0;1
199;127;194;80;128;252;65;99;s;unix;Linux;3.x;3473552393;1;0;0;56;1460;14600;1;0;0;1
23;23;194;162;128;252;65;99;s;unix;Linux;3.x;3473552393;1;0;0;46;1460;14600;1;0;0;1
74;125;225;103;128;252;102;211;?;unkn;Unknown;Unknown;1661676545;0;0;0;57;1430;62920;0;6;0;10
128;252;102;189;63;233;92;66;s;win;Windows;7 or 8;3473552393;3;0;0;124;1380;8192;2;0;0;1
128;252;102;7;68;49;225;239;s;win;Windows;7 or 8;85765585;3;0;0;125;1380;8192;2;2;0;1
204;9;163;163;128;252;102;171;?;unkn;Unknown;Unknown;853641209;1;0;0;53;1460;5792;0;9;0;10
64;74;101;52;128;252;154;91;?;unkn;Unknown;Unknown;118251589;3;0;0;247;1360;8190;0;0;0;10
66;189;218;86;128;252;110;205;s;win;Windows;XP;85765585;3;0;0;116;1460;65535;2;0;0;1
63;233;92;66;128;252;102;189;s;unix;Linux;3.x;3473552393;1;0;0;56;1460;14600;1;0;0;1
96;55;9;181;128;252;102;172;s;win;Windows;7 or 8;3473552393;3;0;0;112;1460;8192;2;0;0;1
128;252;102;98;183;60;153;75;s;win;Windows;7 or 8;3473552393;3;0;0;61;1380;8192;2;0;0;1
108;78;179;7;128;252;32;78;g;unix;Linux;2.2.x-3.x;853641209;3;0;0;54;1452;5840;0;3;0;3
128;252;127;90;188;25;73;28;s;unix;Linux;2.4-2.6;3473552393;1;0;0;60;1460;5840;1;0;0;1
64;208;138;190;128;252;102;227;s;unix;Linux;2.6.x;1661676545;1;0;0;55;1460;5840;1;9;0;2
128;252;39;11;50;16;215;193;s;win;Windows;XP;3473552393;3;0;0;126;1460;65535;2;0;0;1
107;200;66;197;128;252;73;91;s;win;Windows;XP;4146123721;4099;0;0;116;1460;65535;2;2;0;1
128;252;177;196;193;204;6;60;s;unix;Linux;3.x;853641209;3;0;0;62;1460;14600;1;4;0;1
128;210;131;36;128;252;177;196;s;win;Windows;7 or 8;947159361;3;0;0;122;1460;8192;2;0;0;1
96;252;0;171;128;252;102;171;?;unkn;Unknown;Unknown;853641209;1;0;0;54;1460;5792;0;7;0;10
119;70;217;168;128;252;149;189;s;win;Windows;XP;85765585;3;0;0;44;1440;65535;2;0;0;1
128;252;80;245;71;14;183;42;s;win;Windows;XP;4146123721;4096;0;0;125;1380;16384;2;0;0;1
128;252;102;202;69;171;235;16;s;unix;iOS;iPhone or iPad;409617867;3;1;0;60;1380;65535;2;4;0;1
66;249;73;81;128;252;50;49;g;unix;Linux;2.2.x-3.x;1661676545;0;0;0;49;1430;62920;0;6;0;3
70;70;171;37;128;252;110;214;s;unix;iOS;iPhone or iPad;409617867;3;1;0;52;1460;65535;2;4;0;1
64;94;107;12;128;252;88;241;s;unix;Linux;2.6.x;2776361117;1;0;0;53;1460;5840;1;7;0;2
128;252;102;3;212;162;17;202;g;unix;Linux;2.2.x-3.x;85765585;3;0;0;125;1380;63443;0;6;0;3
128;252;255;61;184;106;85;159;s;win;Windows;7 or 8;3473552393;3;0;0;126;1380;8192;2;0;0;1
65;254;127;183;98;138;253;109;s;unix;Mac OS X;10.x;409617867;3;1;0;60;1380;65535;2;3;0;1
223;220;144;48;128;252;19;19;s;win;Windows;XP;4146123721;4099;0;0;46;1414;65535;2;1;0;1
173;244;165;210;128;252;102;203;?;unkn;Unknown;Unknown;853641209;1;0;0;54;1460;5792;0;7;0;10
128;252;102;224;208;83;20;164;s;win;Windows;XP;409617867;3;1;0;61;1380;65535;2;1;0;1
128;252;110;210;64;38;246;194;s;win;Windows;7 or 8;85765585;3;0;0;125;1380;8192;2;2;0;1
41;57;15;150;128;252;102;182;s;win;Windows;7 or 8;3473552393;3;0;0;112;1440;8192;2;0;0;1
88;255;174;126;128;252;176;26;s;win;Windows;XP;3473552393;3;0;0;106;1460;65535;2;0;0;1
128;252;176;26;88;255;174;126;s;win;Windows;7 or 8;3473552393;3;0;0;125;1380;8192;2;0;0;1
50;16;237;95;128;252;110;198;s;unix;Linux;2.6.x;1661676545;1;0;0;47;1460;5840;1;7;0;2
223;226;150;124;128;252;50;24;g;unix;Linux;2.2.x-3.x;853641209;3;0;0;51;1360;5600;0;3;0;3
128;252;50;24;223;226;150;124;s;win;Windows;XP;4146123721;4096;0;0;126;1380;16384;2;0;0;1
69;172;216;56;128;252;102;183;?;unkn;Unknown;Unknown;947159361;1;0;0;53;1460;14480;0;0;0;10
128;252;110;197;89;189;191;55;s;win;Windows;7 or 8;3473552393;3;0;0;125;1380;8192;2;0;0;1
74;125;225;121;128;252;102;151;?;unkn;Unknown;Unknown;853641209;0;0;0;57;1430;62392;0;6;0;10
204;152;95;211;128;252;93;100;s;unix;Linux;2.4.x;391390869;3;0;0;53;1460;5840;1;0;0;1
69;171;246;16;128;252;102;186;?;unkn;Unknown;Unknown;853641209;1;0;0;83;1460;14480;0;9;0;10
69;64;248;20;128;252;102;171;?;unkn;Unknown;Unknown;853641209;1;0;0;55;1460;5792;0;9;0;10
71;81;144;130;128;252;6;39;s;win;Windows;7 or 8;85765585;3;0;0;117;1460;8192;2;2;0;1
216;115;209;254;128;252;119;189;?;unkn;Unknown;Unknown;118251589;3;0;0;245;1360;8190;0;0;0;10
64;38;246;194;128;252;110;210;?;unkn;Unknown;Unknown;1661676545;1;0;0;52;1460;35040;0;11;0;10
128;252;102;180;74;125;133;95;s;win;Windows;7 or 8;85765585;3;0;0;124;1380;8192;2;2;0;1
63;233;92;80;65;254;127;186;?;unkn;Unknown;Unknown;853641209;1;0;0;56;1460;14480;0;1;0;10
112;207;85;238;128;252;87;177;s;win;Windows;7 or 8;85765585;3;0;0;113;1460;8192;2;2;0;1
74;125;225;39;128;252;102;212;?;unkn;Unknown;Unknown;3473552393;0;0;0;57;1430;62920;0;0;0;10
72;178;140;81;65;254;127;182;s;win;Windows;7 or 8;85765585;3;0;0;116;1460;8192;2;2;0;1
74;125;133;95;128;252;102;180;s;unix;Linux;3.x;1661676545;0;0;0;49;1430;14300;1;6;0;2
23;19;26;188;128;252;19;18;s;win;Windows;XP;3473552393;3;0;0;119;1456;65535;2;0;0;1
168;62;215;109;128;252;80;81;s;win;Windows;7 or 8;85765585;3;0;0;116;1440;8192;2;8;0;1
128;252;80;81;168;62;215;109;s;win;Windows;7 or 8;85765585;3;0;0;125;1380;8192;2;8;0;1
128;252;251;35;64;191;223;35;g;unix;Linux;2.2.x-3.x (barebone;853641209;3;0;0;62;1380;5840;0;0;0;2
192;245;194;50;128;252;88;17;s;win;Windows;7 or 8;85765585;3;0;0;116;1380;8192;2;8;0;1
128;252;88;17;192;245;194;50;s;win;Windows;7 or 8;85765585;3;0;0;126;1380;8192;2;8;0;1
212;162;17;202;128;252;102;3;s;win;Windows;7 or 8;85765585;3;0;0;114;1460;8192;2;8;0;1
193;204;6;60;128;252;177;196;s;win;Windows;XP;4146123721;4096;0;0;114;1460;16384;2;0;0;1
66;114;53;21;128;252;102;86;?;unkn;Unknown;Unknown;853641209;1;0;0;57;1460;64784;0;7;0;10
64;94;107;51;128;252;102;227;s;unix;Linux;2.6.x;2776361117;1;0;0;53;1460;5840;1;7;0;2
128;252;110;214;31;13;74;23;s;win;Windows;7 or 8;85765585;3;0;0;125;1380;8192;2;2;0;1
17;173;254;11;65;254;127;187;?;unkn;Unknown;Unknown;85765585;3;0;0;245;1360;8190;0;4;0;10
209;142;191;220;128;252;87;152;s;win;Windows;XP;3473552393;3;0;0;117;1444;65535;2;0;0;1
128;252;87;152;209;142;191;220;?;unkn;Unknown;Unknown;4032013835;3;1;0;253;1380;4140;0;0;0;10
199;9;255;106;128;252;102;7;?;unkn;Unknown;Unknown;1661676545;1;0;0;56;1436;5840;0;9;0;10
65;55;55;231;128;252;6;32;s;win;Windows;7 or 8;3473552393;11;0;0;114;1460;8192;2;0;0;1
173;30;112;26;128;252;102;151;s;win;Windows;XP;4146123721;4099;0;0;117;1460;65535;2;0;0;1
65;54;61;211;128;252;102;186;s;win;Windows;7 or 8;947159361;3;0;0;119;1460;8192;2;0;0;1
72;21;91;111;128;252;102;200;s;unix;Linux;3.x;1661676545;1;0;0;58;1460;14600;1;6;0;2
74;125;225;106;65;254;127;187;?;unkn;Unknown;Unknown;1661676545;0;0;0;57;1430;62920;0;6;0;10
209;202;167;185;128;252;10;120;?;unkn;Unknown;Unknown;1661676545;1;0;0;54;1380;5840;0;7;0;10
67;170;106;223;128;252;102;164;s;win;Windows;7 or 8;85765585;3;0;0;114;1460;8192;2;2;0;1
184;72;240;124;128;252;102;188;?;unkn;Unknown;Unknown;853641209;1;0;0;45;1460;14480;0;7;0;10
128;252;102;90;46;19;137;19;s;win;Windows;7 or 8;85765585;3;0;0;124;1380;8192;2;2;0;1
65;55;53;190;128;252;88;241;s;win;Windows;7 or 8;85765585;3;0;0;53;1460;8192;2;8;0;1
114;221;18;213;128;252;73;216;s;win;Windows;XP;4032013835;3;1;0;44;1440;65535;2;0;0;1
99;72;221;82;128;252;21;110;s;unix;iOS;iPhone or iPad;409617867;3;1;0;52;1460;65535;2;4;0;1
74;125;225;64;128;252;102;188;?;unkn;Unknown;Unknown;853641209;0;0;0;57;1430;62392;0;6;0;10
72;21;91;74;128;252;102;183;s;unix;Linux;3.x;3473552393;1;0;0;58;1460;14600;1;0;0;1
23;21;182;135;128;252;110;208;s;unix;Linux;2.6.x;1661676545;1;0;0;48;1460;5840;1;7;0;2
75;176;136;128;128;252;110;214;s;unix;iOS;iPhone or iPad;409617867;3;1;0;53;1460;65535;2;4;0;1
72;21;92;20;65;254;127;188;s;unix;Linux;3.x;1661676545;1;0;0;57;1460;14600;1;6;0;2
128;252;67;66;140;234;254;12;s;win;Windows;7 or 8;85765585;3;0;0;126;1380;8192;2;8;0;1
17;158;10;36;128;252;110;195;?;unkn;Unknown;Unknown;118251589;3;0;0;243;1360;8190;0;0;0;10
199;59;149;230;128;252;102;199;?;unkn;Unknown;Unknown;853641209;1;0;0;50;1460;14480;0;8;0;10
69;159;70;30;128;252;110;197;?;unkn;Unknown;Unknown;118251589;512;0;0;22;1452;2048;0;0;0;10
66;75;39;247;128;252;6;39;s;win;Windows;XP;4032013835;3;1;0;50;1460;65535;2;0;0;1
128;252;19;149;180;149;135;236;s;unix;Linux;2.6.x;853641209;3;0;0;62;1460;5840;1;7;0;1
86;96;103;199;128;252;130;108;s;win;Windows;XP;3473552393;3;0;0;111;1352;65535;2;0;0;1
64;4;11;25;128;252;10;156;?;unkn;Unknown;Unknown;85765585;3;0;0;246;1360;8190;0;4;0;10
128;252;130;108;86;96;103;199;s;win;Windows;7 or 8;3473552393;3;0;0;125;1380;8192;2;0;0;1
128;252;98;48;74;122;104;11;s;win;Windows;7 or 8;3473552393;3;0;0;126;1380;8192;2;0;0;1
128;252;93;82;115;252;107;85;s;unix;Solaris;10;85765585;3;0;0;62;1460;49640;1;0;0;1
173;155;74;102;128;252;21;110;g;unix;Linux;2.4.x-2.6.x;853641209;3;0;0;48;1432;5728;1;3;0;2
209;188;13;222;128;252;110;210;s;unix;Linux;3.x;1661676545;1;0;0;52;1460;14600;1;7;0;2
213;202;49;206;128;252;102;219;s;win;Windows;7 or 8;3473552393;3;0;0;114;1460;8192;2;0;0;1
64;13;137;78;128;252;102;168;?;unkn;Unknown;Unknown;4032013835;3;1;0;245;1460;4140;0;0;0;10
174;129;19;124;128;252;102;204;?;unkn;Unknown;Unknown;853641209;1;0;0;47;1460;14480;0;8;0;10
173;29;245;251;128;252;110;214;s;win;Windows;7 or 8;3473552393;3;0;0;116;1460;8192;2;0;0;1
124;171;22;60;128;252;212;60;s;win;Windows;7 or 8;85765585;3;0;0;113;1440;8192;2;8;0;1
128;252;102;152;122;225;83;168;s;win;Windows;7 or 8;85765585;3;0;0;125;1380;8192;2;8;0;1
118;47;18;143;65;254;127;182;s;win;Windows;7 or 8;85765585;3;0;0;106;1452;8192;2;2;0;1
204;13;194;132;128;252;102;187;?;unkn;Unknown;Unknown;853641209;1;0;0;57;1460;5792;0;9;0;10
24;182;185;113;128;252;6;39;s;win;Windows;7 or 8;3473552393;3;0;0;53;1460;8192;2;0;0;1
202;100;87;19;128;252;6;57;s;win;Windows;7 or 8;3473552393;3;0;0;108;1380;8192;2;0;0;1
128;252;102;94;220;181;181;128;g;unix;Linux;2.2.x-3.x;853641209;3;0;0;61;1380;5840;0;1;0;3
128;252;101;169;23;21;160;167;s;win;Windows;XP;409617867;3;1;0;62;1460;65535;2;1;0;1
208;111;168;7;128;252;110;206;?;unkn;Unknown;Unknown;644227027;3;1;0;58;1380;65535;0;4;0;10
217;39;6;146;65;254;127;223;s;win;Windows;7 or 8;947159361;3;0;0;107;1200;8192;2;0;0;1
173;236;29;66;128;252;164;248;s;unix;Linux;2.6.x;853641209;3;0;0;54;1460;5840;1;7;0;1
173;192;61;226;128;252;102;200;?;unkn;Unknown;Unknown;853641209;1;0;0;54;1460;5792;0;7;0;10
46;19;137;19;128;252;102;90;s;win;Windows;7 or 8;3473552393;3;0;0;118;1460;8192;2;0;0;1
128;252;110;218;107;21;225;131;g;unix;Linux;2.2.x-3.x;85765585;0;0;0;60;1324;33100;0;1;0;3
63;235;20;146;65;254;127;184;?;unkn;Unknown;Unknown;853641209;1;0;0;57;1460;14480;0;1;0;10
67;166;147;48;128;252;110;206;s;unix;Linux;3.x;853641209;3;0;0;52;1460;14600;1;7;0;1
67;217;177;188;128;252;102;227;s;unix;Linux;3.x;1661676545;1;0;0;53;1460;14600;1;9;0;2
203;215;121;43;128;252;102;167;s;win;Windows;7 or 8;85765585;3;0;0;113;1400;8192;2;8;0;1
64;64;10;176;128;252;202;44;?;unkn;Unknown;Unknown;853641209;1;0;0;56;1460;5792;0;7;0;10
107;200;66;19;128;252;6;39;s;win;Windows;XP;409617867;3;1;0;52;1460;65535;2;1;0;1
31;13;65;10;65;254;127;184;?;unkn;Unknown;Unknown;853641209;1;0;0;87;1460;14480;0;9;0;10
2;232;29;18;128;252;102;219;s;win;Windows;XP;3473552393;3;0;0;105;1460;65535;2;0;0;1
128;252;102;213;50;18;249;183;s;unix;Mac OS X;10.x;409617867;3;1;0;60;1380;65535;2;3;0;1
23;21;160;167;128;252;101;169;s;unix;Linux;2.6.x;1661676545;1;0;0;48;1460;5840;1;9;0;2
124;170;117;235;128;252;212;60;s;win;Windows;7 or 8;85765585;3;0;0;113;1376;8192;2;8;0;1
66;249;73;56;128;252;32;55;g;unix;Linux;2.2.x-3.x;1661676545;0;0;0;49;1430;62920;0;6;0;3
222;187;222;71;128;252;202;18;s;win;Windows;7 or 8;85765585;3;0;0;109;1460;8192;2;8;0;1
128;252;202;18;222;187;222;71;s;unix;Linux;2.6.x;1661676545;1;0;0;62;1460;5840;1;2;0;2
198;154;220;66;128;252;26;44;s;win;Windows;XP;118251589;0;0;0;54;1460;16384;2;0;0;1
124;40;58;184;128;252;102;172;s;win;Windows;7 or 8;3473552393;3;0;0;108;1460;8192;2;0;0;1
69;162;66;153;128;252;19;18;s;win;Windows;XP;3473552393;3;0;0;119;1460;65535;2;0;0;1
98;155;172;107;128;252;110;204;s;win;Windows;XP;4032013835;3;1;0;50;1460;65535;2;0;0;1
74;125;225;123;128;252;102;180;?;unkn;Unknown;Unknown;1661676545;0;0;0;57;1430;62920;0;6;0;10
218;29;238;30;128;252;200;14;s;unix;Linux;2.0;3473552393;3;0;0;112;1460;16384;2;0;0;1
27;127;147;24;65;254;127;182;s;win;Windows;XP;3473552393;3;0;0;105;1460;65535;2;0;0;1
128;252;102;193;74;125;225;98;s;unix;iOS;iPhone or iPad;409617867;3;1;0;60;1380;65535;2;4;0;1
203;142;85;170;128;252;212;60;s;win;Windows;XP;1307120357;0;0;0;48;1400;65535;2;1;0;1
159;251;13;7;128;252;6;39;s;win;Windows;7 or 8;3473552393;3;0;0;116;1380;8192;2;0;0;1
216;38;163;108;128;252;110;208;?;unkn;Unknown;Unknown;409617867;3;1;0;250;1460;4140;0;1;0;10
58;59;196;121;65;254;127;182;s;win;Windows;7 or 8;85765585;3;0;0;46;1440;8192;2;2;0;1
218;52;234;131;65;254;127;182;s;win;Windows;XP;3473552393;3;0;0;113;1460;65535;2;0;0;1
27;159;252;255;128;252;50;49;s;win;Windows;7 or 8;85765585;3;0;0;45;1440;8192;2;2;0;1
50;116;194;28;128;252;102;180;?;unkn;Unknown;Unknown;118251589;3;0;0;246;1360;8190;0;0;0;10
216;115;212;254;128;252;88;241;?;unkn;Unknown;Unknown;118251589;3;0;0;242;1360;8190;0;0;0;10
107;21;200;72;128;252;102;151;?;unkn;Unknown;Unknown;853641209;1;0;0;48;1460;14480;0;8;0;10
205;251;253;129;128;252;110;203;?;unkn;Unknown;Unknown;853641209;1;0;0;57;1460;5792;0;8;0;10
184;168;115;123;128;252;19;19;s;unix;Linux;2.6.x;853641209;3;0;0;50;1460;5840;1;7;0;1
24;186;166;44;128;252;110;208;s;win;Windows;7 or 8;85765585;3;0;0;117;1460;8192;2;2;0;1
128;252;110;221;76;97;2;143;s;win;Windows;7 or 8;85765585;3;0;0;125;1380;8192;2;2;0;1
63;215;202;6;65;254;127;186;?;unkn;Unknown;Unknown;118251589;3;0;0;245;1360;8190;0;0;0;10
128;252;121;103;202;173;24;200;s;win;Windows;7 or 8;85765585;3;0;0;126;1460;8192;2;2;0;1
173;192;42;178;128;252;102;200;?;unkn;Unknown;Unknown;853641209;1;0;0;54;1460;5792;0;7;0;10
63;233;92;82;128;252;102;204;?;unkn;Unknown;Unknown;853641209;1;0;0;56;1460;14480;0;1;0;10
128;252;102;161;66;94;0;184;s;unix;Mac OS X;10.x;853641209;3;0;0;60;1380;65535;2;3;0;1
128;252;102;166;31;13;74;23;s;win;Windows;XP;409617867;3;1;0;60;1380;65535;2;1;0;1
208;93;139;190;128;252;102;162;?;unkn;Unknown;Unknown;853641209;1;0;0;58;1460;5792;0;7;0;10
128;252;102;86;66;114;53;21;s;unix;iOS;iPhone or iPad;409617867;3;1;0;60;1380;65535;2;4;0;1
199;38;164;155;128;252;102;162;?;unkn;Unknown;Unknown;409617867;3;1;0;244;1460;4140;0;0;0;10
64;212;198;25;128;252;110;202;s;unix;Linux;3.x;1661676545;1;0;0;59;1460;14600;1;4;0;2
54;235;255;27;128;252;102;162;?;unkn;Unknown;Unknown;853641209;1;0;0;46;1460;5792;0;7;0;10
75;126;58;197;128;252;110;199;s;unix;Linux;3.x;1661676545;1;0;0;54;1460;14600;1;7;0;2
180;149;153;11;128;252;20;193;s;unix;Linux;2.4-2.6;3473552393;0;0;0;46;1460;5840;1;0;0;1
128;252;110;212;120;145;6;156;s;win;Windows;7 or 8;3473552393;3;0;0;125;1380;8192;2;0;0;1
74;125;225;38;128;252;102;201;?;unkn;Unknown;Unknown;1661676545;0;0;0;57;1430;62920;0;6;0;10
74;3;162;44;128;252;102;162;?;unkn;Unknown;Unknown;853641209;1;0;0;49;1460;14480;0;7;0;10
54;235;253;151;128;252;102;162;?;unkn;Unknown;Unknown;853641209;1;0;0;47;1460;14480;0;8;0;10
174;35;24;66;128;252;102;86;?;unkn;Unknown;Unknown;853641209;1;0;0;56;1460;64784;0;7;0;10
66;94;0;184;128;252;102;161;?;unkn;Unknown;Unknown;409617867;3;1;0;242;1460;4140;0;0;0;10
84;108;100;78;128;252;130;104;s;win;Windows;XP;85765585;3;0;0;51;1452;65535;2;0;0;1
128;252;31;66;169;254;101;2;s;win;Windows;XP;3473552393;3;0;0;126;1380;65535;2;0;0;1
128;252;93;90;203;125;243;187;s;win;Windows;7 or 8;85765585;3;0;0;126;1460;8192;2;8;0;1
205;251;253;133;128;252;102;227;s;unix;Linux;2.6.x;1661676545;1;0;0;57;1460;5840;1;8;0;2
183;60;153;75;128;252;102;98;s;unix;Linux;3.x;3473552393;1;0;0;43;1460;14600;1;0;0;1
69;162;64;185;128;252;19;18;s;win;Windows;XP;3473552393;3;0;0;119;1460;65535;2;0;0;1
72;21;211;9;128;252;102;227;?;unkn;Unknown;Unknown;2776361117;3;0;0;242;1360;8190;0;6;0;10
72;179;145;196;128;252;6;56;s;win;Windows;7 or 8;85765585;3;0;0;52;1460;8192;2;2;0;1
54;243;101;49;128;252;102;162;?;unkn;Unknown;Unknown;853641209;1;0;0;47;1460;14480;0;8;0;10
66;114;53;9;128;252;102;86;?;unkn;Unknown;Unknown;853641209;1;0;0;57;1460;64784;0;7;0;10
17;151;225;63;65;254;127;189;?;unkn;Unknown;Unknown;118251589;3;0;0;243;1360;8190;0;0;0;10
93;152;167;80;128;252;173;95;s;win;Windows;7 or 8;85765585;3;0;0;116;1380;8192;2;8;0;1
17;154;66;17;128;252;102;211;?;unkn;Unknown;Unknown;85765585;3;0;0;243;1360;8190;0;4;0;10
63;215;202;9;65;254;127;186;?;unkn;Unknown;Unknown;118251589;3;0;0;245;1360;8190;0;0;0;10
23;60;95;144;128;252;102;151;?;unkn;Unknown;Unknown;853641209;1;0;0;58;1460;14480;0;1;0;10
85;17;30;203;128;252;6;150;s;unix;Linux;3.x;1661676545;1;0;0;55;1460;14600;1;7;0;2
69;74;223;244;128;252;130;23;s;win;Windows;XP;3473552393;3;0;0;117;1428;65535;2;0;0;1
128;252;130;23;69;74;223;244;s;win;Windows;7 or 8;3473552393;3;0;0;125;1380;8192;2;0;0;1
199;30;80;32;128;252;102;201;s;unix;Linux;3.x;1661676545;1;0;0;53;1460;14600;1;9;0;2
4;27;250;126;128;252;88;241;s;unix;Linux;2.6.x;1661676545;0;0;0;56;1460;5840;1;7;0;2
175;156;247;11;128;252;19;19;s;win;Windows;7 or 8;3473552393;3;0;0;110;1460;8192;2;0;0;1
17;151;225;56;65;254;127;189;?;unkn;Unknown;Unknown;118251589;3;0;0;243;1360;8190;0;0;0;10
71;9;37;5;128;252;17;223;s;win;Windows;7 or 8;85765585;3;0;0;115;1460;8192;2;2;0;1
204;102;224;82;128;252;43;238;s;win;Windows;7 or 8;85765585;3;0;0;112;1260;8192;2;2;0;1
70;242;140;134;128;252;251;50;s;win;Windows;7 or 8;85765585;3;0;0;119;1452;8192;2;2;0;1
50;16;248;21;128;252;110;202;s;unix;Linux;2.6.x;1661676545;1;0;0;53;1460;5840;1;8;0;2
54;243;222;88;128;252;110;228;s;unix;Linux;2.6.x;1661676545;1;0;0;49;1460;5840;1;8;0;2
128;252;0;1;146;246;89;59;?;unkn;Unknown;Unknown;853641209;1;0;0;63;1460;5792;0;7;0;10
66;249;76;61;128;252;177;191;g;unix;Linux;2.2.x-3.x;1661676545;0;0;0;48;1430;62920;0;6;0;3
128;252;177;191;66;249;76;61;s;unix;Linux;3.x;1661676545;1;0;0;62;1460;14600;1;4;0;2
128;252;110;194;17;172;208;30;s;unix;iOS;iPhone or iPad;409617867;3;1;0;61;1380;65535;2;4;0;1
128;252;202;246;218;30;103;138;s;unix;Linux;3.x;118251589;1;0;0;62;1460;14600;1;0;0;1
196;0;4;85;128;252;102;219;s;win;Windows;7 or 8;3473552393;3;0;0;108;1460;8192;2;0;0;1
31;13;74;10;128;252;102;202;s;unix;Linux;3.x;1661676545;1;0;0;88;1460;14600;1;9;0;2
126;126;119;33;128;252;20;193;s;win;Windows;XP;409617867;3;1;0;46;1414;65535;2;1;0;1
17;172;208;30;128;252;110;194;?;unkn;Unknown;Unknown;118251589;3;0;0;246;1360;8190;0;0;0;10
122;49;149;162;128;252;110;204;s;win;Windows;7 or 8;3473552393;3;0;0;114;1452;8192;2;0;0;1
110;6;196;189;128;252;19;19;s;win;Windows;7 or 8;85765585;3;0;0;114;1440;8192;2;2;0;1
75;75;160;98;128;252;110;195;s;win;Windows;7 or 8;85765585;3;0;0;115;1460;8192;2;8;0;1
172;20;66;125;209;132;183;44;g;unix;Linux;2.4.x-2.6.x;853641209;3;0;0;62;1460;5840;1;5;0;2
204;13;202;214;128;252;174;186;s;unix;Linux;2.4-2.6;3473552393;1;0;0;55;1460;5840;1;0;0;1
128;252;157;211;114;76;188;245;s;win;Windows;7 or 8;3473552393;3;0;0;125;1380;8192;2;0;0;1
208;93;139;180;128;252;102;162;?;unkn;Unknown;Unknown;853641209;1;0;0;58;1460;5792;0;7;0;10
216;34;207;177;128;252;102;204;?;unkn;Unknown;Unknown;118251589;3;0;0;242;1360;8190;0;0;0;10
207;138;254;44;128;252;102;158;s;unix;Linux;2.6.x;1661676545;1;0;0;51;1460;5840;1;8;0;2
183;171;168;95;128;252;102;203;s;win;Windows;7 or 8;947159361;3;0;0;111;1400;8192;2;0;0;1
123;126;42;251;128;252;102;86;s;unix;Linux;2.4-2.6;118251589;1;0;0;50;1460;5840;1;0;0;1
115;132;195;242;128;252;102;201;s;win;Windows;XP;4032013835;3;1;0;54;1400;65535;2;0;0;1
64;94;107;17;128;252;102;186;s;unix;Linux;2.6.x;2776361117;1;0;0;53;1460;5840;1;7;0;2
23;0;165;41;128;252;115;133;s;unix;Linux;3.x;1661676545;1;0;0;56;1460;14600;1;1;0;2
74;125;224;207;128;252;110;193;?;unkn;Unknown;Unknown;3473552393;0;0;0;52;1430;62920;0;0;0;10
199;126;173;8;128;252;157;211;s;win;Windows;7 or 8;85765585;3;0;0;121;1460;8192;2;8;0;1
110;49;241;114;128;252;90;208;s;win;Windows;7 or 8;3473552393;3;0;0;109;1460;8192;2;0;0;1
110;49;249;114;128;252;180;51;s;win;Windows;7 or 8;3473552393;3;0;0;109;1460;8192;2;0;0;1
173;194;64;99;128;252;102;201;?;unkn;Unknown;Unknown;853641209;0;0;0;49;1430;14180;0;6;0;10
150;135;210;66;128;252;127;90;s;win;Windows;7 or 8;85765585;3;0;0;45;1380;8192;2;8;0;1
74;125;225;109;128;252;102;201;?;unkn;Unknown;Unknown;1661676545;0;0;0;57;1430;62920;0;6;0;10
206;72;206;242;128;252;57;117;s;unix;Linux;3.x;1661676545;1;0;0;54;1460;14600;1;8;0;2
37;59;37;156;128;252;157;211;s;unix;Linux;3.x;1661676545;1;0;0;55;1460;14600;1;5;0;2
12;130;81;228;128;252;102;227;?;unkn;Unknown;Unknown;644227027;3;1;0;245;1460;4140;0;0;0;10
180;76;6;212;128;252;87;149;s;unix;Linux;2.6.x;3534738933;3;0;0;52;1460;5840;1;7;0;1
65;254;127;221;107;14;44;66;s;unix;iOS;iPhone or iPad;409617867;3;1;0;60;1380;65535;2;4;0;1
77;67;86;98;65;254;127;186;?;unkn;Unknown;Unknown;853641209;1;0;0;58;1460;14480;0;1;0;10
113;23;32;80;128;252;129;76;s;win;Windows;7 or 8;3473552393;3;0;0;109;1452;8192;2;0;0;1
128;252;102;205;97;102;163;214;s;win;Windows;7 or 8;85765585;3;0;0;125;1380;8192;2;2;0;1
128;252;89;57;95;166;79;198;s;win;Windows;7 or 8;85765585;3;0;0;126;1460;8192;2;8;0;1
199;27;74;193;65;254;127;186;?;unkn;Unknown;Unknown;853641209;1;0;0;59;1460;14480;0;9;0;10
98;138;47;199;128;252;102;207;s;unix;Linux;2.4-2.6;3473552393;1;0;0;51;1460;5840;1;0;0;1
8;12;200;253;128;252;102;182;?;unkn;Unknown;Unknown;853641209;0;0;0;56;1460;5792;0;7;0;10
17;151;225;60;65;254;127;189;?;unkn;Unknown;Unknown;118251589;3;0;0;243;1360;8190;0;0;0;10
107;14;44;66;65;254;127;221;?;unkn;Unknown;Unknown;853641209;1;0;0;58;1460;14480;0;1;0;10
112;90;138;77;128;252;20;193;s;unix;Linux;2.4-2.6;118251589;1;0;0;46;1460;5840;1;0;0;1
173;234;159;30;128;252;19;18;s;win;Windows;XP;3473552393;3;0;0;116;1456;65535;2;0;0;1
76;255;187;110;128;252;102;201;s;win;Windows;7 or 8;3473552393;3;0;0;116;1460;8192;2;0;0;1
207;171;162;75;128;252;102;190;?;unkn;Unknown;Unknown;2776361117;3;0;0;244;1360;8190;0;6;0;10
128;252;102;190;206;125;41;33;s;win;Windows;XP;409617867;3;1;0;60;1380;65535;2;1;0;1
66;249;73;71;128;252;177;194;g;unix;Linux;2.2.x-3.x;1661676545;0;0;0;49;1430;62920;0;6;0;3
65;52;250;226;128;252;130;102;s;win;Windows;7 or 8;85765585;3;0;0;116;1440;8192;2;8;0;1
202;131;28;39;128;252;231;74;s;unix;Linux;2.4-2.6;118251589;1;0;0;50;1460;5840;1;0;0;1
168;63;149;225;128;252;121;132;s;win;Windows;7 or 8;85765585;3;0;0;111;1440;8192;2;8;0;1
128;252;121;132;168;63;149;225;s;unix;FreeBSD;8.x;644227027;3;1;0;62;1460;65535;2;3;0;1
204;11;51;34;65;254;127;189;?;unkn;Unknown;Unknown;644227027;3;1;0;247;1460;4140;0;0;0;10
115;91;153;146;65;254;127;222;s;win;Windows;XP;3473552393;3;0;0;107;1460;65535;2;0;0;1
24;207;139;216;128;252;6;39;s;unix;Mac OS X;10.x;409617867;3;1;0;53;1460;65535;2;3;0;1
208;111;168;6;128;252;110;201;?;unkn;Unknown;Unknown;1809663017;3;0;0;58;1380;65535;0;4;0;10
222;168;184;247;128;252;19;19;s;win;Windows;XP;85765585;3;0;0;44;1440;65535;2;0;0;1
116;12;58;253;128;252;102;207;s;unix;Mac OS X;10.x;409617867;3;1;0;47;1440;65535;2;3;0;1
37;1;144;20;128;252;110;206;s;unix;Linux;3.x;2776361117;1;0;0;53;1460;14600;1;8;0;2
93;184;216;229;65;254;127;184;s;unix;Linux;3.x;1661676545;1;0;0;57;1460;14600;1;6;0;2
83;66;110;161;128;252;105;2;s;win;Windows;7 or 8;85765585;3;0;0;116;1400;8192;2;2;0;1
128;252;105;2;83;66;110;161;?;unkn;Unknown;Unknown;118251589;0;0;0;61;1380;4096;0;0;0;10
61;135;218;32;128;252;110;208;?;unkn;Unknown;Unknown;853641209;1;0;0;47;1460;5792;0;9;0;10
64;236;85;98;128;252;102;190;?;unkn;Unknown;Unknown;85765585;3;0;0;245;1360;8190;0;3;0;10
128;252;102;228;207;46;198;117;s;unix;iOS;iPhone or iPad;409617867;3;1;0;60;1380;65535;2;4;0;1
108;219;102;85;128;252;6;39;s;unix;Mac OS X;10.x;409617867;3;1;0;45;1460;65535;2;3;0;1
116;123;129;160;128;252;102;162;s;win;Windows;7 or 8;3473552393;3;0;0;113;1460;8192;2;0;0;1
178;255;215;66;128;252;202;246;g;unix;Linux;2.2.x-3.x;853641209;3;0;0;50;1380;5840;0;7;0;3
205;251;253;81;128;252;66;11;s;unix;Linux;2.6.x;1661676545;1;0;0;57;1460;5840;1;8;0;2
93;188;35;215;128;252;177;191;s;win;Windows;7 or 8;85765585;3;0;0;110;1460;8192;2;2;0;1
78;38;150;218;128;252;19;19;s;win;Windows;7 or 8;85765585;3;0;0;45;1440;8192;2;2;0;1
173;194;64;104;65;254;127;189;?;unkn;Unknown;Unknown;853641209;0;0;0;49;1430;14180;0;6;0;10
205;251;253;125;128;252;102;190;?;unkn;Unknown;Unknown;853641209;1;0;0;57;1460;5792;0;8;0;10
23;0;165;26;128;252;231;74;?;unkn;Unknown;Unknown;853641209;1;0;0;56;1460;14480;0;1;0;10
205;251;253;21;128;252;102;190;?;unkn;Unknown;Unknown;853641209;1;0;0;57;1460;5792;0;8;0;10
108;90;236;77;128;252;143;174;s;win;Windows;7 or 8;85765585;3;0;0;116;1460;8192;2;8;0;1
123;193;179;118;128;252;19;18;s;win;Windows;7 or 8;85765585;3;0;0;112;1460;8192;2;2;0;1
128;252;110;226;4;28;136;36;s;win;Windows;7 or 8;85765585;3;0;0;125;1380;8192;2;2;0;1
131;179;141;15;128;252;153;27;?;unkn;Unknown;Unknown;853641209;1;0;0;48;1340;14480;0;7;0;10
79;107;64;108;128;252;110;201;s;win;Windows;7 or 8;85765585;3;0;0;115;1452;8192;2;2;0;1
199;101;162;41;128;252;29;10;g;unix;Linux;2.2.x-3.x;853641209;8195;0;0;53;1460;5792;0;7;0;3
128;252;29;10;199;101;162;41;s;unix;OpenBSD;5.x;1809663017;3;0;0;62;1460;16384;2;3;0;0
128;252;80;97;50;97;101;114;s;win;Windows;7 or 8;85765585;3;0;0;125;1380;8192;2;8;0;1
92;140;24;15;128;252;110;214;s;win;Windows;XP;409617867;3;1;0;51;1452;65535;2;1;0;1
17;164;0;39;128;252;110;196;?;unkn;Unknown;Unknown;118251589;3;0;0;245;1360;8190;0;0;0;10
64;31;36;238;128;252;19;18;s;win;Windows;XP;3473552393;3;0;0;54;1460;65535;2;0;0;1
24;84;76;247;128;252;102;208;s;win;Windows;7 or 8;85765585;3;0;0;112;1460;8192;2;2;0;1
50;97;101;114;128;252;80;97;s;unix;Linux;3.x;1661676545;1;0;0;54;1460;14600;1;9;0;2
64;94;107;41;65;254;127;189;s;unix;Linux;2.6.x;2776361117;1;0;0;53;1460;5840;1;7;0;2
50;23;94;74;128;252;155;4;s;unix;Linux;2.6.x;853641209;3;0;0;53;1460;5840;1;7;0;1
128;252;21;205;218;30;103;138;s;win;Windows;XP;118251589;0;0;0;126;1460;16384;2;0;0;1
50;97;149;232;128;252;102;193;s;unix;Linux;2.6.x;1661676545;1;0;0;54;1460;5840;1;9;0;2
107;21;211;180;128;252;118;163;?;unkn;Unknown;Unknown;853641209;1;0;0;47;1460;5792;0;8;0;10
23;21;72;43;65;254;127;189;s;unix;Linux;3.x;1661676545;1;0;0;46;1460;14600;1;8;0;2
174;109;14;94;128;252;110;215;s;unix;Linux;3.x;1661676545;1;0;0;54;1460;14600;1;7;0;2
66;249;73;110;128;252;202;16;g;unix;Linux;2.2.x-3.x;1661676545;0;0;0;49;1430;62920;0;6;0;3
50;18;113;173;128;252;102;199;?;unkn;Unknown;Unknown;853641209;1;0;0;51;1460;14480;0;8;0;10
75;13;128;245;128;252;6;39;s;win;Windows;7 or 8;3473552393;3;0;0;116;1460;8192;2;0;0;1
24;5;33;224;128;252;102;154;s;win;Windows;XP;4032013835;3;1;0;53;1460;65535;2;0;0;1
107;194;116;248;128;252;110;214;s;unix;Mac OS X;10.x;409617867;3;1;0;52;1460;65535;2;3;0;1
199;27;74;131;128;252;102;161;s;unix;Linux;3.x;1661676545;1;0;0;59;1460;14600;1;9;0;2
70;44;198;227;128;252;110;198;s;win;Windows;7 or 8;85765585;3;0;0;117;1460;8192;2;2;0;1
23;23;110;58;128;252;102;194;?;unkn;Unknown;Unknown;853641209;1;0;0;45;1460;14480;0;7;0;10
92;225;36;23;128;252;102;7;?;unkn;Unknown;Unknown;644227027;3;1;0;50;1460;65535;0;2;0;10
199;127;194;185;128;252;101;169;?;unkn;Unknown;Unknown;853641209;1;0;0;57;1460;14480;0;7;0;10
157;55;130;165;128;252;102;188;?;unkn;Unknown;Unknown;853641209;1;0;0;56;1460;14480;0;9;0;10
71;228;74;191;128;252;102;187;s;win;Windows;7 or 8;3473552393;3;0;0;116;1460;8192;2;0;0;1
79;89;193;40;128;252;156;184;g;unix;Linux;2.2.x-3.x;853641209;3;0;0;45;1452;5840;0;2;0;3
128;252;102;218;99;195;15;202;s;unix;iOS;iPhone or iPad;409617867;3;1;0;61;1380;65535;2;4;0;1
50;116;194;24;128;252;102;190;?;unkn;Unknown;Unknown;118251589;3;0;0;246;1360;8190;0;0;0;10
128;252;102;195;117;203;144;32;s;unix;iOS;iPhone or iPad;409617867;3;1;0;61;1380;65535;2;4;0;1
178;255;83;2;65;254;127;182;?;unkn;Unknown;Unknown;853641209;1;0;0;57;1460;5792;0;8;0;10
205;251;253;77;128;252;102;190;?;unkn;Unknown;Unknown;853641209;1;0;0;57;1460;5792;0;8;0;10
173;241;242;43;128;252;102;190;?;unkn;Unknown;Unknown;118251589;3;0;0;246;1360;8190;0;0;0;10
128;252;102;194;23;23;110;58;s;unix;Mac OS X;10.x;409617867;3;1;0;60;1380;65535;2;3;0;1
64;120;60;156;128;252;19;18;s;win;Windows;XP;3473552393;3;0;0;121;1456;65535;2;0;0;1
66;249;73;202;128;252;50;49;g;unix;Linux;2.2.x-3.x;1661676545;0;0;0;49;1430;62920;0;6;0;3
209;132;183;49;128;252;212;187;?;unkn;Unknown;Unknown;409617867;3;1;0;242;1360;4080;0;0;0;10
64;94;43;110;128;252;110;202;s;unix;Linux;2.6.x;1661676545;1;0;0;54;1460;5840;1;8;0;2
23;60;85;29;128;252;102;187;s;unix;Linux;3.x;1661676545;1;0;0;58;1460;14600;1;1;0;2
114;46;113;43;128;252;19;21;g;win;Windows;NT kernel 5.x;85765585;3;0;0;48;1440;65535;2;14;0;2
78;46;106;21;128;252;8;158;s;win;Windows;XP;3473552393;128;0;0;114;1460;65535;2;0;0;1
112;150;70;155;128;252;102;155;s;win;Windows;7 or 8;3473552393;3;0;0;109;1460;8192;2;0;0;1
128;252;110;229;69;171;248;16;s;win;Windows;7 or 8;85765585;3;0;0;125;1380;8192;2;2;0;1
97;91;248;48;128;252;6;39;s;win;Windows;XP;85765585;3;0;0;53;1460;65535;2;0;0;1
1;237;16;10;65;254;127;182;s;unix;Linux;2.0;3473552393;3;0;0;112;1460;16384;2;0;0;1
69;25;24;23;128;252;110;197;?;unkn;Unknown;Unknown;85765585;0;0;0;246;1360;8190;0;4;0;10
72;21;215;232;128;252;102;190;?;unkn;Unknown;Unknown;2776361117;3;0;0;244;1360;8190;0;6;0;10
173;192;115;20;128;252;102;190;?;unkn;Unknown;Unknown;118251589;3;0;0;245;1360;8190;0;0;0;10
220;181;181;229;128;252;102;203;s;unix;Linux;2.4-2.6;3473552393;1;0;0;46;1460;5840;1;0;0;1
63;245;193;62;128;252;102;210;?;unkn;Unknown;Unknown;853641209;1;0;0;50;1460;14480;0;7;0;10
71;194;238;123;128;252;110;204;s;win;Windows;7 or 8;85765585;3;0;0;118;1460;8192;2;8;0;1
12;192;93;53;128;252;202;44;s;unix;FreeBSD;8.x;1809663017;3;0;0;52;1460;65535;2;3;0;1
174;232;16;19;128;252;32;78;s;unix;iOS;iPhone or iPad;409617867;3;1;0;51;1410;65535;2;4;0;1
198;78;201;126;128;252;102;190;?;unkn;Unknown;Unknown;853641209;0;0;0;55;1460;5792;0;7;0;10
208;64;202;69;128;252;102;5;s;unix;Linux;2.6.x;1661676545;1;0;0;53;1460;5840;1;7;0;2
180;183;92;137;128;252;27;189;s;win;Windows;7 or 8;85765585;3;0;0;113;1360;8192;2;8;0;1
128;252;27;189;180;183;92;137;?;unkn;Unknown;Unknown;1661676545;1;0;0;61;1380;14600;0;7;0;10
171;107;197;22;65;254;127;182;s;win;Windows;7 or 8;85765585;3;0;0;47;1440;8192;2;2;0;1
188;50;95;117;128;252;110;196;s;win;Windows;7 or 8;3473552393;3;0;0;114;1442;8192;2;0;0;1
72;32;117;60;128;252;88;241;s;unix;Linux;2.6.x;1661676545;1;0;0;52;1460;5840;1;9;0;2
98;183;142;51;128;252;110;206;s;win;Windows;7 or 8;85765585;3;0;0;53;1460;8192;2;8;0;1
64;212;198;18;128;252;102;155;?;unkn;Unknown;Unknown;853641209;1;0;0;59;1460;14480;0;4;0;10
157;55;235;151;128;252;102;188;?;unkn;Unknown;Unknown;853641209;1;0;0;54;1460;14480;0;9;0;10
75;167;255;118;128;252;6;56;s;win;Windows;7 or 8;85765585;3;0;0;118;1452;8192;2;2;0;1
66;235;155;19;128;252;88;241;?;unkn;Unknown;Unknown;644227027;3;1;0;246;1460;4140;0;0;0;10
59;33;254;218;128;252;199;248;s;unix;Mac OS X;10.x;4146123721;4099;0;0;47;1380;65535;2;3;0;1
66;235;143;118;128;252;88;241;?;unkn;Unknown;Unknown;644227027;3;1;0;246;1460;4140;0;0;0;10
128;252;102;184;23;0;165;10;s;win;Windows;7 or 8;85765585;3;0;0;124;1380;8192;2;2;0;1
199;38;164;150;128;252;110;201;?;unkn;Unknown;Unknown;644227027;3;1;0;244;1460;4140;0;0;0;10
111;221;77;147;128;252;102;188;?;unkn;Unknown;Unknown;853641209;1;0;0;49;1460;14480;0;9;0;10
108;61;19;115;128;252;110;206;?;unkn;Unknown;Unknown;853641209;1;0;0;55;1460;65160;0;11;0;10
82;131;34;98;128;252;212;60;s;win;Windows;7 or 8;85765585;3;0;0;119;1464;8192;2;2;0;1
17;171;60;16;65;254;127;184;?;unkn;Unknown;Unknown;3473552393;3;0;0;247;1360;8190;0;0;0;10
23;23;169;39;128;252;231;145;?;unkn;Unknown;Unknown;853641209;1;0;0;45;1460;14480;0;8;0;10
69;203;133;133;128;252;102;195;g;unix;Linux;2.2.x-3.x (barebone;85765585;3;0;0;116;1460;64240;0;0;0;2
128;252;110;198;64;94;107;63;s;unix;Mac OS X;10.x;409617867;3;1;0;61;1380;65535;2;3;0;1
67;215;237;180;128;252;110;206;?;unkn;Unknown;Unknown;1809663017;3;0;0;118;1380;8192;0;3;0;10
128;252;78;125;206;55;122;121;s;win;Windows;7 or 8;3473552393;3;0;0;126;1380;8192;2;0;0;1
111;221;74;21;128;252;102;188;?;unkn;Unknown;Unknown;853641209;1;0;0;48;1460;14480;0;9;0;10
112;90;143;156;128;252;110;208;s;unix;Linux;2.6.x;1661676545;1;0;0;46;1400;5600;1;2;0;2
109;65;221;25;128;252;102;195;s;win;Windows;7 or 8;1809663017;3;0;0;115;1452;8192;2;8;0;1
108;168;159;136;128;252;102;187;?;unkn;Unknown;Unknown;853641209;1;0;0;54;1460;14480;0;5;0;10
17;164;0;75;128;252;102;188;?;unkn;Unknown;Unknown;118251589;3;0;0;246;1360;8190;0;0;0;10
109;77;4;116;128;252;110;212;s;win;Windows;7 or 8;3473552393;3;0;0;117;1412;8192;2;0;0;1
128;252;102;160;107;6;111;133;g;unix;Linux;2.2.x-3.x;853641209;3;0;0;60;1380;5840;0;4;0;3
67;177;145;112;128;252;102;201;s;win;Windows;7 or 8;3473552393;3;0;0;118;1460;8192;2;0;0;1
221;204;188;72;128;252;20;193;s;win;Windows;XP;3473552393;0;0;0;112;1460;16384;2;0;0;1
128;252;35;61;67;202;94;93;s;unix;Linux;3.x;853641209;3;0;0;62;1460;14600;1;7;0;1
206;55;122;121;128;252;78;125;s;unix;Linux;2.4-2.6;3473552393;1;0;0;49;1460;5840;1;0;0;1
216;219;116;244;128;252;226;193;?;unkn;Unknown;Unknown;118251589;3;0;0;241;1360;8190;0;0;0;10
67;202;94;93;128;252;35;61;?;unkn;Unknown;Unknown;853641209;1;0;0;55;1460;2896;0;1;0;10
142;4;117;20;128;252;19;18;s;win;Windows;XP;3473552393;3;0;0;117;1460;65535;2;0;0;1
128;252;102;158;50;18;23;81;s;win;Windows;7 or 8;85765585;3;0;0;124;1380;8192;2;2;0;1
74;86;56;202;128;252;176;137;s;win;Windows;XP;3473552393;3;0;0;118;1460;65535;2;0;0;1
27;130;83;21;128;252;110;214;s;win;Windows;XP;409617867;3;1;0;51;1400;65535;2;1;0;1
95;211;211;102;65;254;127;184;?;unkn;Unknown;Unknown;853641209;1;0;0;55;1460;14480;0;7;0;10
108;62;17;238;128;252;19;18;s;win;Windows;XP;3473552393;3;0;0;119;1456;65535;2;0;0;1
180;76;5;191;128;252;50;49;s;unix;Linux;2.6.x;3534738933;3;0;0;46;1460;5840;1;7;0;1
4;53;202;10;128;252;110;202;s;win;Windows;7 or 8;3473552393;3;0;0;118;1460;8192;2;0;0;1
54;243;154;237;128;252;102;2;?;unkn;Unknown;Unknown;853641209;1;0;0;47;1460;5792;0;8;0;10
38;117;232;58;128;252;0;9;g;unix;Linux;2.2.x-3.x (barebone;118251589;3;0;0;247;1380;8188;0;0;0;2
99;60;150;254;128;252;102;173;s;win;Windows;7 or 8;85765585;3;0;0;51;1460;8192;2;2;0;1
108;206;13;219;128;252;6;39;s;unix;Mac OS X;10.x;409617867;3;1;0;52;1460;65535;2;3;0;1
58;164;160;28;128;252;110;214;s;win;Windows;XP;409617867;3;1;0;48;1460;65535;2;1;0;1
111;246;197;158;65;254;127;182;s;win;Windows;7 or 8;85765585;3;0;0;108;1440;8192;2;2;0;1
184;73;238;150;128;252;102;188;?;unkn;Unknown;Unknown;853641209;1;0;0;45;1460;14480;0;8;0;10
202;108;35;48;128;252;102;86;?;unkn;Unknown;Unknown;853641209;0;0;0;50;1460;5792;0;7;0;10
50;18;23;81;128;252;102;158;s;unix;Linux;2.6.x;1661676545;1;0;0;51;1460;5840;1;7;0;2
17;158;36;54;128;252;102;213;?;unkn;Unknown;Unknown;118251589;3;0;0;243;1360;8190;0;0;0;10
46;143;237;246;128;252;21;83;s;win;Windows;XP;3473552393;3;0;0;102;1452;65535;2;0;0;1
173;241;244;7;128;252;102;187;?;unkn;Unknown;Unknown;118251589;3;0;0;245;1360;8190;0;0;0;10
69;25;24;24;128;252;102;187;?;unkn;Unknown;Unknown;85765585;0;0;0;246;1360;8190;0;4;0;10
64;94;46;193;128;252;205;3;s;win;Windows;7 or 8;1809663017;3;0;0;117;1410;8192;2;8;0;1
83;84;166;158;128;252;110;205;s;win;Windows;7 or 8;85765585;3;0;0;112;1460;8192;2;2;0;1
50;66;92;121;128;252;102;184;s;win;Windows;7 or 8;3473552393;3;0;0;113;1460;8192;2;0;0;1
184;20;157;3;128;252;6;39;s;win;Windows;7 or 8;85765585;3;0;0;113;1460;8192;2;8;0;1
219;142;78;60;128;252;102;86;?;unkn;Unknown;Unknown;853641209;0;0;0;47;1460;5792;0;7;0;10
173;194;77;103;128;252;102;164;s;unix;Linux;3.x;1661676545;0;0;0;49;1430;14300;1;6;0;2
128;252;102;169;107;21;121;200;s;win;Windows;7 or 8;3473552393;3;0;0;124;1380;8192;2;0;0;1
70;36;180;248;128;252;110;204;s;win;Windows;XP;85765585;3;0;0;114;1460;65535;2;0;0;1
93;187;81;35;128;252;202;44;?;unkn;Unknown;Unknown;4146123721;4096;0;0;116;1380;64240;0;0;0;10
71;164;180;236;128;252;110;215;s;unix;FreeBSD;8.x;644227027;3;1;0;54;1460;65535;2;3;0;1
121;170;139;239;65;254;127;182;s;win;Windows;7 or 8;85765585;3;0;0;107;1460;8192;2;2;0;1
208;120;36;38;128;252;102;201;s;unix;Mac OS X;10.x;85765585;3;0;0;36;1452;65535;2;3;0;1
208;111;170;25;128;252;102;182;?;unkn;Unknown;Unknown;1809663017;3;0;0;58;1380;65535;0;4;0;10
70;58;21;71;128;252;102;184;s;unix;Mac OS X;10.x;409617867;3;1;0;53;1452;65535;2;3;0;1
69;44;6;34;128;252;6;39;s;win;Windows;XP;4032013835;3;1;0;52;1460;65535;2;0;0;1
107;21;121;200;128;252;102;169;s;unix;Linux;3.x;3473552393;1;0;0;47;1460;14600;1;0;0;1
128;252;110;222;75;73;230;74;s;win;Windows;7 or 8;85765585;3;0;0;124;1380;8192;2;2;0;1
78;231;15;38;128;252;110;214;s;win;Windows;XP;409617867;3;1;0;50;1460;65535;2;1;0;1
216;227;208;181;128;252;202;44;s;unix;Linux;2.4-2.6;3473552393;1;0;0;50;1460;5840;1;0;0;1
70;70;232;68;128;252;110;204;s;win;Windows;7 or 8;85765585;3;0;0;115;1438;8192;2;8;0;1
64;120;60;70;128;252;19;18;s;win;Windows;XP;3473552393;3;0;0;121;1456;65535;2;0;0;1
195;112;194;218;128;252;65;16;s;win;Windows;XP;118251589;0;0;0;52;1460;16384;2;0;0;1
112;67;96;217;128;252;19;19;s;win;Windows;7 or 8;85765585;3;0;0;47;1440;8192;2;0;0;1
66;249;73;83;128;252;177;195;g;unix;Linux;2.2.x-3.x;1661676545;0;0;0;49;1430;62920;0;6;0;3
98;139;225;43;128;252;102;187;?;unkn;Unknown;Unknown;853641209;1;0;0;50;1460;32767;0;11;0;10
216;178;47;37;128;252;102;158;?;unkn;Unknown;Unknown;118251589;3;0;0;244;1360;8190;0;0;0;10
66;194;72;243;128;252;87;152;s;win;Windows;7 or 8;85765585;3;0;0;114;1363;8192;2;8;0;1
24;98;203;195;128;252;102;208;s;win;Windows;7 or 8;3473552393;3;0;0;117;1460;8192;2;0;0;1
